mode: set
github.com/tmoeish/tsq/cmd/tsq/main.go:16.47,18.3 1 0
github.com/tmoeish/tsq/cmd/tsq/main.go:22.13,25.2 2 0
github.com/tmoeish/tsq/cmd/tsq/main.go:27.13,28.42 1 0
github.com/tmoeish/tsq/cmd/tsq/main.go:28.42,31.3 2 0
github.com/tmoeish/tsq/examples/database/category.go:40.53,42.2 1 0
github.com/tmoeish/tsq/examples/database/category_tsq.go:20.13,23.24 1 0
github.com/tmoeish/tsq/examples/database/category_tsq.go:23.24,25.4 1 0
github.com/tmoeish/tsq/examples/database/category_tsq.go:26.30,28.102 1 0
github.com/tmoeish/tsq/examples/database/category_tsq.go:28.102,30.5 1 0
github.com/tmoeish/tsq/examples/database/category_tsq.go:32.4,32.14 1 0
github.com/tmoeish/tsq/examples/database/category_tsq.go:51.90,51.118 1 0
github.com/tmoeish/tsq/examples/database/category_tsq.go:52.105,52.142 1 0
github.com/tmoeish/tsq/examples/database/category_tsq.go:53.86,53.114 1 0
github.com/tmoeish/tsq/examples/database/category_tsq.go:54.91,54.121 1 0
github.com/tmoeish/tsq/examples/database/category_tsq.go:55.97,55.127 1 0
github.com/tmoeish/tsq/examples/database/category_tsq.go:59.34,59.55 1 0
github.com/tmoeish/tsq/examples/database/category_tsq.go:62.41,64.2 1 0
github.com/tmoeish/tsq/examples/database/category_tsq.go:80.22,83.16 3 0
github.com/tmoeish/tsq/examples/database/category_tsq.go:83.16,84.39 1 0
github.com/tmoeish/tsq/examples/database/category_tsq.go:84.39,86.4 1 0
github.com/tmoeish/tsq/examples/database/category_tsq.go:88.3,88.32 1 0
github.com/tmoeish/tsq/examples/database/category_tsq.go:91.2,91.17 1 0
github.com/tmoeish/tsq/examples/database/category_tsq.go:100.22,103.16 3 0
github.com/tmoeish/tsq/examples/database/category_tsq.go:103.16,104.39 1 0
github.com/tmoeish/tsq/examples/database/category_tsq.go:104.39,106.4 1 0
github.com/tmoeish/tsq/examples/database/category_tsq.go:108.3,108.32 1 0
github.com/tmoeish/tsq/examples/database/category_tsq.go:111.2,111.17 1 0
github.com/tmoeish/tsq/examples/database/category_tsq.go:120.24,127.2 2 0
github.com/tmoeish/tsq/examples/database/category_tsq.go:135.24,142.16 3 0
github.com/tmoeish/tsq/examples/database/category_tsq.go:142.16,144.3 1 0
github.com/tmoeish/tsq/examples/database/category_tsq.go:146.2,146.70 1 0
github.com/tmoeish/tsq/examples/database/category_tsq.go:146.70,148.3 1 0
github.com/tmoeish/tsq/examples/database/category_tsq.go:149.2,149.28 1 0
github.com/tmoeish/tsq/examples/database/category_tsq.go:149.28,151.3 1 0
github.com/tmoeish/tsq/examples/database/category_tsq.go:152.2,152.27 1 0
github.com/tmoeish/tsq/examples/database/category_tsq.go:164.9,167.16 3 0
github.com/tmoeish/tsq/examples/database/category_tsq.go:167.16,169.3 1 0
github.com/tmoeish/tsq/examples/database/category_tsq.go:171.2,171.12 1 0
github.com/tmoeish/tsq/examples/database/category_tsq.go:179.9,181.16 2 0
github.com/tmoeish/tsq/examples/database/category_tsq.go:181.16,183.3 1 0
github.com/tmoeish/tsq/examples/database/category_tsq.go:185.2,185.12 1 0
github.com/tmoeish/tsq/examples/database/category_tsq.go:192.9,194.16 2 0
github.com/tmoeish/tsq/examples/database/category_tsq.go:194.16,196.3 1 0
github.com/tmoeish/tsq/examples/database/category_tsq.go:198.2,198.12 1 0
github.com/tmoeish/tsq/examples/database/category_tsq.go:207.24,209.2 1 0
github.com/tmoeish/tsq/examples/database/category_tsq.go:218.36,220.2 1 0
github.com/tmoeish/tsq/examples/database/category_tsq.go:235.18,237.2 1 0
github.com/tmoeish/tsq/examples/database/category_tsq.go:243.24,245.2 1 0
github.com/tmoeish/tsq/examples/database/category_tsq.go:252.36,254.2 1 0
github.com/tmoeish/tsq/examples/database/category_tsq.go:273.22,280.16 4 0
github.com/tmoeish/tsq/examples/database/category_tsq.go:280.16,281.39 1 0
github.com/tmoeish/tsq/examples/database/category_tsq.go:281.39,283.4 1 0
github.com/tmoeish/tsq/examples/database/category_tsq.go:285.3,285.32 1 0
github.com/tmoeish/tsq/examples/database/category_tsq.go:288.2,288.17 1 0
github.com/tmoeish/tsq/examples/database/category_tsq.go:297.22,304.16 4 0
github.com/tmoeish/tsq/examples/database/category_tsq.go:304.16,305.39 1 0
github.com/tmoeish/tsq/examples/database/category_tsq.go:305.39,307.4 1 0
github.com/tmoeish/tsq/examples/database/category_tsq.go:309.3,309.32 1 0
github.com/tmoeish/tsq/examples/database/category_tsq.go:312.2,312.17 1 0
github.com/tmoeish/tsq/examples/database/category_tsq.go:320.17,327.2 3 0
github.com/tmoeish/tsq/examples/database/item_tsq.go:20.13,23.24 1 0
github.com/tmoeish/tsq/examples/database/item_tsq.go:23.24,25.4 1 0
github.com/tmoeish/tsq/examples/database/item_tsq.go:26.30,28.94 1 0
github.com/tmoeish/tsq/examples/database/item_tsq.go:28.94,30.5 1 0
github.com/tmoeish/tsq/examples/database/item_tsq.go:32.4,32.102 1 0
github.com/tmoeish/tsq/examples/database/item_tsq.go:32.102,34.5 1 0
github.com/tmoeish/tsq/examples/database/item_tsq.go:36.4,36.14 1 0
github.com/tmoeish/tsq/examples/database/item_tsq.go:55.81,55.105 1 0
github.com/tmoeish/tsq/examples/database/item_tsq.go:56.94,56.126 1 0
github.com/tmoeish/tsq/examples/database/item_tsq.go:57.77,57.101 1 0
github.com/tmoeish/tsq/examples/database/item_tsq.go:58.82,58.108 1 0
github.com/tmoeish/tsq/examples/database/item_tsq.go:59.83,59.110 1 0
github.com/tmoeish/tsq/examples/database/item_tsq.go:63.30,63.47 1 0
github.com/tmoeish/tsq/examples/database/item_tsq.go:66.37,68.2 1 0
github.com/tmoeish/tsq/examples/database/item_tsq.go:84.18,87.16 3 0
github.com/tmoeish/tsq/examples/database/item_tsq.go:87.16,88.39 1 0
github.com/tmoeish/tsq/examples/database/item_tsq.go:88.39,90.4 1 0
github.com/tmoeish/tsq/examples/database/item_tsq.go:92.3,92.32 1 0
github.com/tmoeish/tsq/examples/database/item_tsq.go:95.2,95.17 1 0
github.com/tmoeish/tsq/examples/database/item_tsq.go:104.18,107.16 3 0
github.com/tmoeish/tsq/examples/database/item_tsq.go:107.16,108.39 1 0
github.com/tmoeish/tsq/examples/database/item_tsq.go:108.39,110.4 1 0
github.com/tmoeish/tsq/examples/database/item_tsq.go:112.3,112.32 1 0
github.com/tmoeish/tsq/examples/database/item_tsq.go:115.2,115.17 1 0
github.com/tmoeish/tsq/examples/database/item_tsq.go:124.20,131.2 2 0
github.com/tmoeish/tsq/examples/database/item_tsq.go:139.20,146.16 3 0
github.com/tmoeish/tsq/examples/database/item_tsq.go:146.16,148.3 1 0
github.com/tmoeish/tsq/examples/database/item_tsq.go:150.2,150.66 1 0
github.com/tmoeish/tsq/examples/database/item_tsq.go:150.66,152.3 1 0
github.com/tmoeish/tsq/examples/database/item_tsq.go:153.2,153.28 1 0
github.com/tmoeish/tsq/examples/database/item_tsq.go:153.28,155.3 1 0
github.com/tmoeish/tsq/examples/database/item_tsq.go:156.2,156.27 1 0
github.com/tmoeish/tsq/examples/database/item_tsq.go:168.9,171.16 3 0
github.com/tmoeish/tsq/examples/database/item_tsq.go:171.16,173.3 1 0
github.com/tmoeish/tsq/examples/database/item_tsq.go:175.2,175.12 1 0
github.com/tmoeish/tsq/examples/database/item_tsq.go:183.9,185.16 2 0
github.com/tmoeish/tsq/examples/database/item_tsq.go:185.16,187.3 1 0
github.com/tmoeish/tsq/examples/database/item_tsq.go:189.2,189.12 1 0
github.com/tmoeish/tsq/examples/database/item_tsq.go:196.9,198.16 2 0
github.com/tmoeish/tsq/examples/database/item_tsq.go:198.16,200.3 1 0
github.com/tmoeish/tsq/examples/database/item_tsq.go:202.2,202.12 1 0
github.com/tmoeish/tsq/examples/database/item_tsq.go:211.20,213.2 1 0
github.com/tmoeish/tsq/examples/database/item_tsq.go:222.32,224.2 1 0
github.com/tmoeish/tsq/examples/database/item_tsq.go:239.18,241.2 1 0
github.com/tmoeish/tsq/examples/database/item_tsq.go:247.20,249.2 1 0
github.com/tmoeish/tsq/examples/database/item_tsq.go:256.32,258.2 1 0
github.com/tmoeish/tsq/examples/database/item_tsq.go:277.18,284.16 4 0
github.com/tmoeish/tsq/examples/database/item_tsq.go:284.16,285.39 1 0
github.com/tmoeish/tsq/examples/database/item_tsq.go:285.39,287.4 1 0
github.com/tmoeish/tsq/examples/database/item_tsq.go:289.3,289.32 1 0
github.com/tmoeish/tsq/examples/database/item_tsq.go:292.2,292.17 1 0
github.com/tmoeish/tsq/examples/database/item_tsq.go:301.18,308.16 4 0
github.com/tmoeish/tsq/examples/database/item_tsq.go:308.16,309.39 1 0
github.com/tmoeish/tsq/examples/database/item_tsq.go:309.39,311.4 1 0
github.com/tmoeish/tsq/examples/database/item_tsq.go:313.3,313.32 1 0
github.com/tmoeish/tsq/examples/database/item_tsq.go:316.2,316.17 1 0
github.com/tmoeish/tsq/examples/database/item_tsq.go:324.17,331.2 3 0
github.com/tmoeish/tsq/examples/database/item_tsq.go:350.18,357.2 3 0
github.com/tmoeish/tsq/examples/database/item_tsq.go:364.20,371.2 3 0
github.com/tmoeish/tsq/examples/database/item_tsq.go:379.32,386.2 3 0
github.com/tmoeish/tsq/examples/database/item_tsq.go:393.20,402.2 3 0
github.com/tmoeish/tsq/examples/database/order.go:45.52,47.2 1 0
github.com/tmoeish/tsq/examples/database/order_tsq.go:20.13,23.24 1 0
github.com/tmoeish/tsq/examples/database/order_tsq.go:23.24,25.4 1 0
github.com/tmoeish/tsq/examples/database/order_tsq.go:26.30,28.101 1 0
github.com/tmoeish/tsq/examples/database/order_tsq.go:28.101,30.5 1 0
github.com/tmoeish/tsq/examples/database/order_tsq.go:31.4,31.129 1 0
github.com/tmoeish/tsq/examples/database/order_tsq.go:31.129,33.5 1 0
github.com/tmoeish/tsq/examples/database/order_tsq.go:35.4,35.14 1 0
github.com/tmoeish/tsq/examples/database/order_tsq.go:59.89,59.118 1 0
github.com/tmoeish/tsq/examples/database/order_tsq.go:60.88,60.113 1 0
github.com/tmoeish/tsq/examples/database/order_tsq.go:61.81,61.106 1 0
github.com/tmoeish/tsq/examples/database/order_tsq.go:62.90,62.119 1 0
github.com/tmoeish/tsq/examples/database/order_tsq.go:63.107,63.142 1 0
github.com/tmoeish/tsq/examples/database/order_tsq.go:64.87,64.115 1 0
github.com/tmoeish/tsq/examples/database/order_tsq.go:65.95,65.124 1 0
github.com/tmoeish/tsq/examples/database/order_tsq.go:66.83,66.109 1 0
github.com/tmoeish/tsq/examples/database/order_tsq.go:67.90,67.119 1 0
github.com/tmoeish/tsq/examples/database/order_tsq.go:68.79,68.103 1 0
github.com/tmoeish/tsq/examples/database/order_tsq.go:72.31,72.49 1 0
github.com/tmoeish/tsq/examples/database/order_tsq.go:75.38,77.2 1 0
github.com/tmoeish/tsq/examples/database/order_tsq.go:80.31,82.2 1 0
github.com/tmoeish/tsq/examples/database/order_tsq.go:98.19,101.16 3 0
github.com/tmoeish/tsq/examples/database/order_tsq.go:101.16,102.39 1 0
github.com/tmoeish/tsq/examples/database/order_tsq.go:102.39,104.4 1 0
github.com/tmoeish/tsq/examples/database/order_tsq.go:106.3,106.32 1 0
github.com/tmoeish/tsq/examples/database/order_tsq.go:109.2,109.17 1 0
github.com/tmoeish/tsq/examples/database/order_tsq.go:118.19,121.16 3 0
github.com/tmoeish/tsq/examples/database/order_tsq.go:121.16,122.39 1 0
github.com/tmoeish/tsq/examples/database/order_tsq.go:122.39,124.4 1 0
github.com/tmoeish/tsq/examples/database/order_tsq.go:126.3,126.32 1 0
github.com/tmoeish/tsq/examples/database/order_tsq.go:129.2,129.17 1 0
github.com/tmoeish/tsq/examples/database/order_tsq.go:138.21,145.2 2 0
github.com/tmoeish/tsq/examples/database/order_tsq.go:153.21,160.16 3 0
github.com/tmoeish/tsq/examples/database/order_tsq.go:160.16,162.3 1 0
github.com/tmoeish/tsq/examples/database/order_tsq.go:164.2,164.68 1 0
github.com/tmoeish/tsq/examples/database/order_tsq.go:164.68,166.3 1 0
github.com/tmoeish/tsq/examples/database/order_tsq.go:167.2,167.28 1 0
github.com/tmoeish/tsq/examples/database/order_tsq.go:167.28,169.3 1 0
github.com/tmoeish/tsq/examples/database/order_tsq.go:170.2,170.27 1 0
github.com/tmoeish/tsq/examples/database/order_tsq.go:190.19,193.16 3 0
github.com/tmoeish/tsq/examples/database/order_tsq.go:193.16,194.39 1 0
github.com/tmoeish/tsq/examples/database/order_tsq.go:194.39,196.4 1 0
github.com/tmoeish/tsq/examples/database/order_tsq.go:198.3,198.32 1 0
github.com/tmoeish/tsq/examples/database/order_tsq.go:201.2,201.17 1 0
github.com/tmoeish/tsq/examples/database/order_tsq.go:210.19,213.16 3 0
github.com/tmoeish/tsq/examples/database/order_tsq.go:213.16,214.39 1 0
github.com/tmoeish/tsq/examples/database/order_tsq.go:214.39,216.4 1 0
github.com/tmoeish/tsq/examples/database/order_tsq.go:218.3,218.32 1 0
github.com/tmoeish/tsq/examples/database/order_tsq.go:221.2,221.17 1 0
github.com/tmoeish/tsq/examples/database/order_tsq.go:230.21,239.16 3 0
github.com/tmoeish/tsq/examples/database/order_tsq.go:239.16,241.3 1 0
github.com/tmoeish/tsq/examples/database/order_tsq.go:242.2,242.18 1 0
github.com/tmoeish/tsq/examples/database/order_tsq.go:251.21,262.16 4 0
github.com/tmoeish/tsq/examples/database/order_tsq.go:262.16,264.3 1 0
github.com/tmoeish/tsq/examples/database/order_tsq.go:265.2,265.68 1 0
github.com/tmoeish/tsq/examples/database/order_tsq.go:265.68,267.3 1 0
github.com/tmoeish/tsq/examples/database/order_tsq.go:268.2,268.28 1 0
github.com/tmoeish/tsq/examples/database/order_tsq.go:268.28,270.3 1 0
github.com/tmoeish/tsq/examples/database/order_tsq.go:271.2,271.27 1 0
github.com/tmoeish/tsq/examples/database/order_tsq.go:283.9,287.16 4 0
github.com/tmoeish/tsq/examples/database/order_tsq.go:287.16,289.3 1 0
github.com/tmoeish/tsq/examples/database/order_tsq.go:291.2,291.12 1 0
github.com/tmoeish/tsq/examples/database/order_tsq.go:299.9,302.16 3 0
github.com/tmoeish/tsq/examples/database/order_tsq.go:302.16,304.3 1 0
github.com/tmoeish/tsq/examples/database/order_tsq.go:306.2,306.12 1 0
github.com/tmoeish/tsq/examples/database/order_tsq.go:313.9,315.16 2 0
github.com/tmoeish/tsq/examples/database/order_tsq.go:315.16,317.3 1 0
github.com/tmoeish/tsq/examples/database/order_tsq.go:319.2,319.12 1 0
github.com/tmoeish/tsq/examples/database/order_tsq.go:328.9,329.13 1 0
github.com/tmoeish/tsq/examples/database/order_tsq.go:329.13,331.3 1 0
github.com/tmoeish/tsq/examples/database/order_tsq.go:331.8,333.3 1 0
github.com/tmoeish/tsq/examples/database/order_tsq.go:334.2,336.16 3 0
github.com/tmoeish/tsq/examples/database/order_tsq.go:336.16,338.3 1 0
github.com/tmoeish/tsq/examples/database/order_tsq.go:340.2,340.12 1 0
github.com/tmoeish/tsq/examples/database/order_tsq.go:349.21,351.2 1 0
github.com/tmoeish/tsq/examples/database/order_tsq.go:360.33,362.2 1 0
github.com/tmoeish/tsq/examples/database/order_tsq.go:377.18,379.2 1 0
github.com/tmoeish/tsq/examples/database/order_tsq.go:385.21,387.2 1 0
github.com/tmoeish/tsq/examples/database/order_tsq.go:394.33,396.2 1 0
github.com/tmoeish/tsq/examples/database/order_tsq.go:412.18,414.2 1 0
github.com/tmoeish/tsq/examples/database/order_tsq.go:420.21,422.2 1 0
github.com/tmoeish/tsq/examples/database/order_tsq.go:429.33,431.2 1 0
github.com/tmoeish/tsq/examples/database/order_tsq.go:456.18,463.2 3 0
github.com/tmoeish/tsq/examples/database/order_tsq.go:470.21,477.2 3 0
github.com/tmoeish/tsq/examples/database/order_tsq.go:485.33,492.2 3 0
github.com/tmoeish/tsq/examples/database/order_tsq.go:499.21,508.2 3 0
github.com/tmoeish/tsq/examples/database/order_tsq.go:524.18,531.2 3 0
github.com/tmoeish/tsq/examples/database/order_tsq.go:538.21,545.2 3 0
github.com/tmoeish/tsq/examples/database/order_tsq.go:553.33,560.2 3 0
github.com/tmoeish/tsq/examples/database/order_tsq.go:578.18,586.2 3 0
github.com/tmoeish/tsq/examples/database/order_tsq.go:594.21,602.2 3 0
github.com/tmoeish/tsq/examples/database/order_tsq.go:611.33,619.2 3 0
github.com/tmoeish/tsq/examples/database/order_tsq.go:627.21,637.2 3 0
github.com/tmoeish/tsq/examples/database/order_tsq.go:644.21,653.2 3 0
github.com/tmoeish/tsq/examples/database/order_tsq.go:673.18,680.2 3 0
github.com/tmoeish/tsq/examples/database/order_tsq.go:687.21,694.2 3 0
github.com/tmoeish/tsq/examples/database/order_tsq.go:702.33,709.2 3 0
github.com/tmoeish/tsq/examples/database/order_tsq.go:716.21,726.2 3 0
github.com/tmoeish/tsq/examples/database/order_tsq.go:743.18,750.2 3 0
github.com/tmoeish/tsq/examples/database/order_tsq.go:757.21,764.2 3 0
github.com/tmoeish/tsq/examples/database/order_tsq.go:772.33,779.2 3 0
github.com/tmoeish/tsq/examples/database/order_tsq.go:798.18,806.2 3 0
github.com/tmoeish/tsq/examples/database/order_tsq.go:814.21,822.2 3 0
github.com/tmoeish/tsq/examples/database/order_tsq.go:831.33,839.2 3 0
github.com/tmoeish/tsq/examples/database/order_tsq.go:847.21,858.2 3 0
github.com/tmoeish/tsq/examples/database/order_tsq.go:865.21,875.2 3 0
github.com/tmoeish/tsq/examples/database/org_tsq.go:20.13,23.24 1 0
github.com/tmoeish/tsq/examples/database/org_tsq.go:23.24,25.4 1 0
github.com/tmoeish/tsq/examples/database/org_tsq.go:26.30,28.92 1 0
github.com/tmoeish/tsq/examples/database/org_tsq.go:28.92,30.5 1 0
github.com/tmoeish/tsq/examples/database/org_tsq.go:32.4,32.14 1 0
github.com/tmoeish/tsq/examples/database/org_tsq.go:49.73,49.96 1 0
github.com/tmoeish/tsq/examples/database/org_tsq.go:50.69,50.92 1 0
github.com/tmoeish/tsq/examples/database/org_tsq.go:51.74,51.99 1 0
github.com/tmoeish/tsq/examples/database/org_tsq.go:55.29,55.45 1 0
github.com/tmoeish/tsq/examples/database/org_tsq.go:58.36,60.2 1 0
github.com/tmoeish/tsq/examples/database/org_tsq.go:76.17,79.16 3 0
github.com/tmoeish/tsq/examples/database/org_tsq.go:79.16,80.39 1 0
github.com/tmoeish/tsq/examples/database/org_tsq.go:80.39,82.4 1 0
github.com/tmoeish/tsq/examples/database/org_tsq.go:84.3,84.32 1 0
github.com/tmoeish/tsq/examples/database/org_tsq.go:87.2,87.17 1 0
github.com/tmoeish/tsq/examples/database/org_tsq.go:96.17,99.16 3 0
github.com/tmoeish/tsq/examples/database/org_tsq.go:99.16,100.39 1 0
github.com/tmoeish/tsq/examples/database/org_tsq.go:100.39,102.4 1 0
github.com/tmoeish/tsq/examples/database/org_tsq.go:104.3,104.32 1 0
github.com/tmoeish/tsq/examples/database/org_tsq.go:107.2,107.17 1 0
github.com/tmoeish/tsq/examples/database/org_tsq.go:116.19,123.2 2 0
github.com/tmoeish/tsq/examples/database/org_tsq.go:131.19,138.16 3 0
github.com/tmoeish/tsq/examples/database/org_tsq.go:138.16,140.3 1 0
github.com/tmoeish/tsq/examples/database/org_tsq.go:142.2,142.65 1 0
github.com/tmoeish/tsq/examples/database/org_tsq.go:142.65,144.3 1 0
github.com/tmoeish/tsq/examples/database/org_tsq.go:145.2,145.28 1 0
github.com/tmoeish/tsq/examples/database/org_tsq.go:145.28,147.3 1 0
github.com/tmoeish/tsq/examples/database/org_tsq.go:148.2,148.27 1 0
github.com/tmoeish/tsq/examples/database/org_tsq.go:160.9,163.16 3 0
github.com/tmoeish/tsq/examples/database/org_tsq.go:163.16,165.3 1 0
github.com/tmoeish/tsq/examples/database/org_tsq.go:167.2,167.12 1 0
github.com/tmoeish/tsq/examples/database/org_tsq.go:175.9,177.16 2 0
github.com/tmoeish/tsq/examples/database/org_tsq.go:177.16,179.3 1 0
github.com/tmoeish/tsq/examples/database/org_tsq.go:181.2,181.12 1 0
github.com/tmoeish/tsq/examples/database/org_tsq.go:188.9,190.16 2 0
github.com/tmoeish/tsq/examples/database/org_tsq.go:190.16,192.3 1 0
github.com/tmoeish/tsq/examples/database/org_tsq.go:194.2,194.12 1 0
github.com/tmoeish/tsq/examples/database/org_tsq.go:203.19,205.2 1 0
github.com/tmoeish/tsq/examples/database/org_tsq.go:214.31,216.2 1 0
github.com/tmoeish/tsq/examples/database/org_tsq.go:231.18,233.2 1 0
github.com/tmoeish/tsq/examples/database/org_tsq.go:239.19,241.2 1 0
github.com/tmoeish/tsq/examples/database/org_tsq.go:248.31,250.2 1 0
github.com/tmoeish/tsq/examples/database/org_tsq.go:269.17,276.16 4 0
github.com/tmoeish/tsq/examples/database/org_tsq.go:276.16,277.39 1 0
github.com/tmoeish/tsq/examples/database/org_tsq.go:277.39,279.4 1 0
github.com/tmoeish/tsq/examples/database/org_tsq.go:281.3,281.32 1 0
github.com/tmoeish/tsq/examples/database/org_tsq.go:284.2,284.17 1 0
github.com/tmoeish/tsq/examples/database/org_tsq.go:293.17,300.16 4 0
github.com/tmoeish/tsq/examples/database/org_tsq.go:300.16,301.39 1 0
github.com/tmoeish/tsq/examples/database/org_tsq.go:301.39,303.4 1 0
github.com/tmoeish/tsq/examples/database/org_tsq.go:305.3,305.32 1 0
github.com/tmoeish/tsq/examples/database/org_tsq.go:308.2,308.17 1 0
github.com/tmoeish/tsq/examples/database/org_tsq.go:316.17,323.2 3 0
github.com/tmoeish/tsq/examples/database/user_tsq.go:20.13,23.24 1 0
github.com/tmoeish/tsq/examples/database/user_tsq.go:23.24,25.4 1 0
github.com/tmoeish/tsq/examples/database/user_tsq.go:26.30,28.94 1 0
github.com/tmoeish/tsq/examples/database/user_tsq.go:28.94,30.5 1 0
github.com/tmoeish/tsq/examples/database/user_tsq.go:32.4,32.14 1 0
github.com/tmoeish/tsq/examples/database/user_tsq.go:51.76,51.100 1 0
github.com/tmoeish/tsq/examples/database/user_tsq.go:52.79,52.106 1 0
github.com/tmoeish/tsq/examples/database/user_tsq.go:53.72,53.96 1 0
github.com/tmoeish/tsq/examples/database/user_tsq.go:54.77,54.103 1 0
github.com/tmoeish/tsq/examples/database/user_tsq.go:55.80,55.107 1 0
github.com/tmoeish/tsq/examples/database/user_tsq.go:59.30,59.47 1 0
github.com/tmoeish/tsq/examples/database/user_tsq.go:62.37,64.2 1 0
github.com/tmoeish/tsq/examples/database/user_tsq.go:80.18,83.16 3 0
github.com/tmoeish/tsq/examples/database/user_tsq.go:83.16,84.39 1 0
github.com/tmoeish/tsq/examples/database/user_tsq.go:84.39,86.4 1 0
github.com/tmoeish/tsq/examples/database/user_tsq.go:88.3,88.32 1 0
github.com/tmoeish/tsq/examples/database/user_tsq.go:91.2,91.17 1 0
github.com/tmoeish/tsq/examples/database/user_tsq.go:100.18,103.16 3 0
github.com/tmoeish/tsq/examples/database/user_tsq.go:103.16,104.39 1 0
github.com/tmoeish/tsq/examples/database/user_tsq.go:104.39,106.4 1 0
github.com/tmoeish/tsq/examples/database/user_tsq.go:108.3,108.32 1 0
github.com/tmoeish/tsq/examples/database/user_tsq.go:111.2,111.17 1 0
github.com/tmoeish/tsq/examples/database/user_tsq.go:120.20,127.2 2 0
github.com/tmoeish/tsq/examples/database/user_tsq.go:135.20,142.16 3 0
github.com/tmoeish/tsq/examples/database/user_tsq.go:142.16,144.3 1 0
github.com/tmoeish/tsq/examples/database/user_tsq.go:146.2,146.66 1 0
github.com/tmoeish/tsq/examples/database/user_tsq.go:146.66,148.3 1 0
github.com/tmoeish/tsq/examples/database/user_tsq.go:149.2,149.28 1 0
github.com/tmoeish/tsq/examples/database/user_tsq.go:149.28,151.3 1 0
github.com/tmoeish/tsq/examples/database/user_tsq.go:152.2,152.27 1 0
github.com/tmoeish/tsq/examples/database/user_tsq.go:164.9,167.16 3 0
github.com/tmoeish/tsq/examples/database/user_tsq.go:167.16,169.3 1 0
github.com/tmoeish/tsq/examples/database/user_tsq.go:171.2,171.12 1 0
github.com/tmoeish/tsq/examples/database/user_tsq.go:179.9,181.16 2 0
github.com/tmoeish/tsq/examples/database/user_tsq.go:181.16,183.3 1 0
github.com/tmoeish/tsq/examples/database/user_tsq.go:185.2,185.12 1 0
github.com/tmoeish/tsq/examples/database/user_tsq.go:192.9,194.16 2 0
github.com/tmoeish/tsq/examples/database/user_tsq.go:194.16,196.3 1 0
github.com/tmoeish/tsq/examples/database/user_tsq.go:198.2,198.12 1 0
github.com/tmoeish/tsq/examples/database/user_tsq.go:207.20,209.2 1 0
github.com/tmoeish/tsq/examples/database/user_tsq.go:218.32,220.2 1 0
github.com/tmoeish/tsq/examples/database/user_tsq.go:235.18,237.2 1 0
github.com/tmoeish/tsq/examples/database/user_tsq.go:243.20,245.2 1 0
github.com/tmoeish/tsq/examples/database/user_tsq.go:252.32,254.2 1 0
github.com/tmoeish/tsq/examples/database/user_tsq.go:273.18,280.16 4 0
github.com/tmoeish/tsq/examples/database/user_tsq.go:280.16,281.39 1 0
github.com/tmoeish/tsq/examples/database/user_tsq.go:281.39,283.4 1 0
github.com/tmoeish/tsq/examples/database/user_tsq.go:285.3,285.32 1 0
github.com/tmoeish/tsq/examples/database/user_tsq.go:288.2,288.17 1 0
github.com/tmoeish/tsq/examples/database/user_tsq.go:297.18,304.16 4 0
github.com/tmoeish/tsq/examples/database/user_tsq.go:304.16,305.39 1 0
github.com/tmoeish/tsq/examples/database/user_tsq.go:305.39,307.4 1 0
github.com/tmoeish/tsq/examples/database/user_tsq.go:309.3,309.32 1 0
github.com/tmoeish/tsq/examples/database/user_tsq.go:312.2,312.17 1 0
github.com/tmoeish/tsq/examples/database/user_tsq.go:320.17,327.2 3 0
github.com/tmoeish/tsq/examples/database/userorder.go:39.37,75.2 3 0
github.com/tmoeish/tsq/examples/database/userorder_dto_tsq.go:13.67,15.3 1 0
github.com/tmoeish/tsq/examples/database/userorder_dto_tsq.go:16.55,18.3 1 0
github.com/tmoeish/tsq/examples/database/userorder_dto_tsq.go:19.59,21.3 1 0
github.com/tmoeish/tsq/examples/database/userorder_dto_tsq.go:22.61,24.3 1 0
github.com/tmoeish/tsq/examples/database/userorder_dto_tsq.go:25.65,27.3 1 0
github.com/tmoeish/tsq/examples/database/userorder_dto_tsq.go:28.58,30.3 1 0
github.com/tmoeish/tsq/examples/database/userorder_dto_tsq.go:31.63,33.3 1 0
github.com/tmoeish/tsq/examples/database/userorder_dto_tsq.go:34.65,36.3 1 0
github.com/tmoeish/tsq/examples/database/userorder_dto_tsq.go:37.59,39.3 1 0
github.com/tmoeish/tsq/examples/database/userorder_dto_tsq.go:40.57,42.3 1 0
github.com/tmoeish/tsq/examples/database/userorder_dto_tsq.go:43.61,45.3 1 0
github.com/tmoeish/tsq/examples/database/userorder_dto_tsq.go:46.55,48.3 1 0
github.com/tmoeish/tsq/examples/database/userorder_dto_tsq.go:49.59,51.3 1 0
github.com/tmoeish/tsq/examples/database/userorder_dto_tsq.go:55.41,71.2 1 0
github.com/tmoeish/tsq/alias.go:22.50,23.23 1 1
github.com/tmoeish/tsq/alias.go:23.23,25.3 1 0
github.com/tmoeish/tsq/alias.go:27.2,28.53 2 1
github.com/tmoeish/tsq/alias.go:28.53,30.3 1 0
github.com/tmoeish/tsq/alias.go:32.2,35.3 1 1
github.com/tmoeish/tsq/alias.go:38.56,40.27 2 0
github.com/tmoeish/tsq/alias.go:40.27,42.3 1 0
github.com/tmoeish/tsq/alias.go:44.2,44.15 1 0
github.com/tmoeish/tsq/alias.go:47.51,48.42 1 0
github.com/tmoeish/tsq/alias.go:48.42,50.3 1 0
github.com/tmoeish/tsq/alias.go:52.2,52.45 1 0
github.com/tmoeish/tsq/alias.go:52.45,54.3 1 0
github.com/tmoeish/tsq/alias.go:56.2,56.12 1 0
github.com/tmoeish/tsq/alias.go:59.38,61.2 1 1
github.com/tmoeish/tsq/alias.go:63.41,65.2 1 0
github.com/tmoeish/tsq/alias.go:67.38,69.2 1 1
github.com/tmoeish/tsq/alias.go:71.46,73.2 1 1
github.com/tmoeish/tsq/alias.go:75.39,76.50 1 1
github.com/tmoeish/tsq/alias.go:76.50,78.3 1 0
github.com/tmoeish/tsq/alias.go:80.2,80.11 1 1
github.com/tmoeish/tsq/alias.go:83.43,84.23 1 1
github.com/tmoeish/tsq/alias.go:84.23,86.3 1 0
github.com/tmoeish/tsq/alias.go:88.2,88.41 1 1
github.com/tmoeish/tsq/alias.go:91.44,92.23 1 1
github.com/tmoeish/tsq/alias.go:92.23,94.3 1 0
github.com/tmoeish/tsq/alias.go:96.2,96.48 1 1
github.com/tmoeish/tsq/alias.go:96.48,98.17 2 1
github.com/tmoeish/tsq/alias.go:98.17,100.4 1 1
github.com/tmoeish/tsq/alias.go:103.2,103.32 1 1
github.com/tmoeish/tsq/alias.go:106.41,107.23 1 1
github.com/tmoeish/tsq/alias.go:107.23,109.3 1 0
github.com/tmoeish/tsq/alias.go:111.2,111.45 1 1
github.com/tmoeish/tsq/alias.go:111.45,113.3 1 1
github.com/tmoeish/tsq/alias.go:115.2,115.11 1 1
github.com/tmoeish/tsq/column.go:44.106,45.23 1 1
github.com/tmoeish/tsq/column.go:45.23,52.3 1 1
github.com/tmoeish/tsq/column.go:54.2,60.3 1 1
github.com/tmoeish/tsq/column.go:68.31,70.2 1 1
github.com/tmoeish/tsq/column.go:73.31,75.2 1 1
github.com/tmoeish/tsq/column.go:78.40,80.2 1 1
github.com/tmoeish/tsq/column.go:83.40,85.2 1 1
github.com/tmoeish/tsq/column.go:88.45,90.2 1 1
github.com/tmoeish/tsq/column.go:92.43,94.2 1 1
github.com/tmoeish/tsq/column.go:103.47,104.23 1 1
github.com/tmoeish/tsq/column.go:104.23,107.3 2 0
github.com/tmoeish/tsq/column.go:109.2,109.19 1 1
github.com/tmoeish/tsq/column.go:109.19,112.3 2 1
github.com/tmoeish/tsq/column.go:114.2,125.3 1 1
github.com/tmoeish/tsq/column.go:129.41,131.2 1 1
github.com/tmoeish/tsq/column.go:135.79,136.25 1 1
github.com/tmoeish/tsq/column.go:136.25,149.3 1 1
github.com/tmoeish/tsq/column.go:151.2,162.3 1 1
github.com/tmoeish/tsq/column.go:165.40,167.2 1 1
github.com/tmoeish/tsq/column.go:169.36,171.2 1 1
github.com/tmoeish/tsq/column.go:173.47,176.2 2 0
github.com/tmoeish/tsq/column.go:178.46,180.2 1 1
github.com/tmoeish/tsq/column.go:182.45,184.2 1 1
github.com/tmoeish/tsq/condition.go:30.35,31.21 1 1
github.com/tmoeish/tsq/condition.go:31.21,33.3 1 1
github.com/tmoeish/tsq/condition.go:35.2,38.26 3 1
github.com/tmoeish/tsq/condition.go:38.26,40.17 2 1
github.com/tmoeish/tsq/condition.go:40.17,42.4 1 1
github.com/tmoeish/tsq/condition.go:44.3,44.33 1 0
github.com/tmoeish/tsq/condition.go:44.33,46.4 1 0
github.com/tmoeish/tsq/condition.go:48.3,48.36 1 0
github.com/tmoeish/tsq/condition.go:51.2,55.3 1 0
github.com/tmoeish/tsq/condition.go:59.34,60.21 1 1
github.com/tmoeish/tsq/condition.go:60.21,62.3 1 1
github.com/tmoeish/tsq/condition.go:64.2,67.26 3 1
github.com/tmoeish/tsq/condition.go:67.26,69.17 2 1
github.com/tmoeish/tsq/condition.go:69.17,71.4 1 1
github.com/tmoeish/tsq/condition.go:73.3,73.33 1 0
github.com/tmoeish/tsq/condition.go:73.33,75.4 1 0
github.com/tmoeish/tsq/condition.go:77.3,77.36 1 0
github.com/tmoeish/tsq/condition.go:80.2,84.3 1 0
github.com/tmoeish/tsq/condition.go:110.41,112.2 1 1
github.com/tmoeish/tsq/condition.go:114.31,116.2 1 1
github.com/tmoeish/tsq/condition.go:118.34,120.2 1 1
github.com/tmoeish/tsq/condition.go:122.28,124.2 1 1
github.com/tmoeish/tsq/condition.go:126.34,128.2 1 1
github.com/tmoeish/tsq/condition.go:134.38,134.76 1 1
github.com/tmoeish/tsq/condition.go:135.38,135.77 1 0
github.com/tmoeish/tsq/condition.go:136.38,136.76 1 0
github.com/tmoeish/tsq/condition.go:137.38,137.77 1 0
github.com/tmoeish/tsq/condition.go:138.38,138.76 1 0
github.com/tmoeish/tsq/condition.go:139.38,139.77 1 0
github.com/tmoeish/tsq/condition.go:140.38,140.97 1 1
github.com/tmoeish/tsq/condition.go:141.38,141.98 1 0
github.com/tmoeish/tsq/condition.go:142.38,142.95 1 0
github.com/tmoeish/tsq/condition.go:143.38,143.96 1 0
github.com/tmoeish/tsq/condition.go:144.38,144.96 1 0
github.com/tmoeish/tsq/condition.go:145.38,145.97 1 0
github.com/tmoeish/tsq/condition.go:146.38,146.94 1 0
github.com/tmoeish/tsq/condition.go:147.38,147.98 1 0
github.com/tmoeish/tsq/condition.go:153.45,153.89 1 1
github.com/tmoeish/tsq/condition.go:154.45,154.90 1 0
github.com/tmoeish/tsq/condition.go:155.45,155.89 1 1
github.com/tmoeish/tsq/condition.go:156.45,156.90 1 0
github.com/tmoeish/tsq/condition.go:157.45,157.89 1 0
github.com/tmoeish/tsq/condition.go:158.45,158.90 1 0
github.com/tmoeish/tsq/condition.go:159.45,159.96 1 0
github.com/tmoeish/tsq/condition.go:160.45,160.100 1 0
github.com/tmoeish/tsq/condition.go:161.45,161.96 1 0
github.com/tmoeish/tsq/condition.go:162.45,162.100 1 0
github.com/tmoeish/tsq/condition.go:163.45,163.100 1 0
github.com/tmoeish/tsq/condition.go:164.45,164.104 1 0
github.com/tmoeish/tsq/condition.go:165.44,167.2 1 0
github.com/tmoeish/tsq/condition.go:169.45,171.2 1 0
github.com/tmoeish/tsq/condition.go:173.51,173.98 1 0
github.com/tmoeish/tsq/condition.go:174.51,174.99 1 0
github.com/tmoeish/tsq/condition.go:175.51,175.98 1 0
github.com/tmoeish/tsq/condition.go:176.51,176.99 1 0
github.com/tmoeish/tsq/condition.go:177.51,177.98 1 0
github.com/tmoeish/tsq/condition.go:178.51,178.99 1 0
github.com/tmoeish/tsq/condition.go:179.51,179.105 1 0
github.com/tmoeish/tsq/condition.go:180.52,182.2 1 0
github.com/tmoeish/tsq/condition.go:183.49,183.103 1 0
github.com/tmoeish/tsq/condition.go:184.50,186.2 1 0
github.com/tmoeish/tsq/condition.go:188.50,190.2 1 0
github.com/tmoeish/tsq/condition.go:192.51,194.2 1 0
github.com/tmoeish/tsq/condition.go:196.51,198.2 1 0
github.com/tmoeish/tsq/condition.go:200.52,202.2 1 0
github.com/tmoeish/tsq/condition.go:204.36,205.20 1 1
github.com/tmoeish/tsq/condition.go:205.20,207.3 1 1
github.com/tmoeish/tsq/condition.go:209.2,209.51 1 1
github.com/tmoeish/tsq/condition.go:212.37,213.20 1 1
github.com/tmoeish/tsq/condition.go:213.20,215.3 1 1
github.com/tmoeish/tsq/condition.go:217.2,217.55 1 0
github.com/tmoeish/tsq/condition.go:220.43,221.20 1 0
github.com/tmoeish/tsq/condition.go:221.20,223.3 1 0
github.com/tmoeish/tsq/condition.go:225.2,225.55 1 0
github.com/tmoeish/tsq/condition.go:228.44,229.20 1 0
github.com/tmoeish/tsq/condition.go:229.20,231.3 1 0
github.com/tmoeish/tsq/condition.go:233.2,233.59 1 0
github.com/tmoeish/tsq/condition.go:235.34,235.70 1 0
github.com/tmoeish/tsq/condition.go:236.34,236.74 1 0
github.com/tmoeish/tsq/condition.go:242.45,242.85 1 0
github.com/tmoeish/tsq/condition.go:243.45,243.86 1 0
github.com/tmoeish/tsq/condition.go:244.45,244.85 1 0
github.com/tmoeish/tsq/condition.go:245.45,245.86 1 0
github.com/tmoeish/tsq/condition.go:246.45,246.85 1 0
github.com/tmoeish/tsq/condition.go:247.45,247.86 1 0
github.com/tmoeish/tsq/condition.go:248.45,248.104 1 1
github.com/tmoeish/tsq/condition.go:249.46,251.2 1 0
github.com/tmoeish/tsq/condition.go:252.45,252.102 1 0
github.com/tmoeish/tsq/condition.go:253.45,253.103 1 0
github.com/tmoeish/tsq/condition.go:254.45,254.103 1 0
github.com/tmoeish/tsq/condition.go:255.45,255.104 1 0
github.com/tmoeish/tsq/condition.go:261.43,261.81 1 0
github.com/tmoeish/tsq/condition.go:262.43,262.82 1 0
github.com/tmoeish/tsq/condition.go:263.43,263.81 1 0
github.com/tmoeish/tsq/condition.go:264.43,264.82 1 0
github.com/tmoeish/tsq/condition.go:265.43,265.81 1 0
github.com/tmoeish/tsq/condition.go:266.43,266.82 1 0
github.com/tmoeish/tsq/condition.go:267.43,267.84 1 0
github.com/tmoeish/tsq/condition.go:268.43,268.88 1 0
github.com/tmoeish/tsq/condition.go:269.43,269.82 1 1
github.com/tmoeish/tsq/condition.go:270.43,270.86 1 0
github.com/tmoeish/tsq/condition.go:271.44,273.16 2 1
github.com/tmoeish/tsq/condition.go:273.16,275.3 1 0
github.com/tmoeish/tsq/condition.go:277.2,277.43 1 1
github.com/tmoeish/tsq/condition.go:280.45,282.16 2 0
github.com/tmoeish/tsq/condition.go:282.16,284.3 1 0
github.com/tmoeish/tsq/condition.go:286.2,286.47 1 0
github.com/tmoeish/tsq/condition.go:288.42,288.96 1 1
github.com/tmoeish/tsq/condition.go:289.42,289.100 1 0
github.com/tmoeish/tsq/condition.go:296.56,297.65 1 1
github.com/tmoeish/tsq/condition.go:297.65,299.3 1 1
github.com/tmoeish/tsq/condition.go:301.2,302.16 2 1
github.com/tmoeish/tsq/condition.go:302.16,304.3 1 0
github.com/tmoeish/tsq/condition.go:306.2,309.27 2 1
github.com/tmoeish/tsq/condition.go:309.27,310.34 1 1
github.com/tmoeish/tsq/condition.go:310.34,312.18 2 0
github.com/tmoeish/tsq/condition.go:312.18,314.5 1 0
github.com/tmoeish/tsq/condition.go:316.4,316.33 1 0
github.com/tmoeish/tsq/condition.go:321.2,324.27 3 1
github.com/tmoeish/tsq/condition.go:324.27,326.52 2 1
github.com/tmoeish/tsq/condition.go:326.52,328.4 1 1
github.com/tmoeish/tsq/condition.go:330.3,330.47 1 1
github.com/tmoeish/tsq/condition.go:333.2,337.3 1 1
github.com/tmoeish/tsq/condition.go:340.48,342.16 2 0
github.com/tmoeish/tsq/condition.go:342.16,344.3 1 0
github.com/tmoeish/tsq/condition.go:346.2,349.3 1 0
github.com/tmoeish/tsq/condition.go:352.37,357.2 1 1
github.com/tmoeish/tsq/condition.go:359.58,361.2 1 1
github.com/tmoeish/tsq/condition.go:363.57,368.2 1 1
github.com/tmoeish/tsq/condition.go:370.69,371.33 1 1
github.com/tmoeish/tsq/condition.go:371.33,373.3 1 1
github.com/tmoeish/tsq/condition.go:375.2,376.16 2 1
github.com/tmoeish/tsq/condition.go:376.16,378.3 1 1
github.com/tmoeish/tsq/condition.go:380.2,380.32 1 1
github.com/tmoeish/tsq/condition.go:380.32,386.3 1 1
github.com/tmoeish/tsq/condition.go:388.2,388.12 1 1
github.com/tmoeish/tsq/condition.go:405.40,405.53 1 0
github.com/tmoeish/tsq/condition.go:406.40,406.54 1 0
github.com/tmoeish/tsq/condition.go:407.45,409.2 1 1
github.com/tmoeish/tsq/condition.go:414.43,414.57 1 1
github.com/tmoeish/tsq/condition.go:415.43,415.78 1 1
github.com/tmoeish/tsq/condition.go:425.41,427.2 1 0
github.com/tmoeish/tsq/condition.go:429.40,431.2 1 0
github.com/tmoeish/tsq/condition.go:433.47,435.31 2 1
github.com/tmoeish/tsq/condition.go:435.31,437.3 1 0
github.com/tmoeish/tsq/condition.go:439.2,442.25 3 1
github.com/tmoeish/tsq/condition.go:442.25,444.55 2 1
github.com/tmoeish/tsq/condition.go:444.55,446.4 1 1
github.com/tmoeish/tsq/condition.go:448.3,449.22 2 0
github.com/tmoeish/tsq/condition.go:452.2,455.3 1 0
github.com/tmoeish/tsq/condition.go:463.38,463.55 1 1
github.com/tmoeish/tsq/condition.go:464.38,464.78 1 1
github.com/tmoeish/tsq/condition.go:466.33,467.54 1 1
github.com/tmoeish/tsq/condition.go:467.54,469.3 1 1
github.com/tmoeish/tsq/condition.go:471.2,471.53 1 1
github.com/tmoeish/tsq/condition.go:474.39,476.2 1 1
github.com/tmoeish/tsq/condition.go:478.36,480.16 2 1
github.com/tmoeish/tsq/condition.go:480.16,482.3 1 1
github.com/tmoeish/tsq/condition.go:484.2,484.34 1 1
github.com/tmoeish/tsq/condition.go:487.43,489.31 2 0
github.com/tmoeish/tsq/condition.go:489.31,491.3 1 0
github.com/tmoeish/tsq/condition.go:493.2,494.25 2 0
github.com/tmoeish/tsq/condition.go:494.25,496.17 2 0
github.com/tmoeish/tsq/condition.go:496.17,498.4 1 0
github.com/tmoeish/tsq/condition.go:500.3,500.18 1 0
github.com/tmoeish/tsq/condition.go:503.2,503.55 1 0
github.com/tmoeish/tsq/condition.go:507.47,508.25 1 1
github.com/tmoeish/tsq/condition.go:509.18,510.11 1 1
github.com/tmoeish/tsq/condition.go:511.14,512.81 1 0
github.com/tmoeish/tsq/condition.go:513.14,515.17 2 1
github.com/tmoeish/tsq/condition.go:515.17,517.4 1 1
github.com/tmoeish/tsq/condition.go:519.3,519.55 1 0
github.com/tmoeish/tsq/condition.go:520.10,521.20 1 1
github.com/tmoeish/tsq/condition.go:526.47,527.41 1 1
github.com/tmoeish/tsq/condition.go:527.41,529.3 1 1
github.com/tmoeish/tsq/condition.go:531.2,531.44 1 1
github.com/tmoeish/tsq/condition.go:534.47,537.27 2 1
github.com/tmoeish/tsq/condition.go:537.27,539.3 1 1
github.com/tmoeish/tsq/condition.go:541.2,541.15 1 1
github.com/tmoeish/tsq/condition.go:544.53,547.29 2 1
github.com/tmoeish/tsq/condition.go:547.29,548.18 1 1
github.com/tmoeish/tsq/condition.go:548.18,549.12 1 0
github.com/tmoeish/tsq/condition.go:552.3,552.42 1 1
github.com/tmoeish/tsq/condition.go:555.2,555.15 1 1
github.com/tmoeish/tsq/condition.go:558.39,563.48 2 1
github.com/tmoeish/tsq/condition.go:563.48,565.3 1 1
github.com/tmoeish/tsq/condition.go:567.2,567.12 1 0
github.com/tmoeish/tsq/condition.go:570.50,571.17 1 1
github.com/tmoeish/tsq/condition.go:571.17,573.3 1 0
github.com/tmoeish/tsq/condition.go:575.2,575.80 1 1
github.com/tmoeish/tsq/condition.go:575.80,577.3 1 1
github.com/tmoeish/tsq/condition.go:579.2,579.12 1 1
github.com/tmoeish/tsq/condition.go:582.44,584.16 2 1
github.com/tmoeish/tsq/condition.go:584.16,586.3 1 1
github.com/tmoeish/tsq/condition.go:588.2,588.27 1 1
github.com/tmoeish/tsq/condition.go:588.27,590.3 1 1
github.com/tmoeish/tsq/condition.go:592.2,592.12 1 1
github.com/tmoeish/tsq/condition.go:595.44,597.16 2 1
github.com/tmoeish/tsq/condition.go:597.16,599.3 1 1
github.com/tmoeish/tsq/condition.go:601.2,601.27 1 1
github.com/tmoeish/tsq/condition.go:601.27,603.3 1 0
github.com/tmoeish/tsq/condition.go:605.2,605.17 1 1
github.com/tmoeish/tsq/condition.go:610.40,611.21 1 1
github.com/tmoeish/tsq/condition.go:611.21,613.3 1 1
github.com/tmoeish/tsq/condition.go:616.2,616.43 1 1
github.com/tmoeish/tsq/condition.go:616.43,618.17 2 1
github.com/tmoeish/tsq/condition.go:618.17,620.4 1 0
github.com/tmoeish/tsq/condition.go:622.3,622.17 1 1
github.com/tmoeish/tsq/condition.go:622.17,624.4 1 1
github.com/tmoeish/tsq/condition.go:626.3,626.23 1 1
github.com/tmoeish/tsq/condition.go:630.2,631.30 2 1
github.com/tmoeish/tsq/condition.go:631.30,632.16 1 1
github.com/tmoeish/tsq/condition.go:632.16,634.4 1 0
github.com/tmoeish/tsq/condition.go:636.3,637.22 2 1
github.com/tmoeish/tsq/condition.go:640.2,640.27 1 1
github.com/tmoeish/tsq/condition.go:641.14,642.30 1 1
github.com/tmoeish/tsq/condition.go:643.14,644.38 1 1
github.com/tmoeish/tsq/condition.go:645.20,646.38 1 1
github.com/tmoeish/tsq/condition.go:649.11,650.48 1 1
github.com/tmoeish/tsq/condition.go:651.12,652.48 1 1
github.com/tmoeish/tsq/condition.go:653.13,654.48 1 1
github.com/tmoeish/tsq/condition.go:655.13,656.48 1 1
github.com/tmoeish/tsq/condition.go:657.13,658.41 1 1
github.com/tmoeish/tsq/condition.go:661.12,662.50 1 1
github.com/tmoeish/tsq/condition.go:663.13,664.50 1 1
github.com/tmoeish/tsq/condition.go:665.14,666.50 1 1
github.com/tmoeish/tsq/condition.go:667.14,668.50 1 1
github.com/tmoeish/tsq/condition.go:669.14,670.42 1 1
github.com/tmoeish/tsq/condition.go:673.15,674.31 1 1
github.com/tmoeish/tsq/condition.go:674.31,676.4 1 1
github.com/tmoeish/tsq/condition.go:678.3,678.34 1 1
github.com/tmoeish/tsq/condition.go:678.34,680.4 1 1
github.com/tmoeish/tsq/condition.go:682.3,682.61 1 1
github.com/tmoeish/tsq/condition.go:683.15,684.22 1 1
github.com/tmoeish/tsq/condition.go:684.22,686.4 1 1
github.com/tmoeish/tsq/condition.go:688.3,688.25 1 1
github.com/tmoeish/tsq/condition.go:688.25,690.4 1 1
github.com/tmoeish/tsq/condition.go:692.3,692.52 1 1
github.com/tmoeish/tsq/condition.go:695.12,696.10 1 1
github.com/tmoeish/tsq/condition.go:696.10,698.4 1 1
github.com/tmoeish/tsq/condition.go:700.3,700.22 1 1
github.com/tmoeish/tsq/condition.go:703.17,704.19 1 1
github.com/tmoeish/tsq/condition.go:704.19,706.4 1 1
github.com/tmoeish/tsq/condition.go:708.3,708.69 1 1
github.com/tmoeish/tsq/condition.go:710.10,712.28 1 1
github.com/tmoeish/tsq/condition.go:717.48,718.30 1 1
github.com/tmoeish/tsq/condition.go:718.30,720.3 1 1
github.com/tmoeish/tsq/condition.go:723.2,725.42 2 1
github.com/tmoeish/tsq/condition.go:729.55,730.18 1 1
github.com/tmoeish/tsq/condition.go:731.21,732.46 1 1
github.com/tmoeish/tsq/condition.go:732.46,736.4 2 0
github.com/tmoeish/tsq/condition.go:738.3,738.64 1 1
github.com/tmoeish/tsq/condition.go:740.21,741.46 1 1
github.com/tmoeish/tsq/condition.go:741.46,744.27 2 1
github.com/tmoeish/tsq/condition.go:744.27,746.5 1 1
github.com/tmoeish/tsq/condition.go:748.4,748.41 1 1
github.com/tmoeish/tsq/condition.go:751.3,751.64 1 0
github.com/tmoeish/tsq/condition.go:753.78,754.45 1 0
github.com/tmoeish/tsq/condition.go:756.83,757.47 1 0
github.com/tmoeish/tsq/condition.go:759.40,761.40 2 0
github.com/tmoeish/tsq/condition.go:761.40,763.4 1 0
github.com/tmoeish/tsq/condition.go:765.3,765.50 1 0
github.com/tmoeish/tsq/condition.go:767.20,768.15 1 0
github.com/tmoeish/tsq/condition.go:768.15,770.4 1 0
github.com/tmoeish/tsq/condition.go:772.3,772.22 1 0
github.com/tmoeish/tsq/condition.go:774.22,775.37 1 0
github.com/tmoeish/tsq/condition.go:777.10,778.64 1 1
github.com/tmoeish/tsq/executor.go:11.52,13.2 1 0
github.com/tmoeish/tsq/executor.go:15.81,16.17 1 0
github.com/tmoeish/tsq/executor.go:16.17,18.3 1 0
github.com/tmoeish/tsq/executor.go:20.2,20.41 1 0
github.com/tmoeish/tsq/executor.go:20.41,22.3 1 0
github.com/tmoeish/tsq/executor.go:24.2,27.3 1 0
github.com/tmoeish/tsq/executor.go:30.80,31.15 1 0
github.com/tmoeish/tsq/executor.go:31.15,33.3 1 0
github.com/tmoeish/tsq/executor.go:35.2,35.39 1 0
github.com/tmoeish/tsq/format_validation.go:5.64,8.35 2 1
github.com/tmoeish/tsq/format_validation.go:8.35,9.23 1 1
github.com/tmoeish/tsq/format_validation.go:9.23,10.12 1 1
github.com/tmoeish/tsq/format_validation.go:13.3,13.25 1 1
github.com/tmoeish/tsq/format_validation.go:13.25,15.4 1 0
github.com/tmoeish/tsq/format_validation.go:17.3,17.22 1 1
github.com/tmoeish/tsq/format_validation.go:18.12,19.7 1 1
github.com/tmoeish/tsq/format_validation.go:20.12,22.7 2 1
github.com/tmoeish/tsq/format_validation.go:23.11,24.69 1 1
github.com/tmoeish/tsq/format_validation.go:28.2,28.19 1 1
github.com/tmoeish/tsq/function.go:15.42,16.37 1 1
github.com/tmoeish/tsq/function.go:16.37,19.3 2 1
github.com/tmoeish/tsq/function.go:21.2,22.16 2 1
github.com/tmoeish/tsq/function.go:22.16,25.3 2 1
github.com/tmoeish/tsq/function.go:27.2,27.27 1 1
github.com/tmoeish/tsq/function.go:27.27,30.3 2 1
github.com/tmoeish/tsq/function.go:32.2,43.3 1 1
github.com/tmoeish/tsq/function.go:47.39,48.33 1 1
github.com/tmoeish/tsq/function.go:48.33,51.3 2 1
github.com/tmoeish/tsq/function.go:53.2,54.16 2 1
github.com/tmoeish/tsq/function.go:54.16,57.3 2 0
github.com/tmoeish/tsq/function.go:59.2,59.27 1 1
github.com/tmoeish/tsq/function.go:59.27,62.3 2 1
github.com/tmoeish/tsq/function.go:64.2,75.3 1 1
github.com/tmoeish/tsq/function.go:78.59,79.37 1 1
github.com/tmoeish/tsq/function.go:79.37,82.3 2 0
github.com/tmoeish/tsq/function.go:84.2,85.16 2 1
github.com/tmoeish/tsq/function.go:85.16,88.3 2 0
github.com/tmoeish/tsq/function.go:90.2,90.37 1 1
github.com/tmoeish/tsq/function.go:90.37,93.3 2 0
github.com/tmoeish/tsq/function.go:95.2,100.27 4 1
github.com/tmoeish/tsq/function.go:100.27,102.52 2 1
github.com/tmoeish/tsq/function.go:102.52,105.4 2 1
github.com/tmoeish/tsq/function.go:107.3,108.50 2 1
github.com/tmoeish/tsq/function.go:111.2,122.3 1 1
github.com/tmoeish/tsq/function.go:130.36,135.2 3 1
github.com/tmoeish/tsq/function.go:138.30,143.2 3 1
github.com/tmoeish/tsq/function.go:146.36,151.2 3 1
github.com/tmoeish/tsq/function.go:154.30,159.2 3 1
github.com/tmoeish/tsq/function.go:162.30,167.2 3 1
github.com/tmoeish/tsq/function.go:170.35,175.2 3 1
github.com/tmoeish/tsq/function.go:182.32,184.2 1 1
github.com/tmoeish/tsq/function.go:187.32,189.2 1 1
github.com/tmoeish/tsq/function.go:192.53,194.2 1 1
github.com/tmoeish/tsq/function.go:197.33,199.2 1 1
github.com/tmoeish/tsq/function.go:202.31,204.2 1 1
github.com/tmoeish/tsq/function.go:208.41,211.2 2 1
github.com/tmoeish/tsq/function.go:218.30,220.2 1 1
github.com/tmoeish/tsq/function.go:223.31,225.2 1 1
github.com/tmoeish/tsq/function.go:228.31,230.2 1 1
github.com/tmoeish/tsq/function.go:233.32,235.2 1 1
github.com/tmoeish/tsq/function.go:238.30,240.2 1 1
github.com/tmoeish/tsq/function.go:247.45,248.19 1 1
github.com/tmoeish/tsq/function.go:248.19,251.3 2 1
github.com/tmoeish/tsq/function.go:253.2,253.55 1 1
github.com/tmoeish/tsq/function.go:257.31,259.2 1 1
github.com/tmoeish/tsq/function.go:262.32,264.2 1 1
github.com/tmoeish/tsq/function.go:267.30,269.2 1 1
github.com/tmoeish/tsq/function.go:276.44,278.2 1 1
github.com/tmoeish/tsq/function.go:281.42,283.2 1 1
github.com/tmoeish/tsq/generated_helpers.go:9.106,12.27 2 0
github.com/tmoeish/tsq/generated_helpers.go:12.27,13.17 1 0
github.com/tmoeish/tsq/generated_helpers.go:13.17,14.12 1 0
github.com/tmoeish/tsq/generated_helpers.go:17.3,17.24 1 0
github.com/tmoeish/tsq/generated_helpers.go:20.2,24.31 4 0
github.com/tmoeish/tsq/generated_helpers.go:24.31,26.9 2 0
github.com/tmoeish/tsq/generated_helpers.go:26.9,28.12 2 0
github.com/tmoeish/tsq/generated_helpers.go:31.3,31.46 1 0
github.com/tmoeish/tsq/generated_helpers.go:31.46,32.12 1 0
github.com/tmoeish/tsq/generated_helpers.go:35.3,37.35 2 0
github.com/tmoeish/tsq/generated_helpers.go:40.2,43.3 1 0
github.com/tmoeish/tsq/input_validation.go:14.29,15.14 1 1
github.com/tmoeish/tsq/input_validation.go:15.14,17.3 1 1
github.com/tmoeish/tsq/input_validation.go:19.2,20.19 2 1
github.com/tmoeish/tsq/input_validation.go:21.98,22.20 1 1
github.com/tmoeish/tsq/input_validation.go:23.10,24.15 1 1
github.com/tmoeish/tsq/input_validation.go:28.53,29.21 1 1
github.com/tmoeish/tsq/input_validation.go:29.21,31.3 1 1
github.com/tmoeish/tsq/input_validation.go:33.2,33.79 1 1
github.com/tmoeish/tsq/input_validation.go:33.79,35.3 1 1
github.com/tmoeish/tsq/input_validation.go:37.2,38.23 2 1
github.com/tmoeish/tsq/input_validation.go:38.23,39.56 1 1
github.com/tmoeish/tsq/input_validation.go:39.56,41.4 1 0
github.com/tmoeish/tsq/input_validation.go:43.3,43.55 1 1
github.com/tmoeish/tsq/input_validation.go:46.2,46.19 1 1
github.com/tmoeish/tsq/input_validation.go:49.86,50.22 1 1
github.com/tmoeish/tsq/input_validation.go:50.22,52.3 1 1
github.com/tmoeish/tsq/input_validation.go:54.2,54.80 1 1
github.com/tmoeish/tsq/input_validation.go:54.80,56.3 1 1
github.com/tmoeish/tsq/input_validation.go:58.2,59.18 2 1
github.com/tmoeish/tsq/input_validation.go:59.18,61.3 1 1
github.com/tmoeish/tsq/input_validation.go:63.2,64.19 2 1
github.com/tmoeish/tsq/input_validation.go:64.19,66.3 1 0
github.com/tmoeish/tsq/input_validation.go:68.2,68.34 1 1
github.com/tmoeish/tsq/input_validation.go:68.34,69.24 1 1
github.com/tmoeish/tsq/input_validation.go:69.24,70.18 1 0
github.com/tmoeish/tsq/input_validation.go:70.18,72.5 1 0
github.com/tmoeish/tsq/input_validation.go:74.4,74.80 1 0
github.com/tmoeish/tsq/input_validation.go:78.2,78.41 1 1
github.com/tmoeish/tsq/input_validation.go:81.45,82.47 1 1
github.com/tmoeish/tsq/input_validation.go:82.47,84.3 1 1
github.com/tmoeish/tsq/input_validation.go:86.2,86.22 1 1
github.com/tmoeish/tsq/order.go:33.33,34.57 1 1
github.com/tmoeish/tsq/order.go:34.57,36.3 1 1
github.com/tmoeish/tsq/order.go:38.2,38.18 1 1
github.com/tmoeish/tsq/order.go:39.17,39.17 0 1
github.com/tmoeish/tsq/order.go:40.10,41.12 1 1
github.com/tmoeish/tsq/order.go:44.2,44.58 1 1
github.com/tmoeish/tsq/order.go:48.34,50.2 1 1
github.com/tmoeish/tsq/order.go:53.33,55.2 1 1
github.com/tmoeish/tsq/order.go:62.31,67.2 1 1
github.com/tmoeish/tsq/order.go:70.32,75.2 1 1
github.com/tmoeish/tsq/order.go:82.52,84.30 2 1
github.com/tmoeish/tsq/order.go:84.30,86.3 1 1
github.com/tmoeish/tsq/order.go:88.2,88.20 1 1
github.com/tmoeish/tsq/order.go:92.38,93.15 1 1
github.com/tmoeish/tsq/order.go:94.11,95.14 1 1
github.com/tmoeish/tsq/order.go:96.12,97.13 1 1
github.com/tmoeish/tsq/order.go:98.10,99.12 1 1
github.com/tmoeish/tsq/order.go:103.46,105.15 2 1
github.com/tmoeish/tsq/order.go:106.17,107.20 1 1
github.com/tmoeish/tsq/order.go:108.10,109.55 1 1
github.com/tmoeish/tsq/order.go:113.74,114.22 1 1
github.com/tmoeish/tsq/order.go:114.22,116.25 2 1
github.com/tmoeish/tsq/order.go:116.25,118.4 1 1
github.com/tmoeish/tsq/order.go:120.3,120.21 1 1
github.com/tmoeish/tsq/order.go:123.2,123.29 1 1
github.com/tmoeish/tsq/order.go:123.29,125.3 1 1
github.com/tmoeish/tsq/order.go:127.2,128.31 2 1
github.com/tmoeish/tsq/order.go:128.31,130.17 2 1
github.com/tmoeish/tsq/order.go:130.17,132.4 1 0
github.com/tmoeish/tsq/order.go:134.3,134.33 1 1
github.com/tmoeish/tsq/order.go:137.2,137.20 1 1
github.com/tmoeish/tsq/paging.go:41.45,50.19 2 1
github.com/tmoeish/tsq/paging.go:50.19,52.3 1 1
github.com/tmoeish/tsq/paging.go:55.2,55.50 1 1
github.com/tmoeish/tsq/paging.go:55.50,56.71 1 1
github.com/tmoeish/tsq/paging.go:56.71,58.4 1 1
github.com/tmoeish/tsq/paging.go:62.2,62.50 1 1
github.com/tmoeish/tsq/paging.go:62.50,63.71 1 1
github.com/tmoeish/tsq/paging.go:63.71,65.4 1 1
github.com/tmoeish/tsq/paging.go:69.2,70.24 2 1
github.com/tmoeish/tsq/paging.go:70.24,72.3 1 1
github.com/tmoeish/tsq/paging.go:75.2,80.13 3 1
github.com/tmoeish/tsq/paging.go:84.40,91.21 5 1
github.com/tmoeish/tsq/paging.go:91.21,93.3 1 1
github.com/tmoeish/tsq/paging.go:95.2,95.19 1 1
github.com/tmoeish/tsq/paging.go:95.19,97.3 1 1
github.com/tmoeish/tsq/paging.go:99.2,99.21 1 1
github.com/tmoeish/tsq/paging.go:99.21,101.3 1 1
github.com/tmoeish/tsq/paging.go:103.2,103.10 1 1
github.com/tmoeish/tsq/paging.go:107.32,111.2 2 1
github.com/tmoeish/tsq/paging.go:114.36,115.14 1 1
github.com/tmoeish/tsq/paging.go:115.14,117.3 1 1
github.com/tmoeish/tsq/paging.go:119.2,119.17 1 1
github.com/tmoeish/tsq/paging.go:119.17,121.3 1 1
github.com/tmoeish/tsq/paging.go:123.2,123.17 1 1
github.com/tmoeish/tsq/paging.go:123.17,125.3 1 1
github.com/tmoeish/tsq/paging.go:127.2,127.26 1 1
github.com/tmoeish/tsq/paging.go:127.26,129.3 1 1
github.com/tmoeish/tsq/paging.go:131.2,131.12 1 1
github.com/tmoeish/tsq/paging.go:135.42,136.14 1 1
github.com/tmoeish/tsq/paging.go:136.14,138.3 1 0
github.com/tmoeish/tsq/paging.go:140.2,140.17 1 1
github.com/tmoeish/tsq/paging.go:140.17,142.3 1 0
github.com/tmoeish/tsq/paging.go:144.2,144.17 1 1
github.com/tmoeish/tsq/paging.go:144.17,146.3 1 0
github.com/tmoeish/tsq/paging.go:148.2,148.26 1 1
github.com/tmoeish/tsq/paging.go:148.26,150.3 1 0
github.com/tmoeish/tsq/paging.go:152.2,152.81 1 1
github.com/tmoeish/tsq/paging.go:152.81,154.3 1 1
github.com/tmoeish/tsq/paging.go:156.2,156.53 1 1
github.com/tmoeish/tsq/paging.go:156.53,157.49 1 1
github.com/tmoeish/tsq/paging.go:157.49,159.4 1 1
github.com/tmoeish/tsq/paging.go:162.2,162.12 1 1
github.com/tmoeish/tsq/paging.go:179.74,189.16 3 1
github.com/tmoeish/tsq/paging.go:189.16,191.31 2 1
github.com/tmoeish/tsq/paging.go:191.31,193.4 1 1
github.com/tmoeish/tsq/paging.go:196.2,196.13 1 1
github.com/tmoeish/tsq/paging.go:200.38,201.14 1 1
github.com/tmoeish/tsq/paging.go:201.14,203.3 1 1
github.com/tmoeish/tsq/paging.go:205.2,205.34 1 1
github.com/tmoeish/tsq/paging.go:209.38,210.14 1 1
github.com/tmoeish/tsq/paging.go:210.14,212.3 1 1
github.com/tmoeish/tsq/paging.go:214.2,214.19 1 1
github.com/tmoeish/tsq/paging.go:218.38,219.14 1 1
github.com/tmoeish/tsq/paging.go:219.14,221.3 1 1
github.com/tmoeish/tsq/paging.go:223.2,223.25 1 1
github.com/tmoeish/tsq/query.go:26.64,28.2 1 1
github.com/tmoeish/tsq/query.go:30.46,32.2 1 1
github.com/tmoeish/tsq/query.go:37.53,39.9 2 0
github.com/tmoeish/tsq/query.go:39.9,41.3 1 0
github.com/tmoeish/tsq/query.go:43.2,43.52 1 0
github.com/tmoeish/tsq/query.go:51.68,53.2 1 1
github.com/tmoeish/tsq/query.go:55.48,57.2 1 1
github.com/tmoeish/tsq/query.go:62.55,64.9 2 0
github.com/tmoeish/tsq/query.go:64.9,66.3 1 0
github.com/tmoeish/tsq/query.go:68.2,68.52 1 0
github.com/tmoeish/tsq/query.go:77.76,79.2 1 1
github.com/tmoeish/tsq/query.go:81.48,86.2 1 1
github.com/tmoeish/tsq/query.go:91.55,93.9 2 0
github.com/tmoeish/tsq/query.go:93.9,95.3 1 0
github.com/tmoeish/tsq/query.go:97.2,98.61 1 0
github.com/tmoeish/tsq/query.go:141.33,142.14 1 1
github.com/tmoeish/tsq/query.go:142.14,144.3 1 1
github.com/tmoeish/tsq/query.go:146.2,146.37 1 1
github.com/tmoeish/tsq/query.go:150.34,151.14 1 1
github.com/tmoeish/tsq/query.go:151.14,153.3 1 1
github.com/tmoeish/tsq/query.go:155.2,155.38 1 1
github.com/tmoeish/tsq/query.go:159.35,160.14 1 1
github.com/tmoeish/tsq/query.go:160.14,162.3 1 1
github.com/tmoeish/tsq/query.go:164.2,164.39 1 1
github.com/tmoeish/tsq/query.go:168.36,169.14 1 1
github.com/tmoeish/tsq/query.go:169.14,171.3 1 1
github.com/tmoeish/tsq/query.go:173.2,173.40 1 1
github.com/tmoeish/tsq/query.go:196.44,198.16 2 1
github.com/tmoeish/tsq/query.go:198.16,199.32 1 0
github.com/tmoeish/tsq/query.go:202.2,202.10 1 1
github.com/tmoeish/tsq/query.go:206.49,207.15 1 1
github.com/tmoeish/tsq/query.go:207.15,209.3 1 1
github.com/tmoeish/tsq/query.go:211.2,211.24 1 1
github.com/tmoeish/tsq/query.go:211.24,213.3 1 1
github.com/tmoeish/tsq/query.go:215.2,216.16 2 1
github.com/tmoeish/tsq/query.go:216.16,218.3 1 1
github.com/tmoeish/tsq/query.go:220.2,234.8 1 1
github.com/tmoeish/tsq/query.go:246.18,247.62 1 0
github.com/tmoeish/tsq/query.go:247.62,249.3 1 0
github.com/tmoeish/tsq/query.go:256.18,257.41 1 0
github.com/tmoeish/tsq/query.go:257.41,259.3 1 0
github.com/tmoeish/tsq/query.go:261.2,261.73 1 0
github.com/tmoeish/tsq/query.go:261.73,263.3 1 0
github.com/tmoeish/tsq/query.go:265.2,267.32 2 0
github.com/tmoeish/tsq/query.go:267.32,269.3 1 0
github.com/tmoeish/tsq/query.go:271.2,272.16 2 0
github.com/tmoeish/tsq/query.go:272.16,274.3 1 0
github.com/tmoeish/tsq/query.go:276.2,277.16 2 0
github.com/tmoeish/tsq/query.go:277.16,279.3 1 0
github.com/tmoeish/tsq/query.go:281.2,281.20 1 0
github.com/tmoeish/tsq/query.go:289.20,290.64 1 0
github.com/tmoeish/tsq/query.go:290.64,292.3 1 0
github.com/tmoeish/tsq/query.go:299.20,300.41 1 0
github.com/tmoeish/tsq/query.go:300.41,302.3 1 0
github.com/tmoeish/tsq/query.go:304.2,304.73 1 0
github.com/tmoeish/tsq/query.go:304.73,306.3 1 0
github.com/tmoeish/tsq/query.go:308.2,310.32 2 0
github.com/tmoeish/tsq/query.go:310.32,312.3 1 0
github.com/tmoeish/tsq/query.go:314.2,315.16 2 0
github.com/tmoeish/tsq/query.go:315.16,317.3 1 0
github.com/tmoeish/tsq/query.go:319.2,320.16 2 0
github.com/tmoeish/tsq/query.go:320.16,322.3 1 0
github.com/tmoeish/tsq/query.go:324.2,324.20 1 0
github.com/tmoeish/tsq/query.go:332.19,333.63 1 0
github.com/tmoeish/tsq/query.go:333.63,335.3 1 0
github.com/tmoeish/tsq/query.go:342.19,343.41 1 0
github.com/tmoeish/tsq/query.go:343.41,345.3 1 0
github.com/tmoeish/tsq/query.go:347.2,347.73 1 0
github.com/tmoeish/tsq/query.go:347.73,349.3 1 0
github.com/tmoeish/tsq/query.go:351.2,353.32 2 0
github.com/tmoeish/tsq/query.go:353.32,355.3 1 0
github.com/tmoeish/tsq/query.go:357.2,358.16 2 0
github.com/tmoeish/tsq/query.go:358.16,360.3 1 0
github.com/tmoeish/tsq/query.go:362.2,363.16 2 0
github.com/tmoeish/tsq/query.go:363.16,365.3 1 0
github.com/tmoeish/tsq/query.go:367.2,367.20 1 0
github.com/tmoeish/tsq/query.go:376.16,377.60 1 1
github.com/tmoeish/tsq/query.go:377.60,379.3 1 1
github.com/tmoeish/tsq/query.go:388.18,389.62 1 0
github.com/tmoeish/tsq/query.go:389.62,391.3 1 0
github.com/tmoeish/tsq/query.go:398.16,401.2 2 1
github.com/tmoeish/tsq/query.go:407.18,408.41 1 1
github.com/tmoeish/tsq/query.go:408.41,410.3 1 1
github.com/tmoeish/tsq/query.go:412.2,412.72 1 1
github.com/tmoeish/tsq/query.go:412.72,414.3 1 1
github.com/tmoeish/tsq/query.go:416.2,418.32 2 0
github.com/tmoeish/tsq/query.go:418.32,420.3 1 0
github.com/tmoeish/tsq/query.go:422.2,423.16 2 0
github.com/tmoeish/tsq/query.go:423.16,425.3 1 0
github.com/tmoeish/tsq/query.go:427.2,428.16 2 0
github.com/tmoeish/tsq/query.go:428.16,430.3 1 0
github.com/tmoeish/tsq/query.go:432.2,432.19 1 0
github.com/tmoeish/tsq/query.go:440.17,441.61 1 0
github.com/tmoeish/tsq/query.go:441.61,443.3 1 0
github.com/tmoeish/tsq/query.go:450.17,451.41 1 0
github.com/tmoeish/tsq/query.go:451.41,453.3 1 0
github.com/tmoeish/tsq/query.go:455.2,455.72 1 0
github.com/tmoeish/tsq/query.go:455.72,457.3 1 0
github.com/tmoeish/tsq/query.go:459.2,461.32 2 0
github.com/tmoeish/tsq/query.go:461.32,463.3 1 0
github.com/tmoeish/tsq/query.go:465.2,466.16 2 0
github.com/tmoeish/tsq/query.go:466.16,468.3 1 0
github.com/tmoeish/tsq/query.go:470.2,471.16 2 0
github.com/tmoeish/tsq/query.go:471.16,473.3 1 0
github.com/tmoeish/tsq/query.go:475.2,475.23 1 0
github.com/tmoeish/tsq/query.go:489.25,490.69 1 1
github.com/tmoeish/tsq/query.go:490.69,492.3 1 1
github.com/tmoeish/tsq/query.go:501.25,502.41 1 1
github.com/tmoeish/tsq/query.go:502.41,504.3 1 1
github.com/tmoeish/tsq/query.go:506.2,509.16 3 1
github.com/tmoeish/tsq/query.go:509.16,511.3 1 0
github.com/tmoeish/tsq/query.go:513.2,513.79 1 1
github.com/tmoeish/tsq/query.go:513.79,515.3 1 0
github.com/tmoeish/tsq/query.go:517.2,520.88 3 1
github.com/tmoeish/tsq/query.go:520.88,522.3 1 1
github.com/tmoeish/tsq/query.go:524.2,527.48 3 0
github.com/tmoeish/tsq/query.go:527.48,530.3 2 0
github.com/tmoeish/tsq/query.go:533.2,534.16 2 0
github.com/tmoeish/tsq/query.go:534.16,536.3 1 0
github.com/tmoeish/tsq/query.go:538.2,539.16 2 0
github.com/tmoeish/tsq/query.go:539.16,541.3 1 0
github.com/tmoeish/tsq/query.go:544.2,546.32 2 0
github.com/tmoeish/tsq/query.go:546.32,549.3 2 0
github.com/tmoeish/tsq/query.go:552.2,553.16 2 0
github.com/tmoeish/tsq/query.go:553.16,555.3 1 0
github.com/tmoeish/tsq/query.go:558.2,559.16 2 0
github.com/tmoeish/tsq/query.go:559.16,561.3 1 0
github.com/tmoeish/tsq/query.go:563.2,563.15 1 0
github.com/tmoeish/tsq/query.go:563.15,564.48 1 0
github.com/tmoeish/tsq/query.go:564.48,566.4 1 0
github.com/tmoeish/tsq/query.go:570.2,572.18 2 0
github.com/tmoeish/tsq/query.go:572.18,576.17 3 0
github.com/tmoeish/tsq/query.go:576.17,581.4 1 0
github.com/tmoeish/tsq/query.go:583.3,583.44 1 0
github.com/tmoeish/tsq/query.go:583.44,588.4 1 0
github.com/tmoeish/tsq/query.go:590.3,590.25 1 0
github.com/tmoeish/tsq/query.go:593.2,593.35 1 0
github.com/tmoeish/tsq/query.go:593.35,595.3 1 0
github.com/tmoeish/tsq/query.go:597.2,597.44 1 0
github.com/tmoeish/tsq/query.go:605.17,606.61 1 1
github.com/tmoeish/tsq/query.go:606.61,608.3 1 1
github.com/tmoeish/tsq/query.go:616.17,617.41 1 1
github.com/tmoeish/tsq/query.go:617.41,619.3 1 0
github.com/tmoeish/tsq/query.go:621.2,621.73 1 1
github.com/tmoeish/tsq/query.go:621.73,623.3 1 0
github.com/tmoeish/tsq/query.go:625.2,628.16 3 1
github.com/tmoeish/tsq/query.go:628.16,630.3 1 0
github.com/tmoeish/tsq/query.go:632.2,632.85 1 1
github.com/tmoeish/tsq/query.go:632.85,634.3 1 1
github.com/tmoeish/tsq/query.go:636.2,636.32 1 0
github.com/tmoeish/tsq/query.go:636.32,638.3 1 0
github.com/tmoeish/tsq/query.go:640.2,641.16 2 0
github.com/tmoeish/tsq/query.go:641.16,643.3 1 0
github.com/tmoeish/tsq/query.go:645.2,645.15 1 0
github.com/tmoeish/tsq/query.go:645.15,647.3 1 0
github.com/tmoeish/tsq/query.go:649.2,651.18 2 0
github.com/tmoeish/tsq/query.go:651.18,655.17 3 0
github.com/tmoeish/tsq/query.go:655.17,660.4 1 0
github.com/tmoeish/tsq/query.go:662.3,662.44 1 0
github.com/tmoeish/tsq/query.go:662.44,667.4 1 0
github.com/tmoeish/tsq/query.go:669.3,669.25 1 0
github.com/tmoeish/tsq/query.go:672.2,672.35 1 0
github.com/tmoeish/tsq/query.go:672.35,674.3 1 0
github.com/tmoeish/tsq/query.go:676.2,676.18 1 0
github.com/tmoeish/tsq/query.go:684.15,685.59 1 0
github.com/tmoeish/tsq/query.go:685.59,687.3 1 0
github.com/tmoeish/tsq/query.go:695.15,696.42 1 0
github.com/tmoeish/tsq/query.go:696.42,698.3 1 0
github.com/tmoeish/tsq/query.go:700.2,700.74 1 0
github.com/tmoeish/tsq/query.go:700.74,702.3 1 0
github.com/tmoeish/tsq/query.go:704.2,706.32 2 0
github.com/tmoeish/tsq/query.go:706.32,708.3 1 0
github.com/tmoeish/tsq/query.go:710.2,713.16 3 0
github.com/tmoeish/tsq/query.go:713.16,718.3 1 0
github.com/tmoeish/tsq/query.go:720.2,721.16 2 0
github.com/tmoeish/tsq/query.go:721.16,723.3 1 0
github.com/tmoeish/tsq/query.go:725.2,727.42 2 0
github.com/tmoeish/tsq/query.go:727.42,728.50 1 0
github.com/tmoeish/tsq/query.go:728.50,730.4 1 0
github.com/tmoeish/tsq/query.go:732.3,735.4 1 0
github.com/tmoeish/tsq/query.go:738.2,738.15 1 0
github.com/tmoeish/tsq/query.go:746.9,747.52 1 0
github.com/tmoeish/tsq/query.go:747.52,749.3 1 0
github.com/tmoeish/tsq/query.go:757.9,758.41 1 0
github.com/tmoeish/tsq/query.go:758.41,760.3 1 0
github.com/tmoeish/tsq/query.go:762.2,762.73 1 0
github.com/tmoeish/tsq/query.go:762.73,764.3 1 0
github.com/tmoeish/tsq/query.go:766.2,768.32 2 0
github.com/tmoeish/tsq/query.go:768.32,770.3 1 0
github.com/tmoeish/tsq/query.go:772.2,773.16 2 0
github.com/tmoeish/tsq/query.go:773.16,778.3 1 0
github.com/tmoeish/tsq/query.go:780.2,781.16 2 0
github.com/tmoeish/tsq/query.go:781.16,783.3 1 0
github.com/tmoeish/tsq/query.go:785.2,786.34 2 0
github.com/tmoeish/tsq/query.go:786.34,787.50 1 0
github.com/tmoeish/tsq/query.go:787.50,789.4 1 0
github.com/tmoeish/tsq/query.go:791.3,791.76 1 0
github.com/tmoeish/tsq/query.go:794.2,794.42 1 0
github.com/tmoeish/tsq/query.go:794.42,795.50 1 0
github.com/tmoeish/tsq/query.go:795.50,797.4 1 0
github.com/tmoeish/tsq/query.go:799.3,802.4 1 0
github.com/tmoeish/tsq/query.go:805.2,805.12 1 0
github.com/tmoeish/tsq/query.go:808.70,809.41 1 1
github.com/tmoeish/tsq/query.go:809.41,811.3 1 1
github.com/tmoeish/tsq/query.go:813.2,816.48 3 1
github.com/tmoeish/tsq/query.go:816.48,819.3 2 0
github.com/tmoeish/tsq/query.go:819.8,822.3 2 1
github.com/tmoeish/tsq/query.go:825.2,827.66 3 1
github.com/tmoeish/tsq/query.go:827.66,828.16 1 1
github.com/tmoeish/tsq/query.go:828.16,830.4 1 0
github.com/tmoeish/tsq/query.go:832.3,832.40 1 1
github.com/tmoeish/tsq/query.go:832.40,834.4 1 1
github.com/tmoeish/tsq/query.go:836.3,836.45 1 1
github.com/tmoeish/tsq/query.go:836.45,837.33 1 1
github.com/tmoeish/tsq/query.go:837.33,841.5 2 1
github.com/tmoeish/tsq/query.go:843.4,843.10 1 1
github.com/tmoeish/tsq/query.go:846.3,846.37 1 1
github.com/tmoeish/tsq/query.go:849.2,849.33 1 1
github.com/tmoeish/tsq/query.go:849.33,852.58 2 1
github.com/tmoeish/tsq/query.go:852.58,854.4 1 1
github.com/tmoeish/tsq/query.go:857.2,857.28 1 1
github.com/tmoeish/tsq/query.go:857.28,859.25 2 1
github.com/tmoeish/tsq/query.go:859.25,861.4 1 0
github.com/tmoeish/tsq/query.go:863.3,864.17 2 1
github.com/tmoeish/tsq/query.go:864.17,866.4 1 1
github.com/tmoeish/tsq/query.go:868.3,870.31 2 1
github.com/tmoeish/tsq/query.go:870.31,872.40 2 1
github.com/tmoeish/tsq/query.go:872.40,874.5 1 1
github.com/tmoeish/tsq/query.go:876.4,878.11 2 1
github.com/tmoeish/tsq/query.go:878.11,880.5 1 1
github.com/tmoeish/tsq/query.go:882.4,882.65 1 1
github.com/tmoeish/tsq/query.go:885.3,885.61 1 1
github.com/tmoeish/tsq/query.go:889.2,891.33 2 1
github.com/tmoeish/tsq/query.go:894.46,898.29 3 1
github.com/tmoeish/tsq/query.go:898.29,900.17 2 1
github.com/tmoeish/tsq/query.go:900.17,901.12 1 1
github.com/tmoeish/tsq/query.go:904.3,904.32 1 1
github.com/tmoeish/tsq/query.go:907.2,907.15 1 1
github.com/tmoeish/tsq/query.go:920.46,924.2 1 1
github.com/tmoeish/tsq/query.go:933.58,938.2 1 1
github.com/tmoeish/tsq/query.go:946.9,947.52 1 1
github.com/tmoeish/tsq/query.go:947.52,949.3 1 1
github.com/tmoeish/tsq/query.go:957.9,958.21 1 1
github.com/tmoeish/tsq/query.go:958.21,960.3 1 0
github.com/tmoeish/tsq/query.go:962.2,962.56 1 1
github.com/tmoeish/tsq/query.go:962.56,964.3 1 1
github.com/tmoeish/tsq/query.go:966.2,967.16 2 0
github.com/tmoeish/tsq/query.go:967.16,969.3 1 0
github.com/tmoeish/tsq/query.go:972.2,972.50 1 0
github.com/tmoeish/tsq/query.go:972.50,976.66 3 0
github.com/tmoeish/tsq/query.go:976.66,978.4 1 0
github.com/tmoeish/tsq/query.go:981.2,981.12 1 0
github.com/tmoeish/tsq/query.go:989.9,990.21 1 0
github.com/tmoeish/tsq/query.go:990.21,992.3 1 0
github.com/tmoeish/tsq/query.go:996.2,996.35 1 0
github.com/tmoeish/tsq/query.go:996.35,997.18 1 0
github.com/tmoeish/tsq/query.go:997.18,999.4 1 0
github.com/tmoeish/tsq/query.go:1001.3,1002.24 2 0
github.com/tmoeish/tsq/query.go:1002.24,1004.58 1 0
github.com/tmoeish/tsq/query.go:1004.58,1005.33 1 0
github.com/tmoeish/tsq/query.go:1005.33,1007.14 2 0
github.com/tmoeish/tsq/query.go:1010.5,1010.78 1 0
github.com/tmoeish/tsq/query.go:1012.9,1013.58 1 0
github.com/tmoeish/tsq/query.go:1013.58,1015.5 1 0
github.com/tmoeish/tsq/query.go:1019.2,1019.12 1 0
github.com/tmoeish/tsq/query.go:1028.9,1029.52 1 0
github.com/tmoeish/tsq/query.go:1029.52,1031.3 1 0
github.com/tmoeish/tsq/query.go:1039.9,1040.21 1 0
github.com/tmoeish/tsq/query.go:1040.21,1042.3 1 0
github.com/tmoeish/tsq/query.go:1044.2,1044.56 1 0
github.com/tmoeish/tsq/query.go:1044.56,1046.3 1 0
github.com/tmoeish/tsq/query.go:1048.2,1049.16 2 0
github.com/tmoeish/tsq/query.go:1049.16,1051.3 1 0
github.com/tmoeish/tsq/query.go:1054.2,1054.50 1 0
github.com/tmoeish/tsq/query.go:1054.50,1056.23 2 0
github.com/tmoeish/tsq/query.go:1056.23,1058.4 1 0
github.com/tmoeish/tsq/query.go:1060.3,1061.60 2 0
github.com/tmoeish/tsq/query.go:1061.60,1063.4 1 0
github.com/tmoeish/tsq/query.go:1066.2,1066.12 1 0
github.com/tmoeish/tsq/query.go:1073.9,1074.35 1 1
github.com/tmoeish/tsq/query.go:1074.35,1075.18 1 1
github.com/tmoeish/tsq/query.go:1075.18,1077.4 1 1
github.com/tmoeish/tsq/query.go:1079.3,1079.61 1 0
github.com/tmoeish/tsq/query.go:1079.61,1081.4 1 0
github.com/tmoeish/tsq/query.go:1084.2,1084.12 1 0
github.com/tmoeish/tsq/query.go:1093.9,1094.52 1 0
github.com/tmoeish/tsq/query.go:1094.52,1096.3 1 0
github.com/tmoeish/tsq/query.go:1104.9,1105.21 1 0
github.com/tmoeish/tsq/query.go:1105.21,1107.3 1 0
github.com/tmoeish/tsq/query.go:1109.2,1109.56 1 0
github.com/tmoeish/tsq/query.go:1109.56,1111.3 1 0
github.com/tmoeish/tsq/query.go:1113.2,1114.16 2 0
github.com/tmoeish/tsq/query.go:1114.16,1116.3 1 0
github.com/tmoeish/tsq/query.go:1119.2,1119.50 1 0
github.com/tmoeish/tsq/query.go:1119.50,1121.23 2 0
github.com/tmoeish/tsq/query.go:1121.23,1123.4 1 0
github.com/tmoeish/tsq/query.go:1125.3,1126.60 2 0
github.com/tmoeish/tsq/query.go:1126.60,1128.4 1 0
github.com/tmoeish/tsq/query.go:1131.2,1131.12 1 0
github.com/tmoeish/tsq/query.go:1138.9,1139.35 1 1
github.com/tmoeish/tsq/query.go:1139.35,1140.18 1 1
github.com/tmoeish/tsq/query.go:1140.18,1142.4 1 1
github.com/tmoeish/tsq/query.go:1144.3,1144.61 1 0
github.com/tmoeish/tsq/query.go:1144.61,1146.4 1 0
github.com/tmoeish/tsq/query.go:1149.2,1149.12 1 0
github.com/tmoeish/tsq/query.go:1160.9,1161.52 1 1
github.com/tmoeish/tsq/query.go:1161.52,1163.3 1 1
github.com/tmoeish/tsq/query.go:1173.9,1174.19 1 1
github.com/tmoeish/tsq/query.go:1174.19,1176.3 1 0
github.com/tmoeish/tsq/query.go:1178.2,1178.56 1 1
github.com/tmoeish/tsq/query.go:1178.56,1180.3 1 1
github.com/tmoeish/tsq/query.go:1182.2,1182.46 1 1
github.com/tmoeish/tsq/query.go:1182.46,1184.3 1 0
github.com/tmoeish/tsq/query.go:1186.2,1187.16 2 1
github.com/tmoeish/tsq/query.go:1187.16,1189.3 1 0
github.com/tmoeish/tsq/query.go:1192.2,1192.48 1 1
github.com/tmoeish/tsq/query.go:1192.48,1194.21 2 1
github.com/tmoeish/tsq/query.go:1194.21,1196.4 1 1
github.com/tmoeish/tsq/query.go:1198.3,1199.86 2 1
github.com/tmoeish/tsq/query.go:1199.86,1201.4 1 1
github.com/tmoeish/tsq/query.go:1204.2,1204.12 1 0
github.com/tmoeish/tsq/query.go:1213.9,1214.19 1 1
github.com/tmoeish/tsq/query.go:1214.19,1216.3 1 0
github.com/tmoeish/tsq/query.go:1219.2,1220.30 2 1
github.com/tmoeish/tsq/query.go:1220.30,1222.3 1 1
github.com/tmoeish/tsq/query.go:1224.2,1225.16 2 1
github.com/tmoeish/tsq/query.go:1225.16,1227.3 1 0
github.com/tmoeish/tsq/query.go:1229.2,1231.70 2 1
github.com/tmoeish/tsq/query.go:1231.70,1233.3 1 1
github.com/tmoeish/tsq/query.go:1235.2,1236.16 2 0
github.com/tmoeish/tsq/query.go:1236.16,1238.3 1 0
github.com/tmoeish/tsq/query.go:1240.2,1240.12 1 0
github.com/tmoeish/tsq/query.go:1243.99,1244.27 1 1
github.com/tmoeish/tsq/query.go:1244.27,1246.3 1 0
github.com/tmoeish/tsq/query.go:1248.2,1249.16 2 1
github.com/tmoeish/tsq/query.go:1249.16,1251.3 1 1
github.com/tmoeish/tsq/query.go:1253.2,1254.16 2 1
github.com/tmoeish/tsq/query.go:1254.16,1256.3 1 1
github.com/tmoeish/tsq/query.go:1258.2,1259.30 2 1
github.com/tmoeish/tsq/query.go:1259.30,1261.3 1 1
github.com/tmoeish/tsq/query.go:1263.2,1268.8 1 1
github.com/tmoeish/tsq/query.go:1271.58,1272.49 1 1
github.com/tmoeish/tsq/query.go:1272.49,1274.3 1 1
github.com/tmoeish/tsq/query.go:1277.2,1277.20 1 1
github.com/tmoeish/tsq/query.go:1277.20,1279.3 1 0
github.com/tmoeish/tsq/query.go:1281.2,1281.33 1 1
github.com/tmoeish/tsq/query.go:1286.72,1287.22 1 1
github.com/tmoeish/tsq/query.go:1287.22,1289.3 1 1
github.com/tmoeish/tsq/query.go:1291.2,1292.34 2 1
github.com/tmoeish/tsq/query.go:1293.15,1294.36 1 1
github.com/tmoeish/tsq/query.go:1295.32,1296.41 1 1
github.com/tmoeish/tsq/query.go:1297.16,1298.40 1 1
github.com/tmoeish/tsq/query.go:1299.20,1301.13 1 1
github.com/tmoeish/tsq/query.go:1302.10,1304.13 1 1
github.com/tmoeish/tsq/query.go:1307.2,1307.44 1 1
github.com/tmoeish/tsq/query.go:1307.44,1309.3 1 1
github.com/tmoeish/tsq/query.go:1311.2,1311.12 1 1
github.com/tmoeish/tsq/query.go:1320.42,1321.16 1 0
github.com/tmoeish/tsq/query.go:1321.16,1323.3 1 0
github.com/tmoeish/tsq/query.go:1325.2,1351.38 7 0
github.com/tmoeish/tsq/query.go:1351.38,1352.40 1 0
github.com/tmoeish/tsq/query.go:1352.40,1354.4 1 0
github.com/tmoeish/tsq/query.go:1357.2,1357.14 1 0
github.com/tmoeish/tsq/query.go:1360.47,1361.17 1 1
github.com/tmoeish/tsq/query.go:1361.17,1363.3 1 1
github.com/tmoeish/tsq/query.go:1365.2,1366.26 2 1
github.com/tmoeish/tsq/query.go:1366.26,1368.3 1 1
github.com/tmoeish/tsq/query.go:1370.2,1370.26 1 1
github.com/tmoeish/tsq/query.go:1370.26,1372.3 1 1
github.com/tmoeish/tsq/query.go:1374.2,1374.35 1 1
github.com/tmoeish/tsq/query.go:1374.35,1376.3 1 0
github.com/tmoeish/tsq/query.go:1378.2,1378.20 1 1
github.com/tmoeish/tsq/query.go:1381.101,1382.22 1 1
github.com/tmoeish/tsq/query.go:1382.22,1384.3 1 1
github.com/tmoeish/tsq/query.go:1386.2,1388.43 2 1
github.com/tmoeish/tsq/query.go:1388.43,1391.3 2 1
github.com/tmoeish/tsq/query.go:1393.2,1393.58 1 1
github.com/tmoeish/tsq/query.go:1393.58,1395.3 1 1
github.com/tmoeish/tsq/query.go:1397.2,1397.18 1 0
github.com/tmoeish/tsq/query.go:1400.83,1401.22 1 1
github.com/tmoeish/tsq/query.go:1401.22,1403.3 1 1
github.com/tmoeish/tsq/query.go:1405.2,1407.43 2 1
github.com/tmoeish/tsq/query.go:1407.43,1410.3 2 1
github.com/tmoeish/tsq/query.go:1412.2,1412.58 1 1
github.com/tmoeish/tsq/query.go:1412.58,1414.3 1 1
github.com/tmoeish/tsq/query.go:1416.2,1416.18 1 1
github.com/tmoeish/tsq/query.go:1419.45,1420.20 1 1
github.com/tmoeish/tsq/query.go:1420.20,1422.3 1 1
github.com/tmoeish/tsq/query.go:1424.2,1424.12 1 1
github.com/tmoeish/tsq/query.go:1427.40,1428.25 1 1
github.com/tmoeish/tsq/query.go:1428.25,1429.21 1 1
github.com/tmoeish/tsq/query.go:1429.21,1431.4 1 0
github.com/tmoeish/tsq/query.go:1434.2,1434.12 1 1
github.com/tmoeish/tsq/query.go:1452.49,1459.2 4 1
github.com/tmoeish/tsq/query.go:1461.61,1463.2 1 1
github.com/tmoeish/tsq/query.go:1465.79,1470.27 4 1
github.com/tmoeish/tsq/query.go:1470.27,1471.14 1 1
github.com/tmoeish/tsq/query.go:1472.26,1473.32 1 0
github.com/tmoeish/tsq/query.go:1473.32,1475.5 1 0
github.com/tmoeish/tsq/query.go:1477.4,1478.16 2 0
github.com/tmoeish/tsq/query.go:1479.25,1480.21 1 1
github.com/tmoeish/tsq/query.go:1480.21,1482.5 1 0
github.com/tmoeish/tsq/query.go:1484.4,1484.18 1 1
github.com/tmoeish/tsq/query.go:1484.18,1486.5 1 1
github.com/tmoeish/tsq/query.go:1488.4,1488.33 1 1
github.com/tmoeish/tsq/query.go:1489.11,1490.32 1 0
github.com/tmoeish/tsq/query.go:1494.2,1496.20 2 1
github.com/tmoeish/tsq/query.go:1499.32,1500.14 1 0
github.com/tmoeish/tsq/query.go:1500.14,1502.3 1 0
github.com/tmoeish/tsq/query.go:1504.2,1504.33 1 0
github.com/tmoeish/tsq/query.go:1507.36,1508.14 1 1
github.com/tmoeish/tsq/query.go:1508.14,1510.3 1 1
github.com/tmoeish/tsq/query.go:1512.2,1512.77 1 1
github.com/tmoeish/tsq/query.go:1512.77,1514.3 1 1
github.com/tmoeish/tsq/query.go:1516.2,1517.81 1 1
github.com/tmoeish/tsq/query.go:1517.81,1519.3 1 0
github.com/tmoeish/tsq/query.go:1521.2,1521.12 1 1
github.com/tmoeish/tsq/query.go:1524.50,1525.15 1 1
github.com/tmoeish/tsq/query.go:1525.15,1527.3 1 0
github.com/tmoeish/tsq/query.go:1529.2,1530.69 2 1
github.com/tmoeish/tsq/query.go:1530.69,1532.3 1 1
github.com/tmoeish/tsq/query.go:1534.2,1534.12 1 1
github.com/tmoeish/tsq/query.go:1537.61,1538.45 1 1
github.com/tmoeish/tsq/query.go:1538.45,1540.3 1 1
github.com/tmoeish/tsq/query.go:1542.2,1542.58 1 1
github.com/tmoeish/tsq/query.go:1542.58,1544.3 1 1
github.com/tmoeish/tsq/query.go:1546.2,1546.12 1 1
github.com/tmoeish/tsq/query.go:1549.75,1550.45 1 1
github.com/tmoeish/tsq/query.go:1550.45,1552.3 1 0
github.com/tmoeish/tsq/query.go:1554.2,1555.20 2 1
github.com/tmoeish/tsq/query.go:1555.20,1556.40 1 1
github.com/tmoeish/tsq/query.go:1556.40,1557.35 1 1
github.com/tmoeish/tsq/query.go:1557.35,1558.65 1 1
github.com/tmoeish/tsq/query.go:1558.65,1560.6 1 1
github.com/tmoeish/tsq/query.go:1564.3,1564.13 1 1
github.com/tmoeish/tsq/query.go:1567.2,1567.33 1 1
github.com/tmoeish/tsq/query.go:1567.33,1568.95 1 1
github.com/tmoeish/tsq/query.go:1568.95,1570.4 1 1
github.com/tmoeish/tsq/query.go:1573.2,1573.12 1 1
github.com/tmoeish/tsq/query.go:1576.57,1577.24 1 1
github.com/tmoeish/tsq/query.go:1578.86,1579.15 1 1
github.com/tmoeish/tsq/query.go:1580.10,1581.14 1 0
github.com/tmoeish/tsq/query.go:1585.86,1586.56 1 1
github.com/tmoeish/tsq/query.go:1586.56,1588.3 1 1
github.com/tmoeish/tsq/query.go:1590.2,1590.47 1 1
github.com/tmoeish/tsq/query.go:1593.43,1594.22 1 1
github.com/tmoeish/tsq/query.go:1594.22,1596.3 1 1
github.com/tmoeish/tsq/query.go:1598.2,1598.12 1 1
github.com/tmoeish/tsq/query.go:1601.43,1602.24 1 1
github.com/tmoeish/tsq/query.go:1602.24,1604.3 1 1
github.com/tmoeish/tsq/query.go:1606.2,1606.51 1 1
github.com/tmoeish/tsq/query.go:1606.51,1608.3 1 1
github.com/tmoeish/tsq/query.go:1610.2,1610.12 1 1
github.com/tmoeish/tsq/query.go:1613.62,1614.51 1 1
github.com/tmoeish/tsq/query.go:1614.51,1616.3 1 1
github.com/tmoeish/tsq/query.go:1618.2,1620.27 2 1
github.com/tmoeish/tsq/query.go:1620.27,1622.25 2 1
github.com/tmoeish/tsq/query.go:1622.25,1624.4 1 1
github.com/tmoeish/tsq/query.go:1626.3,1627.17 2 1
github.com/tmoeish/tsq/query.go:1627.17,1629.4 1 1
github.com/tmoeish/tsq/query.go:1631.3,1631.17 1 1
github.com/tmoeish/tsq/query.go:1631.17,1633.4 1 1
github.com/tmoeish/tsq/query.go:1635.3,1635.16 1 0
github.com/tmoeish/tsq/query.go:1638.2,1638.18 1 0
github.com/tmoeish/tsq/query.go:1641.86,1643.55 2 1
github.com/tmoeish/tsq/query.go:1643.55,1648.3 1 1
github.com/tmoeish/tsq/query.go:1650.2,1650.12 1 0
github.com/tmoeish/tsq/query.go:1653.84,1654.15 1 1
github.com/tmoeish/tsq/query.go:1654.15,1655.47 1 1
github.com/tmoeish/tsq/query.go:1655.47,1657.4 1 1
github.com/tmoeish/tsq/query.go:1660.2,1660.33 1 1
github.com/tmoeish/tsq/query.go:1667.9,1668.52 1 1
github.com/tmoeish/tsq/query.go:1668.52,1670.3 1 1
github.com/tmoeish/tsq/query.go:1677.9,1678.51 1 1
github.com/tmoeish/tsq/query.go:1678.51,1680.3 1 1
github.com/tmoeish/tsq/query.go:1682.2,1682.56 1 1
github.com/tmoeish/tsq/query.go:1682.56,1684.3 1 1
github.com/tmoeish/tsq/query.go:1686.2,1686.41 1 0
github.com/tmoeish/tsq/query.go:1693.9,1694.52 1 1
github.com/tmoeish/tsq/query.go:1694.52,1696.3 1 1
github.com/tmoeish/tsq/query.go:1703.9,1704.51 1 1
github.com/tmoeish/tsq/query.go:1704.51,1706.3 1 1
github.com/tmoeish/tsq/query.go:1708.2,1708.56 1 0
github.com/tmoeish/tsq/query.go:1708.56,1710.3 1 0
github.com/tmoeish/tsq/query.go:1712.2,1714.26 2 0
github.com/tmoeish/tsq/query.go:1721.9,1722.52 1 1
github.com/tmoeish/tsq/query.go:1722.52,1724.3 1 1
github.com/tmoeish/tsq/query.go:1731.9,1732.51 1 1
github.com/tmoeish/tsq/query.go:1732.51,1734.3 1 1
github.com/tmoeish/tsq/query.go:1736.2,1736.56 1 0
github.com/tmoeish/tsq/query.go:1736.56,1738.3 1 0
github.com/tmoeish/tsq/query.go:1740.2,1742.26 2 0
github.com/tmoeish/tsq/query_spec.go:33.85,34.28 1 1
github.com/tmoeish/tsq/query_spec.go:34.28,36.3 1 1
github.com/tmoeish/tsq/query_spec.go:38.2,38.70 1 1
github.com/tmoeish/tsq/query_spec.go:38.70,40.3 1 1
github.com/tmoeish/tsq/query_spec.go:42.2,56.8 5 1
github.com/tmoeish/tsq/query_spec.go:59.55,61.2 1 1
github.com/tmoeish/tsq/query_spec.go:63.58,65.2 1 1
github.com/tmoeish/tsq/query_spec.go:67.53,70.34 2 1
github.com/tmoeish/tsq/query_spec.go:70.34,71.37 1 1
github.com/tmoeish/tsq/query_spec.go:71.37,72.31 1 1
github.com/tmoeish/tsq/query_spec.go:72.31,74.5 1 1
github.com/tmoeish/tsq/query_spec.go:76.4,76.12 1 1
github.com/tmoeish/tsq/query_spec.go:79.3,79.63 1 1
github.com/tmoeish/tsq/query_spec.go:79.63,81.4 1 1
github.com/tmoeish/tsq/query_spec.go:83.3,83.64 1 1
github.com/tmoeish/tsq/query_spec.go:83.64,85.4 1 1
github.com/tmoeish/tsq/query_spec.go:88.2,88.15 1 1
github.com/tmoeish/tsq/query_spec.go:91.56,93.2 1 1
github.com/tmoeish/tsq/query_spec.go:95.58,106.2 6 1
github.com/tmoeish/tsq/query_spec.go:108.58,113.2 3 1
github.com/tmoeish/tsq/query_spec.go:115.72,118.27 2 1
github.com/tmoeish/tsq/query_spec.go:118.27,120.17 2 1
github.com/tmoeish/tsq/query_spec.go:120.17,121.12 1 0
github.com/tmoeish/tsq/query_spec.go:124.3,124.32 1 1
github.com/tmoeish/tsq/query_spec.go:127.2,127.15 1 1
github.com/tmoeish/tsq/query_spec.go:130.79,133.29 2 1
github.com/tmoeish/tsq/query_spec.go:133.29,135.17 2 1
github.com/tmoeish/tsq/query_spec.go:135.17,136.12 1 0
github.com/tmoeish/tsq/query_spec.go:139.3,139.32 1 1
github.com/tmoeish/tsq/query_spec.go:142.2,142.15 1 1
github.com/tmoeish/tsq/query_spec.go:145.53,146.33 1 1
github.com/tmoeish/tsq/query_spec.go:146.33,149.3 2 1
github.com/tmoeish/tsq/query_spec.go:151.2,153.95 2 1
github.com/tmoeish/tsq/query_spec.go:156.54,168.2 9 1
github.com/tmoeish/tsq/query_spec.go:170.55,171.33 1 1
github.com/tmoeish/tsq/query_spec.go:171.33,174.3 2 1
github.com/tmoeish/tsq/query_spec.go:176.2,178.72 2 1
github.com/tmoeish/tsq/query_spec.go:181.56,193.2 9 1
github.com/tmoeish/tsq/query_spec.go:195.53,199.35 3 1
github.com/tmoeish/tsq/query_spec.go:199.35,202.3 2 1
github.com/tmoeish/tsq/query_spec.go:204.2,204.56 1 1
github.com/tmoeish/tsq/query_spec.go:207.54,208.28 1 1
github.com/tmoeish/tsq/query_spec.go:208.28,210.3 1 1
github.com/tmoeish/tsq/query_spec.go:212.2,216.35 3 1
github.com/tmoeish/tsq/query_spec.go:216.35,219.3 2 1
github.com/tmoeish/tsq/query_spec.go:221.2,221.62 1 1
github.com/tmoeish/tsq/query_spec.go:224.53,225.27 1 1
github.com/tmoeish/tsq/query_spec.go:225.27,227.3 1 1
github.com/tmoeish/tsq/query_spec.go:229.2,233.35 3 1
github.com/tmoeish/tsq/query_spec.go:233.35,236.3 2 1
github.com/tmoeish/tsq/query_spec.go:238.2,238.23 1 1
github.com/tmoeish/tsq/query_spec.go:238.23,240.3 1 1
github.com/tmoeish/tsq/query_spec.go:242.2,242.65 1 0
github.com/tmoeish/tsq/query_spec.go:245.56,246.28 1 1
github.com/tmoeish/tsq/query_spec.go:246.28,248.3 1 1
github.com/tmoeish/tsq/query_spec.go:250.2,251.36 2 1
github.com/tmoeish/tsq/query_spec.go:251.36,253.3 1 1
github.com/tmoeish/tsq/query_spec.go:255.2,256.23 2 1
github.com/tmoeish/tsq/query_spec.go:256.23,258.3 1 1
github.com/tmoeish/tsq/query_spec.go:260.2,260.64 1 0
github.com/tmoeish/tsq/query_spec.go:263.56,265.36 2 1
[...]
github.com/tmoeish/tsq/internal/parser/package.go:291.2,292.16 2 0
github.com/tmoeish/tsq/internal/parser/package.go:292.16,294.3 1 0
github.com/tmoeish/tsq/internal/parser/package.go:296.2,296.22 1 0
github.com/tmoeish/tsq/internal/parser/package.go:296.22,298.3 1 0
github.com/tmoeish/tsq/internal/parser/package.go:300.2,300.12 1 0
github.com/tmoeish/tsq/internal/parser/package.go:304.43,307.2 2 0
github.com/tmoeish/tsq/internal/parser/package.go:310.89,312.16 2 1
github.com/tmoeish/tsq/internal/parser/package.go:312.16,314.3 1 0
github.com/tmoeish/tsq/internal/parser/package.go:316.2,323.42 3 1
github.com/tmoeish/tsq/internal/parser/package.go:323.42,324.34 1 1
github.com/tmoeish/tsq/internal/parser/package.go:324.34,325.12 1 0
github.com/tmoeish/tsq/internal/parser/package.go:328.3,328.47 1 1
github.com/tmoeish/tsq/internal/parser/package.go:328.47,329.12 1 1
github.com/tmoeish/tsq/internal/parser/package.go:332.3,334.40 3 1
github.com/tmoeish/tsq/internal/parser/package.go:337.2,340.8 1 1
github.com/tmoeish/tsq/internal/parser/package.go:344.68,346.16 2 0
github.com/tmoeish/tsq/internal/parser/package.go:346.16,348.3 1 0
github.com/tmoeish/tsq/internal/parser/package.go:350.2,359.44 4 0
github.com/tmoeish/tsq/internal/parser/package.go:359.44,360.31 1 0
github.com/tmoeish/tsq/internal/parser/package.go:360.31,361.12 1 0
github.com/tmoeish/tsq/internal/parser/package.go:364.3,368.17 4 0
github.com/tmoeish/tsq/internal/parser/package.go:368.17,370.4 1 0
github.com/tmoeish/tsq/internal/parser/package.go:372.3,373.17 2 0
github.com/tmoeish/tsq/internal/parser/package.go:373.17,375.4 1 0
github.com/tmoeish/tsq/internal/parser/package.go:377.3,378.17 2 0
github.com/tmoeish/tsq/internal/parser/package.go:378.17,380.4 1 0
github.com/tmoeish/tsq/internal/parser/package.go:383.2,383.12 1 0
github.com/tmoeish/tsq/internal/parser/package.go:391.9,392.34 1 0
github.com/tmoeish/tsq/internal/parser/package.go:392.34,394.10 2 0
github.com/tmoeish/tsq/internal/parser/package.go:394.10,395.12 1 0
github.com/tmoeish/tsq/internal/parser/package.go:398.3,398.38 1 0
github.com/tmoeish/tsq/internal/parser/package.go:398.38,400.11 2 0
github.com/tmoeish/tsq/internal/parser/package.go:400.11,401.13 1 0
github.com/tmoeish/tsq/internal/parser/package.go:404.4,405.11 2 0
github.com/tmoeish/tsq/internal/parser/package.go:405.11,406.13 1 0
github.com/tmoeish/tsq/internal/parser/package.go:409.4,413.18 2 0
github.com/tmoeish/tsq/internal/parser/package.go:413.18,415.5 1 0
github.com/tmoeish/tsq/internal/parser/package.go:419.2,419.12 1 0
github.com/tmoeish/tsq/internal/parser/package.go:423.78,426.42 2 1
github.com/tmoeish/tsq/internal/parser/package.go:426.42,430.17 3 1
github.com/tmoeish/tsq/internal/parser/package.go:430.17,432.4 1 1
github.com/tmoeish/tsq/internal/parser/package.go:434.3,434.29 1 1
github.com/tmoeish/tsq/internal/parser/package.go:434.29,435.32 1 1
github.com/tmoeish/tsq/internal/parser/package.go:436.13,437.13 1 1
github.com/tmoeish/tsq/internal/parser/package.go:438.13,439.79 1 1
github.com/tmoeish/tsq/internal/parser/package.go:442.4,442.64 1 1
github.com/tmoeish/tsq/internal/parser/package.go:442.64,449.5 1 1
github.com/tmoeish/tsq/internal/parser/package.go:452.4,454.12 2 1
github.com/tmoeish/tsq/internal/parser/package.go:457.3,457.51 1 1
github.com/tmoeish/tsq/internal/parser/package.go:457.51,464.4 1 0
github.com/tmoeish/tsq/internal/parser/package.go:467.3,467.33 1 1
github.com/tmoeish/tsq/internal/parser/package.go:470.2,470.28 1 1
github.com/tmoeish/tsq/internal/parser/package.go:474.65,476.16 2 1
github.com/tmoeish/tsq/internal/parser/package.go:476.16,478.3 1 1
github.com/tmoeish/tsq/internal/parser/package.go:480.2,483.8 1 1
github.com/tmoeish/tsq/internal/parser/package.go:490.9,491.33 1 1
github.com/tmoeish/tsq/internal/parser/package.go:491.33,493.3 1 0
github.com/tmoeish/tsq/internal/parser/package.go:495.2,495.34 1 1
github.com/tmoeish/tsq/internal/parser/package.go:495.34,497.3 1 1
github.com/tmoeish/tsq/internal/parser/package.go:499.2,500.15 2 1
github.com/tmoeish/tsq/internal/parser/package.go:500.15,502.3 1 1
github.com/tmoeish/tsq/internal/parser/package.go:504.2,504.53 1 1
github.com/tmoeish/tsq/internal/parser/package.go:504.53,506.13 2 1
github.com/tmoeish/tsq/internal/parser/package.go:506.13,508.4 1 0
github.com/tmoeish/tsq/internal/parser/package.go:510.3,510.39 1 1
github.com/tmoeish/tsq/internal/parser/package.go:510.39,511.76 1 1
github.com/tmoeish/tsq/internal/parser/package.go:511.76,513.5 1 1
github.com/tmoeish/tsq/internal/parser/package.go:516.3,516.72 1 0
github.com/tmoeish/tsq/internal/parser/package.go:516.72,518.4 1 0
github.com/tmoeish/tsq/internal/parser/package.go:521.2,523.12 2 0
github.com/tmoeish/tsq/internal/parser/package.go:526.69,528.2 1 1
github.com/tmoeish/tsq/internal/parser/package.go:530.68,532.2 1 1
github.com/tmoeish/tsq/internal/parser/package.go:534.86,535.35 1 1
github.com/tmoeish/tsq/internal/parser/package.go:535.35,537.3 1 0
github.com/tmoeish/tsq/internal/parser/package.go:539.2,539.40 1 1
github.com/tmoeish/tsq/internal/parser/package.go:547.40,551.2 1 1
github.com/tmoeish/tsq/internal/parser/package.go:555.74,557.16 2 1
github.com/tmoeish/tsq/internal/parser/package.go:557.16,559.3 1 0
github.com/tmoeish/tsq/internal/parser/package.go:561.2,565.8 4 1
github.com/tmoeish/tsq/internal/parser/package.go:565.8,567.3 1 1
github.com/tmoeish/tsq/internal/parser/package.go:569.2,570.16 2 1
github.com/tmoeish/tsq/internal/parser/package.go:570.16,572.3 1 0
github.com/tmoeish/tsq/internal/parser/package.go:574.2,577.38 2 1
github.com/tmoeish/tsq/internal/parser/package.go:577.38,580.3 2 0
github.com/tmoeish/tsq/internal/parser/package.go:582.2,585.17 3 1
github.com/tmoeish/tsq/internal/parser/package.go:588.82,590.16 2 1
github.com/tmoeish/tsq/internal/parser/package.go:590.16,592.3 1 0
github.com/tmoeish/tsq/internal/parser/package.go:594.2,594.52 1 1
github.com/tmoeish/tsq/internal/parser/package.go:597.87,604.33 3 1
github.com/tmoeish/tsq/internal/parser/package.go:604.33,607.3 2 0
github.com/tmoeish/tsq/internal/parser/package.go:607.8,607.48 1 1
github.com/tmoeish/tsq/internal/parser/package.go:607.48,609.17 2 1
github.com/tmoeish/tsq/internal/parser/package.go:609.17,611.4 1 0
github.com/tmoeish/tsq/internal/parser/package.go:613.3,613.53 1 1
github.com/tmoeish/tsq/internal/parser/package.go:613.53,614.54 1 0
github.com/tmoeish/tsq/internal/parser/package.go:614.54,616.67 2 0
github.com/tmoeish/tsq/internal/parser/package.go:616.67,618.6 1 0
github.com/tmoeish/tsq/internal/parser/package.go:622.3,623.16 2 1
github.com/tmoeish/tsq/internal/parser/package.go:626.2,627.19 2 1
github.com/tmoeish/tsq/internal/parser/package.go:627.19,629.3 1 1
github.com/tmoeish/tsq/internal/parser/package.go:631.2,631.31 1 1
github.com/tmoeish/tsq/internal/parser/package.go:638.27,640.16 2 1
github.com/tmoeish/tsq/internal/parser/package.go:640.16,642.3 1 0
github.com/tmoeish/tsq/internal/parser/package.go:644.2,644.27 1 1
github.com/tmoeish/tsq/internal/parser/package.go:644.27,645.26 1 1
github.com/tmoeish/tsq/internal/parser/package.go:645.26,647.4 1 1
github.com/tmoeish/tsq/internal/parser/package.go:650.2,650.20 1 1
github.com/tmoeish/tsq/internal/parser/package.go:650.20,652.3 1 0
github.com/tmoeish/tsq/internal/parser/package.go:654.2,657.23 3 1
github.com/tmoeish/tsq/internal/parser/package.go:657.23,659.3 1 0
github.com/tmoeish/tsq/internal/parser/package.go:661.2,668.31 2 1
github.com/tmoeish/tsq/internal/parser/package.go:668.31,669.23 1 1
github.com/tmoeish/tsq/internal/parser/package.go:669.23,671.4 1 1
github.com/tmoeish/tsq/internal/parser/package.go:673.3,673.63 1 1
github.com/tmoeish/tsq/internal/parser/package.go:676.2,676.49 1 1
github.com/tmoeish/tsq/internal/parser/package.go:676.49,678.3 1 0
github.com/tmoeish/tsq/internal/parser/package.go:680.2,680.48 1 1
github.com/tmoeish/tsq/internal/parser/package.go:680.48,685.3 1 1
github.com/tmoeish/tsq/internal/parser/package.go:687.2,687.20 1 1
github.com/tmoeish/tsq/internal/parser/package.go:690.60,691.16 1 1
github.com/tmoeish/tsq/internal/parser/package.go:691.16,693.3 1 0
github.com/tmoeish/tsq/internal/parser/package.go:695.2,703.48 2 1
github.com/tmoeish/tsq/internal/parser/package.go:703.48,705.3 1 1
github.com/tmoeish/tsq/internal/parser/package.go:707.2,707.15 1 1
github.com/tmoeish/tsq/internal/parser/package.go:711.85,712.56 1 0
github.com/tmoeish/tsq/internal/parser/package.go:712.56,713.60 1 0
github.com/tmoeish/tsq/internal/parser/package.go:713.60,715.4 1 0
github.com/tmoeish/tsq/internal/parser/package.go:717.3,717.43 1 0
github.com/tmoeish/tsq/internal/parser/package.go:720.2,720.12 1 0
github.com/tmoeish/tsq/internal/parser/struct.go:44.9,54.16 4 1
github.com/tmoeish/tsq/internal/parser/struct.go:54.16,56.3 1 0
github.com/tmoeish/tsq/internal/parser/struct.go:59.2,59.42 1 1
github.com/tmoeish/tsq/internal/parser/struct.go:59.42,60.41 1 1
github.com/tmoeish/tsq/internal/parser/struct.go:60.41,61.12 1 1
github.com/tmoeish/tsq/internal/parser/struct.go:64.3,64.79 1 0
github.com/tmoeish/tsq/internal/parser/struct.go:64.79,68.4 2 0
github.com/tmoeish/tsq/internal/parser/struct.go:72.2,73.16 2 1
github.com/tmoeish/tsq/internal/parser/struct.go:73.16,75.3 1 1
github.com/tmoeish/tsq/internal/parser/struct.go:78.2,88.12 2 1
github.com/tmoeish/tsq/internal/parser/struct.go:92.50,98.2 2 1
github.com/tmoeish/tsq/internal/parser/struct.go:101.73,104.35 2 1
github.com/tmoeish/tsq/internal/parser/struct.go:104.35,108.60 2 1
github.com/tmoeish/tsq/internal/parser/struct.go:108.60,109.12 1 1
github.com/tmoeish/tsq/internal/parser/struct.go:112.3,112.28 1 0
github.com/tmoeish/tsq/internal/parser/struct.go:115.2,115.17 1 1
github.com/tmoeish/tsq/internal/parser/struct.go:121.21,124.28 2 1
github.com/tmoeish/tsq/internal/parser/struct.go:124.28,126.3 1 1
github.com/tmoeish/tsq/internal/parser/struct.go:129.2,133.38 4 1
github.com/tmoeish/tsq/internal/parser/struct.go:133.38,135.3 1 1
github.com/tmoeish/tsq/internal/parser/struct.go:137.2,139.43 2 1
github.com/tmoeish/tsq/internal/parser/struct.go:139.43,143.36 3 1
github.com/tmoeish/tsq/internal/parser/struct.go:143.36,146.4 2 1
github.com/tmoeish/tsq/internal/parser/struct.go:149.2,149.16 1 1
github.com/tmoeish/tsq/internal/parser/struct.go:152.68,154.28 2 1
github.com/tmoeish/tsq/internal/parser/struct.go:154.28,156.3 1 1
github.com/tmoeish/tsq/internal/parser/struct.go:158.2,158.15 1 1
github.com/tmoeish/tsq/internal/parser/struct.go:161.84,162.16 1 1
github.com/tmoeish/tsq/internal/parser/struct.go:162.16,164.3 1 0
github.com/tmoeish/tsq/internal/parser/struct.go:166.2,166.45 1 1
github.com/tmoeish/tsq/internal/parser/struct.go:166.45,169.3 2 1
github.com/tmoeish/tsq/internal/parser/struct.go:171.2,171.20 1 1
github.com/tmoeish/tsq/internal/parser/struct.go:171.20,173.50 2 1
github.com/tmoeish/tsq/internal/parser/struct.go:173.50,174.12 1 0
github.com/tmoeish/tsq/internal/parser/struct.go:177.3,179.19 2 1
github.com/tmoeish/tsq/internal/parser/struct.go:184.42,193.2 3 1
github.com/tmoeish/tsq/internal/parser/struct.go:196.48,197.43 1 1
github.com/tmoeish/tsq/internal/parser/struct.go:197.43,200.61 2 1
github.com/tmoeish/tsq/internal/parser/struct.go:200.61,203.4 1 1
github.com/tmoeish/tsq/internal/parser/struct.go:203.9,206.4 1 0
github.com/tmoeish/tsq/internal/parser/struct.go:209.3,209.32 1 1
github.com/tmoeish/tsq/internal/parser/struct.go:214.39,217.35 2 1
github.com/tmoeish/tsq/internal/parser/struct.go:217.35,219.3 1 1
github.com/tmoeish/tsq/internal/parser/struct.go:221.2,221.19 1 1
github.com/tmoeish/tsq/internal/parser/struct.go:225.38,226.43 1 1
github.com/tmoeish/tsq/internal/parser/struct.go:226.43,228.3 1 0
github.com/tmoeish/tsq/internal/parser/struct.go:232.38,236.29 3 1
github.com/tmoeish/tsq/internal/parser/struct.go:236.29,237.21 1 1
github.com/tmoeish/tsq/internal/parser/struct.go:237.21,238.12 1 1
github.com/tmoeish/tsq/internal/parser/struct.go:241.3,242.53 2 1
github.com/tmoeish/tsq/internal/parser/struct.go:245.2,245.23 1 1
github.com/tmoeish/tsq/internal/parser/tableinfo.go:21.27,22.25 1 0
github.com/tmoeish/tsq/internal/parser/tableinfo.go:22.25,24.3 1 0
github.com/tmoeish/tsq/internal/parser/tableinfo.go:27.2,28.16 2 0
github.com/tmoeish/tsq/internal/parser/tableinfo.go:28.16,30.3 1 0
github.com/tmoeish/tsq/internal/parser/tableinfo.go:32.2,32.17 1 0
github.com/tmoeish/tsq/internal/parser/tableinfo.go:32.17,34.3 1 0
github.com/tmoeish/tsq/internal/parser/tableinfo.go:37.2,42.18 3 0
github.com/tmoeish/tsq/internal/parser/tableinfo.go:46.45,48.57 2 1
github.com/tmoeish/tsq/internal/parser/tableinfo.go:48.57,49.38 1 1
github.com/tmoeish/tsq/internal/parser/tableinfo.go:49.38,52.4 2 1
github.com/tmoeish/tsq/internal/parser/tableinfo.go:55.2,55.13 1 1
github.com/tmoeish/tsq/internal/parser/tableinfo.go:59.44,61.35 2 1
github.com/tmoeish/tsq/internal/parser/tableinfo.go:61.35,64.3 2 1
github.com/tmoeish/tsq/internal/parser/tableinfo.go:66.2,66.35 1 1
github.com/tmoeish/tsq/internal/parser/tableinfo.go:66.35,70.3 3 0
github.com/tmoeish/tsq/internal/parser/tableinfo.go:72.2,72.13 1 1
github.com/tmoeish/tsq/internal/parser/tableinfo.go:76.62,80.9 3 1
github.com/tmoeish/tsq/internal/parser/tableinfo.go:80.9,82.3 1 0
github.com/tmoeish/tsq/internal/parser/tableinfo.go:84.2,88.31 4 1
github.com/tmoeish/tsq/internal/parser/tableinfo.go:88.31,90.3 1 1
github.com/tmoeish/tsq/internal/parser/tableinfo.go:92.2,92.35 1 1
github.com/tmoeish/tsq/internal/parser/tableinfo.go:92.35,94.3 1 1
github.com/tmoeish/tsq/internal/parser/tableinfo.go:96.2,102.37 5 1
github.com/tmoeish/tsq/internal/parser/tableinfo.go:102.37,103.15 1 1
github.com/tmoeish/tsq/internal/parser/tableinfo.go:103.15,104.15 1 1
github.com/tmoeish/tsq/internal/parser/tableinfo.go:104.15,106.13 2 0
github.com/tmoeish/tsq/internal/parser/tableinfo.go:109.4,109.19 1 1
github.com/tmoeish/tsq/internal/parser/tableinfo.go:110.14,111.19 1 0
github.com/tmoeish/tsq/internal/parser/tableinfo.go:112.13,113.21 1 1
github.com/tmoeish/tsq/internal/parser/tableinfo.go:116.4,116.12 1 1
github.com/tmoeish/tsq/internal/parser/tableinfo.go:119.3,119.18 1 1
github.com/tmoeish/tsq/internal/parser/tableinfo.go:120.12,121.19 1 1
github.com/tmoeish/tsq/internal/parser/tableinfo.go:122.12,123.11 1 1
github.com/tmoeish/tsq/internal/parser/tableinfo.go:124.12,126.18 2 1
github.com/tmoeish/tsq/internal/parser/tableinfo.go:126.18,128.5 1 1
github.com/tmoeish/tsq/internal/parser/tableinfo.go:132.2,132.14 1 1
github.com/tmoeish/tsq/internal/parser/tableinfo.go:132.14,134.3 1 0
github.com/tmoeish/tsq/internal/parser/tableinfo.go:136.2,136.51 1 1
github.com/tmoeish/tsq/internal/parser/tableinfo.go:139.62,142.6 2 1
github.com/tmoeish/tsq/internal/parser/tableinfo.go:142.6,144.16 2 1
github.com/tmoeish/tsq/internal/parser/tableinfo.go:144.16,146.4 1 1
github.com/tmoeish/tsq/internal/parser/tableinfo.go:148.3,151.96 3 1
github.com/tmoeish/tsq/internal/parser/tableinfo.go:151.96,153.4 1 1
github.com/tmoeish/tsq/internal/parser/tableinfo.go:155.3,155.15 1 1
github.com/tmoeish/tsq/internal/parser/tableinfo.go:159.55,161.13 2 1
github.com/tmoeish/tsq/internal/parser/tableinfo.go:161.13,162.18 1 1
github.com/tmoeish/tsq/internal/parser/tableinfo.go:163.18,165.12 2 1
github.com/tmoeish/tsq/internal/parser/tableinfo.go:166.19,167.15 1 0
github.com/tmoeish/tsq/internal/parser/tableinfo.go:170.3,170.8 1 1
github.com/tmoeish/tsq/internal/parser/tableinfo.go:173.2,173.11 1 1
github.com/tmoeish/tsq/internal/parser/tableinfo.go:173.11,175.3 1 1
github.com/tmoeish/tsq/internal/parser/tableinfo.go:177.2,177.49 1 1
github.com/tmoeish/tsq/internal/parser/tableinfo.go:177.49,179.3 1 1
github.com/tmoeish/tsq/internal/parser/tableinfo.go:181.2,181.20 1 1
github.com/tmoeish/tsq/internal/parser/tableinfo.go:181.20,182.32 1 0
github.com/tmoeish/tsq/internal/parser/tableinfo.go:182.32,184.4 1 0
github.com/tmoeish/tsq/internal/parser/tableinfo.go:186.3,186.51 1 0
github.com/tmoeish/tsq/internal/parser/tableinfo.go:189.2,189.14 1 1
github.com/tmoeish/tsq/internal/parser/tableinfo.go:192.64,193.28 1 1
github.com/tmoeish/tsq/internal/parser/tableinfo.go:193.28,194.18 1 0
github.com/tmoeish/tsq/internal/parser/tableinfo.go:195.18,196.12 1 0
github.com/tmoeish/tsq/internal/parser/tableinfo.go:197.19,198.15 1 0
github.com/tmoeish/tsq/internal/parser/tableinfo.go:199.11,200.16 1 0
github.com/tmoeish/tsq/internal/parser/tableinfo.go:204.2,204.13 1 1
github.com/tmoeish/tsq/internal/parser/tableinfo.go:207.41,208.12 1 1
github.com/tmoeish/tsq/internal/parser/tableinfo.go:209.34,210.14 1 1
github.com/tmoeish/tsq/internal/parser/tableinfo.go:211.10,212.15 1 1
github.com/tmoeish/tsq/internal/parser/tableinfo.go:221.27,222.40 1 1
github.com/tmoeish/tsq/internal/parser/tableinfo.go:222.40,225.41 2 1
github.com/tmoeish/tsq/internal/parser/tableinfo.go:225.41,227.4 1 1
github.com/tmoeish/tsq/internal/parser/tableinfo.go:229.3,232.57 3 1
github.com/tmoeish/tsq/internal/parser/tableinfo.go:232.57,234.4 1 1
github.com/tmoeish/tsq/internal/parser/tableinfo.go:234.9,234.62 1 1
github.com/tmoeish/tsq/internal/parser/tableinfo.go:234.62,236.4 1 1
github.com/tmoeish/tsq/internal/parser/tableinfo.go:239.2,239.17 1 1
github.com/tmoeish/tsq/internal/parser/tableinfo.go:247.27,252.16 3 1
github.com/tmoeish/tsq/internal/parser/tableinfo.go:252.16,254.3 1 1
github.com/tmoeish/tsq/internal/parser/tableinfo.go:256.2,256.19 1 1
github.com/tmoeish/tsq/internal/parser/tableinfo.go:256.19,258.3 1 0
github.com/tmoeish/tsq/internal/parser/tableinfo.go:260.2,265.16 5 1
github.com/tmoeish/tsq/internal/parser/tableinfo.go:265.16,267.3 1 0
github.com/tmoeish/tsq/internal/parser/tableinfo.go:269.2,270.16 2 1
github.com/tmoeish/tsq/internal/parser/tableinfo.go:270.16,272.3 1 0
github.com/tmoeish/tsq/internal/parser/tableinfo.go:274.2,274.65 1 1
github.com/tmoeish/tsq/internal/parser/tableinfo.go:282.27,287.16 3 1
github.com/tmoeish/tsq/internal/parser/tableinfo.go:287.16,289.3 1 1
github.com/tmoeish/tsq/internal/parser/tableinfo.go:291.2,291.19 1 1
github.com/tmoeish/tsq/internal/parser/tableinfo.go:291.19,293.3 1 1
github.com/tmoeish/tsq/internal/parser/tableinfo.go:295.2,300.16 5 1
github.com/tmoeish/tsq/internal/parser/tableinfo.go:300.16,302.3 1 0
github.com/tmoeish/tsq/internal/parser/tableinfo.go:304.2,305.16 2 1
github.com/tmoeish/tsq/internal/parser/tableinfo.go:305.16,307.3 1 0
github.com/tmoeish/tsq/internal/parser/tableinfo.go:309.2,309.66 1 1
github.com/tmoeish/tsq/internal/parser/tableinfo.go:313.45,316.35 2 0
github.com/tmoeish/tsq/internal/parser/tableinfo.go:316.35,319.27 2 0
github.com/tmoeish/tsq/internal/parser/tableinfo.go:319.27,326.4 2 0
github.com/tmoeish/tsq/internal/parser/tableinfo.go:329.3,330.25 2 0
github.com/tmoeish/tsq/internal/parser/tableinfo.go:330.25,337.4 2 0
github.com/tmoeish/tsq/internal/parser/tableinfo.go:340.3,340.40 1 0
github.com/tmoeish/tsq/internal/parser/tableinfo.go:340.40,342.34 2 0
github.com/tmoeish/tsq/internal/parser/tableinfo.go:342.34,349.5 2 0
github.com/tmoeish/tsq/internal/parser/tableinfo.go:351.4,352.26 2 0
github.com/tmoeish/tsq/internal/parser/tableinfo.go:352.26,359.5 2 0
github.com/tmoeish/tsq/internal/parser/tableinfo.go:363.2,363.33 1 0
github.com/tmoeish/tsq/internal/parser/tableinfo.go:363.33,364.43 1 0
github.com/tmoeish/tsq/internal/parser/tableinfo.go:364.43,366.34 2 0
github.com/tmoeish/tsq/internal/parser/tableinfo.go:366.34,373.5 2 0
github.com/tmoeish/tsq/internal/parser/tableinfo.go:375.4,376.26 2 0
github.com/tmoeish/tsq/internal/parser/tableinfo.go:376.26,383.5 2 0
github.com/tmoeish/tsq/internal/parser/tableinfo.go:389.46,390.46 1 0
github.com/tmoeish/tsq/internal/parser/tableinfo.go:390.46,392.3 1 0
github.com/tmoeish/tsq/internal/parser/tableinfo.go:393.2,393.47 1 0
github.com/tmoeish/tsq/internal/parser/tableinfo.go:393.47,395.3 1 0
github.com/tmoeish/tsq/internal/parser/tableinfo.go:396.2,396.49 1 0
github.com/tmoeish/tsq/internal/parser/tableinfo.go:396.49,398.3 1 0
