mode: set
github.com/tmoeish/tsq/internal/parser/dsl.go:48.46,51.22 3 1
github.com/tmoeish/tsq/internal/parser/dsl.go:51.22,52.103 1 1
github.com/tmoeish/tsq/internal/parser/dsl.go:52.103,54.4 1 1
github.com/tmoeish/tsq/internal/parser/dsl.go:57.2,59.21 2 1
github.com/tmoeish/tsq/internal/parser/dsl.go:59.21,61.15 2 1
github.com/tmoeish/tsq/internal/parser/dsl.go:61.15,67.12 4 1
github.com/tmoeish/tsq/internal/parser/dsl.go:70.3,70.15 1 1
github.com/tmoeish/tsq/internal/parser/dsl.go:70.15,76.12 4 1
github.com/tmoeish/tsq/internal/parser/dsl.go:79.3,79.15 1 1
github.com/tmoeish/tsq/internal/parser/dsl.go:79.15,85.12 4 1
github.com/tmoeish/tsq/internal/parser/dsl.go:88.3,88.15 1 1
github.com/tmoeish/tsq/internal/parser/dsl.go:88.15,94.12 4 1
github.com/tmoeish/tsq/internal/parser/dsl.go:97.3,97.15 1 1
github.com/tmoeish/tsq/internal/parser/dsl.go:97.15,103.12 4 1
github.com/tmoeish/tsq/internal/parser/dsl.go:106.3,106.15 1 1
github.com/tmoeish/tsq/internal/parser/dsl.go:106.15,112.12 4 1
github.com/tmoeish/tsq/internal/parser/dsl.go:115.3,115.15 1 1
github.com/tmoeish/tsq/internal/parser/dsl.go:115.15,118.42 2 1
github.com/tmoeish/tsq/internal/parser/dsl.go:118.42,119.45 1 1
github.com/tmoeish/tsq/internal/parser/dsl.go:119.45,121.6 1 0
github.com/tmoeish/tsq/internal/parser/dsl.go:121.11,123.6 1 1
github.com/tmoeish/tsq/internal/parser/dsl.go:126.4,126.23 1 1
github.com/tmoeish/tsq/internal/parser/dsl.go:126.23,128.5 1 1
github.com/tmoeish/tsq/internal/parser/dsl.go:130.4,135.12 4 1
github.com/tmoeish/tsq/internal/parser/dsl.go:138.3,138.17 1 1
github.com/tmoeish/tsq/internal/parser/dsl.go:138.17,140.68 2 1
github.com/tmoeish/tsq/internal/parser/dsl.go:140.68,142.5 1 1
github.com/tmoeish/tsq/internal/parser/dsl.go:144.4,145.39 2 1
github.com/tmoeish/tsq/internal/parser/dsl.go:145.39,147.5 1 1
github.com/tmoeish/tsq/internal/parser/dsl.go:147.10,149.5 1 1
github.com/tmoeish/tsq/internal/parser/dsl.go:151.4,155.12 3 1
github.com/tmoeish/tsq/internal/parser/dsl.go:158.3,158.17 1 1
github.com/tmoeish/tsq/internal/parser/dsl.go:158.17,160.44 2 1
github.com/tmoeish/tsq/internal/parser/dsl.go:160.44,162.5 1 1
github.com/tmoeish/tsq/internal/parser/dsl.go:164.4,169.12 4 1
github.com/tmoeish/tsq/internal/parser/dsl.go:172.3,175.14 3 0
github.com/tmoeish/tsq/internal/parser/dsl.go:178.2,180.20 2 1
github.com/tmoeish/tsq/internal/parser/dsl.go:185.27,187.2 1 1
github.com/tmoeish/tsq/internal/parser/dsl.go:189.30,191.2 1 1
github.com/tmoeish/tsq/internal/parser/dsl.go:193.27,195.2 1 1
github.com/tmoeish/tsq/internal/parser/dsl.go:203.40,205.2 1 1
github.com/tmoeish/tsq/internal/parser/dsl.go:207.31,208.27 1 1
github.com/tmoeish/tsq/internal/parser/dsl.go:208.27,210.3 1 1
github.com/tmoeish/tsq/internal/parser/dsl.go:212.2,212.30 1 0
github.com/tmoeish/tsq/internal/parser/dsl.go:215.31,220.2 3 1
github.com/tmoeish/tsq/internal/parser/dsl.go:222.45,224.20 2 1
github.com/tmoeish/tsq/internal/parser/dsl.go:224.20,225.42 1 0
github.com/tmoeish/tsq/internal/parser/dsl.go:228.2,228.12 1 1
github.com/tmoeish/tsq/internal/parser/dsl.go:232.50,236.32 3 1
github.com/tmoeish/tsq/internal/parser/dsl.go:236.32,237.34 1 1
github.com/tmoeish/tsq/internal/parser/dsl.go:237.34,239.12 2 1
github.com/tmoeish/tsq/internal/parser/dsl.go:242.3,243.16 2 1
github.com/tmoeish/tsq/internal/parser/dsl.go:243.16,245.4 1 1
github.com/tmoeish/tsq/internal/parser/dsl.go:245.9,248.4 1 0
github.com/tmoeish/tsq/internal/parser/dsl.go:251.2,251.17 1 1
github.com/tmoeish/tsq/internal/parser/dsl.go:255.59,257.28 2 1
github.com/tmoeish/tsq/internal/parser/dsl.go:257.28,260.34 2 1
github.com/tmoeish/tsq/internal/parser/dsl.go:260.34,265.4 3 1
github.com/tmoeish/tsq/internal/parser/dsl.go:267.3,267.28 1 1
github.com/tmoeish/tsq/internal/parser/dsl.go:270.2,270.16 1 0
github.com/tmoeish/tsq/internal/parser/dsl.go:274.39,276.18 2 1
github.com/tmoeish/tsq/internal/parser/dsl.go:277.19,278.35 1 1
github.com/tmoeish/tsq/internal/parser/dsl.go:279.17,281.38 2 1
github.com/tmoeish/tsq/internal/parser/dsl.go:282.19,285.43 2 1
github.com/tmoeish/tsq/internal/parser/dsl.go:286.21,287.24 1 1
github.com/tmoeish/tsq/internal/parser/dsl.go:288.19,289.25 1 1
github.com/tmoeish/tsq/internal/parser/dsl.go:290.18,291.35 1 0
github.com/tmoeish/tsq/internal/parser/dsl.go:292.10,293.48 1 0
github.com/tmoeish/tsq/internal/parser/dsl.go:297.40,302.66 3 1
github.com/tmoeish/tsq/internal/parser/dsl.go:302.66,303.34 1 1
github.com/tmoeish/tsq/internal/parser/dsl.go:303.34,305.12 2 1
github.com/tmoeish/tsq/internal/parser/dsl.go:308.3,309.25 2 1
github.com/tmoeish/tsq/internal/parser/dsl.go:312.2,314.12 2 1
github.com/tmoeish/tsq/internal/parser/dsl.go:317.42,322.64 3 1
github.com/tmoeish/tsq/internal/parser/dsl.go:322.64,323.34 1 1
github.com/tmoeish/tsq/internal/parser/dsl.go:323.34,325.12 2 1
github.com/tmoeish/tsq/internal/parser/dsl.go:328.3,329.16 2 1
github.com/tmoeish/tsq/internal/parser/dsl.go:329.16,331.4 1 1
github.com/tmoeish/tsq/internal/parser/dsl.go:334.2,336.12 2 1
github.com/tmoeish/tsq/internal/parser/dsl.go:339.36,341.24 2 1
github.com/tmoeish/tsq/internal/parser/dsl.go:341.24,343.3 1 1
github.com/tmoeish/tsq/internal/parser/dsl.go:345.2,345.10 1 1
github.com/tmoeish/tsq/internal/parser/dsl.go:353.18,356.13 2 1
github.com/tmoeish/tsq/internal/parser/dsl.go:356.13,358.3 1 1
github.com/tmoeish/tsq/internal/parser/dsl.go:360.2,360.13 1 1
github.com/tmoeish/tsq/internal/parser/dsl.go:360.13,363.3 2 1
github.com/tmoeish/tsq/internal/parser/dsl.go:365.2,365.24 1 1
github.com/tmoeish/tsq/internal/parser/dsl.go:365.24,366.12 1 1
github.com/tmoeish/tsq/internal/parser/dsl.go:367.15,368.53 1 1
github.com/tmoeish/tsq/internal/parser/dsl.go:368.53,370.5 1 1
github.com/tmoeish/tsq/internal/parser/dsl.go:371.13,372.34 1 1
github.com/tmoeish/tsq/internal/parser/dsl.go:372.34,377.23 4 1
github.com/tmoeish/tsq/internal/parser/dsl.go:377.23,379.6 1 1
github.com/tmoeish/tsq/internal/parser/dsl.go:381.5,381.19 1 1
github.com/tmoeish/tsq/internal/parser/dsl.go:383.12,384.34 1 1
github.com/tmoeish/tsq/internal/parser/dsl.go:384.34,386.5 1 1
github.com/tmoeish/tsq/internal/parser/dsl.go:386.10,386.50 1 1
github.com/tmoeish/tsq/internal/parser/dsl.go:386.50,388.5 1 1
github.com/tmoeish/tsq/internal/parser/dsl.go:389.13,390.34 1 1
github.com/tmoeish/tsq/internal/parser/dsl.go:390.34,392.5 1 0
github.com/tmoeish/tsq/internal/parser/dsl.go:392.10,392.50 1 1
github.com/tmoeish/tsq/internal/parser/dsl.go:392.50,394.5 1 1
github.com/tmoeish/tsq/internal/parser/dsl.go:395.13,396.34 1 1
github.com/tmoeish/tsq/internal/parser/dsl.go:396.34,398.5 1 1
github.com/tmoeish/tsq/internal/parser/dsl.go:398.10,398.50 1 1
github.com/tmoeish/tsq/internal/parser/dsl.go:398.50,400.5 1 1
github.com/tmoeish/tsq/internal/parser/dsl.go:401.13,402.34 1 1
github.com/tmoeish/tsq/internal/parser/dsl.go:402.34,404.5 1 0
github.com/tmoeish/tsq/internal/parser/dsl.go:404.10,404.50 1 1
github.com/tmoeish/tsq/internal/parser/dsl.go:404.50,406.5 1 1
github.com/tmoeish/tsq/internal/parser/dsl.go:407.13,408.35 1 1
github.com/tmoeish/tsq/internal/parser/dsl.go:408.35,409.30 1 1
github.com/tmoeish/tsq/internal/parser/dsl.go:409.30,410.41 1 1
github.com/tmoeish/tsq/internal/parser/dsl.go:410.41,413.31 2 1
github.com/tmoeish/tsq/internal/parser/dsl.go:413.31,414.18 1 1
github.com/tmoeish/tsq/internal/parser/dsl.go:415.20,416.40 1 1
github.com/tmoeish/tsq/internal/parser/dsl.go:416.40,418.10 1 1
github.com/tmoeish/tsq/internal/parser/dsl.go:419.22,420.42 1 1
github.com/tmoeish/tsq/internal/parser/dsl.go:420.42,421.33 1 1
github.com/tmoeish/tsq/internal/parser/dsl.go:421.33,422.42 1 1
github.com/tmoeish/tsq/internal/parser/dsl.go:422.42,424.12 1 1
github.com/tmoeish/tsq/internal/parser/dsl.go:430.7,430.25 1 1
github.com/tmoeish/tsq/internal/parser/dsl.go:430.25,432.8 1 1
github.com/tmoeish/tsq/internal/parser/dsl.go:434.7,434.45 1 1
github.com/tmoeish/tsq/internal/parser/dsl.go:438.14,439.35 1 1
github.com/tmoeish/tsq/internal/parser/dsl.go:439.35,440.30 1 1
github.com/tmoeish/tsq/internal/parser/dsl.go:440.30,441.41 1 1
github.com/tmoeish/tsq/internal/parser/dsl.go:441.41,444.31 2 1
github.com/tmoeish/tsq/internal/parser/dsl.go:444.31,445.18 1 1
github.com/tmoeish/tsq/internal/parser/dsl.go:446.20,447.40 1 1
github.com/tmoeish/tsq/internal/parser/dsl.go:447.40,449.10 1 1
github.com/tmoeish/tsq/internal/parser/dsl.go:450.22,451.42 1 1
github.com/tmoeish/tsq/internal/parser/dsl.go:451.42,452.33 1 1
github.com/tmoeish/tsq/internal/parser/dsl.go:452.33,453.42 1 1
github.com/tmoeish/tsq/internal/parser/dsl.go:453.42,455.12 1 1
github.com/tmoeish/tsq/internal/parser/dsl.go:461.7,461.25 1 1
github.com/tmoeish/tsq/internal/parser/dsl.go:461.25,463.8 1 1
github.com/tmoeish/tsq/internal/parser/dsl.go:465.7,465.47 1 1
github.com/tmoeish/tsq/internal/parser/dsl.go:469.13,470.35 1 1
github.com/tmoeish/tsq/internal/parser/dsl.go:470.35,471.30 1 1
github.com/tmoeish/tsq/internal/parser/dsl.go:471.30,472.39 1 1
github.com/tmoeish/tsq/internal/parser/dsl.go:472.39,474.7 1 1
github.com/tmoeish/tsq/internal/parser/dsl.go:480.2,480.13 1 1
github.com/tmoeish/tsq/internal/parser/errors.go:29.38,31.2 1 0
github.com/tmoeish/tsq/internal/parser/errors.go:34.95,40.2 1 0
github.com/tmoeish/tsq/internal/parser/errors.go:43.46,44.16 1 0
github.com/tmoeish/tsq/internal/parser/errors.go:44.16,46.3 1 0
github.com/tmoeish/tsq/internal/parser/errors.go:50.63,53.2 2 0
github.com/tmoeish/tsq/internal/parser/errors.go:66.59,69.2 2 0
github.com/tmoeish/tsq/internal/parser/field.go:18.28,21.50 2 1
github.com/tmoeish/tsq/internal/parser/field.go:21.50,23.31 1 1
github.com/tmoeish/tsq/internal/parser/field.go:23.31,24.12 1 1
github.com/tmoeish/tsq/internal/parser/field.go:28.3,29.33 2 1
github.com/tmoeish/tsq/internal/parser/field.go:29.33,30.12 1 1
github.com/tmoeish/tsq/internal/parser/field.go:34.3,35.33 2 1
github.com/tmoeish/tsq/internal/parser/field.go:35.33,36.12 1 1
github.com/tmoeish/tsq/internal/parser/field.go:40.3,46.45 3 1
github.com/tmoeish/tsq/internal/parser/field.go:46.45,48.4 1 0
github.com/tmoeish/tsq/internal/parser/field.go:51.3,60.28 2 1
github.com/tmoeish/tsq/internal/parser/field.go:63.2,63.15 1 1
github.com/tmoeish/tsq/internal/parser/field.go:74.55,75.21 1 1
github.com/tmoeish/tsq/internal/parser/field.go:75.21,77.3 1 0
github.com/tmoeish/tsq/internal/parser/field.go:79.2,86.3 3 1
github.com/tmoeish/tsq/internal/parser/field.go:90.43,92.37 1 1
github.com/tmoeish/tsq/internal/parser/field.go:92.37,94.3 1 1
github.com/tmoeish/tsq/internal/parser/field.go:97.2,97.51 1 1
github.com/tmoeish/tsq/internal/parser/field.go:97.51,99.3 1 0
github.com/tmoeish/tsq/internal/parser/field.go:101.2,101.14 1 1
github.com/tmoeish/tsq/internal/parser/field.go:105.43,106.20 1 1
github.com/tmoeish/tsq/internal/parser/field.go:106.20,108.3 1 0
github.com/tmoeish/tsq/internal/parser/field.go:111.2,112.48 2 1
github.com/tmoeish/tsq/internal/parser/field.go:112.48,114.3 1 0
github.com/tmoeish/tsq/internal/parser/field.go:116.2,116.14 1 1
github.com/tmoeish/tsq/internal/parser/field.go:120.62,124.50 2 1
github.com/tmoeish/tsq/internal/parser/field.go:124.50,126.3 1 0
github.com/tmoeish/tsq/internal/parser/field.go:129.2,129.19 1 1
github.com/tmoeish/tsq/internal/parser/field.go:129.19,131.3 1 1
github.com/tmoeish/tsq/internal/parser/field.go:133.2,133.16 1 1
github.com/tmoeish/tsq/internal/parser/field.go:142.19,143.23 1 1
github.com/tmoeish/tsq/internal/parser/field.go:143.23,145.63 1 1
github.com/tmoeish/tsq/internal/parser/field.go:145.63,148.4 1 1
github.com/tmoeish/tsq/internal/parser/field.go:150.3,150.27 1 1
github.com/tmoeish/tsq/internal/parser/field.go:154.2,154.36 1 1
github.com/tmoeish/tsq/internal/parser/field.go:162.25,165.47 2 1
github.com/tmoeish/tsq/internal/parser/field.go:165.47,167.28 1 1
github.com/tmoeish/tsq/internal/parser/field.go:167.28,168.12 1 1
github.com/tmoeish/tsq/internal/parser/field.go:172.3,175.24 3 1
github.com/tmoeish/tsq/internal/parser/field.go:175.24,180.4 1 1
github.com/tmoeish/tsq/internal/parser/field.go:180.9,185.4 1 1
github.com/tmoeish/tsq/internal/parser/field.go:188.3,188.55 1 1
github.com/tmoeish/tsq/internal/parser/field.go:188.55,190.4 1 0
github.com/tmoeish/tsq/internal/parser/field.go:192.3,192.37 1 1
github.com/tmoeish/tsq/internal/parser/field.go:195.2,195.22 1 1
github.com/tmoeish/tsq/internal/parser/field.go:206.3,207.26 1 1
github.com/tmoeish/tsq/internal/parser/field.go:208.18,210.34 1 1
github.com/tmoeish/tsq/internal/parser/field.go:212.25,214.30 1 1
github.com/tmoeish/tsq/internal/parser/field.go:216.22,219.48 2 1
github.com/tmoeish/tsq/internal/parser/field.go:221.21,224.46 2 1
github.com/tmoeish/tsq/internal/parser/field.go:226.10,227.46 1 0
github.com/tmoeish/tsq/internal/parser/field.go:239.3,240.45 1 1
github.com/tmoeish/tsq/internal/parser/field.go:240.45,242.3 1 1
github.com/tmoeish/tsq/internal/parser/field.go:246.2,246.77 1 0
github.com/tmoeish/tsq/internal/parser/package.go:26.60,30.42 3 0
github.com/tmoeish/tsq/internal/parser/package.go:30.42,32.3 1 0
github.com/tmoeish/tsq/internal/parser/package.go:34.2,34.31 1 0
github.com/tmoeish/tsq/internal/parser/package.go:38.52,60.2 6 0
github.com/tmoeish/tsq/internal/parser/package.go:70.68,73.35 2 0
github.com/tmoeish/tsq/internal/parser/package.go:73.35,79.3 4 0
github.com/tmoeish/tsq/internal/parser/package.go:83.50,84.42 1 0
github.com/tmoeish/tsq/internal/parser/package.go:84.42,86.3 1 0
github.com/tmoeish/tsq/internal/parser/package.go:90.74,92.16 2 0
github.com/tmoeish/tsq/internal/parser/package.go:92.16,94.3 1 0
github.com/tmoeish/tsq/internal/parser/package.go:96.2,99.3 1 0
github.com/tmoeish/tsq/internal/parser/package.go:103.63,105.16 2 0
github.com/tmoeish/tsq/internal/parser/package.go:105.16,107.3 1 0
github.com/tmoeish/tsq/internal/parser/package.go:109.2,111.44 2 0
github.com/tmoeish/tsq/internal/parser/package.go:111.44,112.31 1 0
github.com/tmoeish/tsq/internal/parser/package.go:112.31,113.12 1 0
github.com/tmoeish/tsq/internal/parser/package.go:116.3,119.17 3 0
github.com/tmoeish/tsq/internal/parser/package.go:119.17,121.4 1 0
github.com/tmoeish/tsq/internal/parser/package.go:123.3,123.45 1 0
github.com/tmoeish/tsq/internal/parser/package.go:128.43,129.48 1 0
github.com/tmoeish/tsq/internal/parser/package.go:129.48,131.3 1 0
github.com/tmoeish/tsq/internal/parser/package.go:133.2,133.48 1 0
github.com/tmoeish/tsq/internal/parser/package.go:133.48,135.3 1 0
github.com/tmoeish/tsq/internal/parser/package.go:137.2,137.14 1 0
github.com/tmoeish/tsq/internal/parser/package.go:145.3,148.41 2 0
github.com/tmoeish/tsq/internal/parser/package.go:148.41,149.27 1 0
github.com/tmoeish/tsq/internal/parser/package.go:150.21,151.39 1 0
github.com/tmoeish/tsq/internal/parser/package.go:152.22,153.40 1 0
github.com/tmoeish/tsq/internal/parser/package.go:154.11,155.58 1 0
github.com/tmoeish/tsq/internal/parser/package.go:165.3,166.37 1 0
github.com/tmoeish/tsq/internal/parser/package.go:166.37,168.10 2 0
github.com/tmoeish/tsq/internal/parser/package.go:168.10,169.12 1 0
github.com/tmoeish/tsq/internal/parser/package.go:172.3,172.35 1 0
github.com/tmoeish/tsq/internal/parser/package.go:172.35,173.12 1 0
github.com/tmoeish/tsq/internal/parser/package.go:176.3,176.52 1 0
github.com/tmoeish/tsq/internal/parser/package.go:185.3,186.34 1 0
github.com/tmoeish/tsq/internal/parser/package.go:186.34,188.3 1 0
github.com/tmoeish/tsq/internal/parser/package.go:190.2,190.51 1 0
github.com/tmoeish/tsq/internal/parser/package.go:198.3,202.22 3 0
github.com/tmoeish/tsq/internal/parser/package.go:202.22,204.59 2 0
github.com/tmoeish/tsq/internal/parser/package.go:204.59,206.4 1 0
github.com/tmoeish/tsq/internal/parser/package.go:211.43,214.2 2 0
github.com/tmoeish/tsq/internal/parser/package.go:217.80,219.16 2 0
github.com/tmoeish/tsq/internal/parser/package.go:219.16,221.3 1 0
github.com/tmoeish/tsq/internal/parser/package.go:223.2,225.42 2 0
github.com/tmoeish/tsq/internal/parser/package.go:225.42,227.34 1 0
github.com/tmoeish/tsq/internal/parser/package.go:227.34,228.12 1 0
github.com/tmoeish/tsq/internal/parser/package.go:232.3,234.40 3 0
github.com/tmoeish/tsq/internal/parser/package.go:237.2,240.3 1 0
github.com/tmoeish/tsq/internal/parser/package.go:244.62,246.16 2 0
github.com/tmoeish/tsq/internal/parser/package.go:246.16,248.3 1 0
github.com/tmoeish/tsq/internal/parser/package.go:250.2,259.44 4 0
github.com/tmoeish/tsq/internal/parser/package.go:259.44,260.31 1 0
github.com/tmoeish/tsq/internal/parser/package.go:260.31,261.12 1 0
github.com/tmoeish/tsq/internal/parser/package.go:264.3,268.17 4 0
github.com/tmoeish/tsq/internal/parser/package.go:268.17,270.4 1 0
github.com/tmoeish/tsq/internal/parser/package.go:273.3,276.56 2 0
github.com/tmoeish/tsq/internal/parser/package.go:285.3,286.34 1 0
github.com/tmoeish/tsq/internal/parser/package.go:286.34,288.10 2 0
github.com/tmoeish/tsq/internal/parser/package.go:288.10,289.12 1 0
github.com/tmoeish/tsq/internal/parser/package.go:292.3,292.38 1 0
github.com/tmoeish/tsq/internal/parser/package.go:292.38,294.11 2 0
github.com/tmoeish/tsq/internal/parser/package.go:294.11,295.13 1 0
github.com/tmoeish/tsq/internal/parser/package.go:298.4,299.11 2 0
github.com/tmoeish/tsq/internal/parser/package.go:299.11,300.13 1 0
github.com/tmoeish/tsq/internal/parser/package.go:303.4,306.5 1 0
github.com/tmoeish/tsq/internal/parser/package.go:312.69,315.42 2 1
github.com/tmoeish/tsq/internal/parser/package.go:315.42,319.29 3 1
github.com/tmoeish/tsq/internal/parser/package.go:319.29,322.4 1 1
github.com/tmoeish/tsq/internal/parser/package.go:322.9,325.4 1 1
github.com/tmoeish/tsq/internal/parser/package.go:328.2,328.23 1 1
github.com/tmoeish/tsq/internal/parser/package.go:332.56,334.16 2 1
github.com/tmoeish/tsq/internal/parser/package.go:334.16,336.3 1 0
github.com/tmoeish/tsq/internal/parser/package.go:338.2,341.3 1 1
github.com/tmoeish/tsq/internal/parser/package.go:348.3,349.33 1 0
github.com/tmoeish/tsq/internal/parser/package.go:349.33,351.3 1 0
github.com/tmoeish/tsq/internal/parser/package.go:353.2,353.53 1 0
github.com/tmoeish/tsq/internal/parser/package.go:353.53,355.13 2 0
github.com/tmoeish/tsq/internal/parser/package.go:355.13,357.4 1 0
github.com/tmoeish/tsq/internal/parser/package.go:360.3,360.39 1 0
github.com/tmoeish/tsq/internal/parser/package.go:360.39,362.4 1 0
github.com/tmoeish/tsq/internal/parser/package.go:365.3,365.49 1 0
github.com/tmoeish/tsq/internal/parser/package.go:368.2,368.36 1 0
github.com/tmoeish/tsq/internal/parser/package.go:372.79,373.56 1 0
github.com/tmoeish/tsq/internal/parser/package.go:373.56,374.60 1 0
github.com/tmoeish/tsq/internal/parser/package.go:374.60,379.4 1 0
github.com/tmoeish/tsq/internal/parser/package.go:381.3,381.43 1 0
github.com/tmoeish/tsq/internal/parser/struct.go:31.3,43.42 4 1
github.com/tmoeish/tsq/internal/parser/struct.go:43.42,44.79 1 1
github.com/tmoeish/tsq/internal/parser/struct.go:44.79,48.4 2 1
github.com/tmoeish/tsq/internal/parser/struct.go:52.2,60.3 1 1
github.com/tmoeish/tsq/internal/parser/struct.go:64.50,70.2 2 1
github.com/tmoeish/tsq/internal/parser/struct.go:73.73,76.35 2 1
github.com/tmoeish/tsq/internal/parser/struct.go:76.35,80.60 2 1
github.com/tmoeish/tsq/internal/parser/struct.go:80.60,81.12 1 1
github.com/tmoeish/tsq/internal/parser/struct.go:84.3,84.28 1 1
github.com/tmoeish/tsq/internal/parser/struct.go:87.2,87.17 1 1
github.com/tmoeish/tsq/internal/parser/struct.go:93.21,96.28 2 1
github.com/tmoeish/tsq/internal/parser/struct.go:96.28,98.3 1 1
github.com/tmoeish/tsq/internal/parser/struct.go:101.2,102.45 2 1
github.com/tmoeish/tsq/internal/parser/struct.go:102.45,107.35 2 1
github.com/tmoeish/tsq/internal/parser/struct.go:107.35,109.4 1 1
github.com/tmoeish/tsq/internal/parser/struct.go:112.2,112.16 1 1
github.com/tmoeish/tsq/internal/parser/struct.go:116.42,125.2 3 0
github.com/tmoeish/tsq/internal/parser/struct.go:128.48,129.43 1 0
github.com/tmoeish/tsq/internal/parser/struct.go:129.43,132.61 2 0
github.com/tmoeish/tsq/internal/parser/struct.go:132.61,135.4 1 0
github.com/tmoeish/tsq/internal/parser/struct.go:135.9,138.4 1 0
github.com/tmoeish/tsq/internal/parser/struct.go:141.3,141.32 1 0
github.com/tmoeish/tsq/internal/parser/struct.go:146.39,149.35 2 0
github.com/tmoeish/tsq/internal/parser/struct.go:149.35,151.3 1 0
github.com/tmoeish/tsq/internal/parser/struct.go:155.38,156.43 1 0
github.com/tmoeish/tsq/internal/parser/struct.go:156.43,158.3 1 0
github.com/tmoeish/tsq/internal/parser/struct.go:162.38,166.29 3 1
github.com/tmoeish/tsq/internal/parser/struct.go:166.29,167.21 1 1
github.com/tmoeish/tsq/internal/parser/struct.go:167.21,168.12 1 1
github.com/tmoeish/tsq/internal/parser/struct.go:171.3,171.35 1 1
github.com/tmoeish/tsq/internal/parser/struct.go:174.2,174.23 1 1
github.com/tmoeish/tsq/internal/parser/table.go:20.18,21.25 1 0
github.com/tmoeish/tsq/internal/parser/table.go:21.25,23.3 1 0
github.com/tmoeish/tsq/internal/parser/table.go:26.2,27.17 2 0
github.com/tmoeish/tsq/internal/parser/table.go:27.17,29.3 1 0
github.com/tmoeish/tsq/internal/parser/table.go:32.2,37.13 3 0
github.com/tmoeish/tsq/internal/parser/table.go:41.45,43.57 2 1
github.com/tmoeish/tsq/internal/parser/table.go:43.57,44.38 1 1
github.com/tmoeish/tsq/internal/parser/table.go:44.38,47.4 2 1
github.com/tmoeish/tsq/internal/parser/table.go:50.2,50.13 1 1
github.com/tmoeish/tsq/internal/parser/table.go:54.44,56.35 2 1
github.com/tmoeish/tsq/internal/parser/table.go:56.35,59.3 2 1
github.com/tmoeish/tsq/internal/parser/table.go:61.2,61.35 1 1
github.com/tmoeish/tsq/internal/parser/table.go:61.35,65.3 3 0
github.com/tmoeish/tsq/internal/parser/table.go:67.2,67.13 1 1
github.com/tmoeish/tsq/internal/parser/table.go:74.18,75.40 1 1
github.com/tmoeish/tsq/internal/parser/table.go:75.40,78.41 2 1
github.com/tmoeish/tsq/internal/parser/table.go:78.41,80.4 1 1
github.com/tmoeish/tsq/internal/parser/table.go:82.3,85.39 3 1
github.com/tmoeish/tsq/internal/parser/table.go:85.39,87.4 1 1
github.com/tmoeish/tsq/internal/parser/table.go:87.9,87.44 1 1
github.com/tmoeish/tsq/internal/parser/table.go:87.44,89.4 1 1
github.com/tmoeish/tsq/internal/parser/table.go:92.2,92.12 1 0
github.com/tmoeish/tsq/internal/parser/table.go:99.18,106.46 4 1
github.com/tmoeish/tsq/internal/parser/table.go:106.46,108.3 1 0
github.com/tmoeish/tsq/internal/parser/table.go:110.2,116.16 6 1
github.com/tmoeish/tsq/internal/parser/table.go:116.16,118.3 1 0
github.com/tmoeish/tsq/internal/parser/table.go:120.2,121.16 2 1
github.com/tmoeish/tsq/internal/parser/table.go:121.16,123.3 1 0
github.com/tmoeish/tsq/internal/parser/table.go:125.2,125.51 1 1
github.com/tmoeish/tsq/internal/parser/table.go:132.18,139.46 4 1
github.com/tmoeish/tsq/internal/parser/table.go:139.46,141.3 1 1
github.com/tmoeish/tsq/internal/parser/table.go:143.2,149.16 6 1
github.com/tmoeish/tsq/internal/parser/table.go:149.16,151.3 1 0
github.com/tmoeish/tsq/internal/parser/table.go:153.2,154.16 2 1
github.com/tmoeish/tsq/internal/parser/table.go:154.16,156.3 1 0
github.com/tmoeish/tsq/internal/parser/table.go:158.2,158.52 1 1
github.com/tmoeish/tsq/internal/parser/table.go:162.45,165.35 2 0
github.com/tmoeish/tsq/internal/parser/table.go:165.35,168.27 2 0
github.com/tmoeish/tsq/internal/parser/table.go:168.27,175.4 2 0
github.com/tmoeish/tsq/internal/parser/table.go:178.3,179.25 2 0
github.com/tmoeish/tsq/internal/parser/table.go:179.25,186.4 2 0
github.com/tmoeish/tsq/internal/parser/table.go:189.3,189.40 1 0
github.com/tmoeish/tsq/internal/parser/table.go:189.40,191.34 2 0
github.com/tmoeish/tsq/internal/parser/table.go:191.34,198.5 2 0
github.com/tmoeish/tsq/internal/parser/table.go:200.4,201.26 2 0
github.com/tmoeish/tsq/internal/parser/table.go:201.26,208.5 2 0
github.com/tmoeish/tsq/internal/parser/table.go:212.2,212.33 1 0
github.com/tmoeish/tsq/internal/parser/table.go:212.33,213.43 1 0
github.com/tmoeish/tsq/internal/parser/table.go:213.43,215.34 2 0
github.com/tmoeish/tsq/internal/parser/table.go:215.34,222.5 2 0
github.com/tmoeish/tsq/internal/parser/table.go:224.4,225.26 2 0
github.com/tmoeish/tsq/internal/parser/table.go:225.26,232.5 2 0
github.com/tmoeish/tsq/internal/parser/table.go:238.46,239.46 1 0
github.com/tmoeish/tsq/internal/parser/table.go:239.46,241.3 1 0
github.com/tmoeish/tsq/internal/parser/table.go:242.2,242.47 1 0
github.com/tmoeish/tsq/internal/parser/table.go:242.47,244.3 1 0
github.com/tmoeish/tsq/internal/parser/table.go:245.2,245.49 1 0
github.com/tmoeish/tsq/internal/parser/table.go:245.49,247.3 1 0
github.com/tmoeish/tsq/column.go:39.106,47.2 1 1
github.com/tmoeish/tsq/column.go:54.31,56.2 1 1
github.com/tmoeish/tsq/column.go:59.31,61.2 1 1
github.com/tmoeish/tsq/column.go:64.40,66.2 1 1
github.com/tmoeish/tsq/column.go:69.40,71.2 1 1
github.com/tmoeish/tsq/column.go:74.45,76.2 1 1
github.com/tmoeish/tsq/column.go:84.79,92.2 1 1
github.com/tmoeish/tsq/condition.go:19.35,23.26 3 0
github.com/tmoeish/tsq/condition.go:23.26,24.33 1 0
github.com/tmoeish/tsq/condition.go:24.33,26.4 1 0
github.com/tmoeish/tsq/condition.go:28.3,28.40 1 0
github.com/tmoeish/tsq/condition.go:31.2,34.3 1 0
github.com/tmoeish/tsq/condition.go:38.34,42.26 3 0
github.com/tmoeish/tsq/condition.go:42.26,43.33 1 0
github.com/tmoeish/tsq/condition.go:43.33,45.4 1 0
github.com/tmoeish/tsq/condition.go:47.3,47.40 1 0
github.com/tmoeish/tsq/condition.go:50.2,53.3 1 0
github.com/tmoeish/tsq/condition.go:72.41,74.2 1 0
github.com/tmoeish/tsq/condition.go:76.31,78.2 1 0
github.com/tmoeish/tsq/condition.go:84.38,84.76 1 0
github.com/tmoeish/tsq/condition.go:85.38,85.77 1 0
github.com/tmoeish/tsq/condition.go:86.38,86.76 1 0
github.com/tmoeish/tsq/condition.go:87.38,87.77 1 0
github.com/tmoeish/tsq/condition.go:88.38,88.76 1 0
github.com/tmoeish/tsq/condition.go:89.38,89.77 1 0
github.com/tmoeish/tsq/condition.go:90.38,90.81 1 0
github.com/tmoeish/tsq/condition.go:91.38,91.85 1 0
github.com/tmoeish/tsq/condition.go:92.38,92.81 1 0
github.com/tmoeish/tsq/condition.go:93.38,93.85 1 0
github.com/tmoeish/tsq/condition.go:94.38,94.83 1 0
github.com/tmoeish/tsq/condition.go:95.38,95.87 1 0
github.com/tmoeish/tsq/condition.go:96.38,96.94 1 0
github.com/tmoeish/tsq/condition.go:97.38,97.98 1 0
github.com/tmoeish/tsq/condition.go:103.45,103.83 1 0
github.com/tmoeish/tsq/condition.go:104.45,104.84 1 0
github.com/tmoeish/tsq/condition.go:105.45,105.83 1 0
github.com/tmoeish/tsq/condition.go:106.45,106.84 1 0
github.com/tmoeish/tsq/condition.go:107.45,107.83 1 0
github.com/tmoeish/tsq/condition.go:108.45,108.84 1 0
github.com/tmoeish/tsq/condition.go:109.45,109.88 1 0
github.com/tmoeish/tsq/condition.go:110.45,110.92 1 0
github.com/tmoeish/tsq/condition.go:111.45,111.88 1 0
github.com/tmoeish/tsq/condition.go:112.45,112.92 1 0
github.com/tmoeish/tsq/condition.go:113.45,113.90 1 0
github.com/tmoeish/tsq/condition.go:114.45,114.94 1 0
github.com/tmoeish/tsq/condition.go:115.45,115.103 1 0
github.com/tmoeish/tsq/condition.go:116.45,118.2 1 0
github.com/tmoeish/tsq/condition.go:119.37,119.100 1 0
github.com/tmoeish/tsq/condition.go:120.37,120.104 1 0
github.com/tmoeish/tsq/condition.go:121.37,121.73 1 0
github.com/tmoeish/tsq/condition.go:122.37,122.77 1 0
github.com/tmoeish/tsq/condition.go:128.43,128.83 1 0
github.com/tmoeish/tsq/condition.go:129.43,129.84 1 0
github.com/tmoeish/tsq/condition.go:130.43,130.83 1 0
github.com/tmoeish/tsq/condition.go:131.43,131.84 1 0
github.com/tmoeish/tsq/condition.go:132.43,132.83 1 0
github.com/tmoeish/tsq/condition.go:133.43,133.84 1 0
github.com/tmoeish/tsq/condition.go:134.49,136.2 1 0
github.com/tmoeish/tsq/condition.go:138.50,140.2 1 0
github.com/tmoeish/tsq/condition.go:141.47,141.104 1 0
github.com/tmoeish/tsq/condition.go:142.48,144.2 1 0
github.com/tmoeish/tsq/condition.go:146.48,148.2 1 0
github.com/tmoeish/tsq/condition.go:150.49,152.2 1 0
github.com/tmoeish/tsq/condition.go:158.45,158.83 1 0
github.com/tmoeish/tsq/condition.go:159.45,159.84 1 0
github.com/tmoeish/tsq/condition.go:160.45,160.83 1 0
github.com/tmoeish/tsq/condition.go:161.45,161.84 1 0
github.com/tmoeish/tsq/condition.go:162.45,162.83 1 0
github.com/tmoeish/tsq/condition.go:163.45,163.84 1 0
github.com/tmoeish/tsq/condition.go:164.45,164.86 1 0
github.com/tmoeish/tsq/condition.go:165.45,165.90 1 0
github.com/tmoeish/tsq/condition.go:166.45,166.84 1 0
github.com/tmoeish/tsq/condition.go:167.45,167.88 1 0
github.com/tmoeish/tsq/condition.go:168.45,168.88 1 0
github.com/tmoeish/tsq/condition.go:169.45,169.92 1 0
github.com/tmoeish/tsq/condition.go:170.45,170.88 1 0
github.com/tmoeish/tsq/condition.go:171.45,171.92 1 0
github.com/tmoeish/tsq/condition.go:178.56,182.27 2 0
github.com/tmoeish/tsq/condition.go:182.27,183.34 1 0
github.com/tmoeish/tsq/condition.go:183.34,185.4 1 0
github.com/tmoeish/tsq/condition.go:189.2,192.27 3 0
github.com/tmoeish/tsq/condition.go:192.27,194.3 1 0
github.com/tmoeish/tsq/condition.go:196.2,199.3 1 0
github.com/tmoeish/tsq/condition.go:214.43,214.57 1 0
github.com/tmoeish/tsq/condition.go:223.41,225.2 1 0
github.com/tmoeish/tsq/condition.go:227.53,229.31 2 0
github.com/tmoeish/tsq/condition.go:229.31,230.53 1 0
github.com/tmoeish/tsq/condition.go:233.2,234.25 2 0
github.com/tmoeish/tsq/condition.go:234.25,236.3 1 0
github.com/tmoeish/tsq/condition.go:238.2,240.3 1 0
github.com/tmoeish/tsq/condition.go:244.39,245.25 1 0
github.com/tmoeish/tsq/condition.go:246.18,247.18 1 0
github.com/tmoeish/tsq/condition.go:248.14,249.27 1 0
github.com/tmoeish/tsq/condition.go:250.14,251.27 1 0
github.com/tmoeish/tsq/condition.go:252.14,253.63 1 0
github.com/tmoeish/tsq/condition.go:254.10,255.27 1 0
github.com/tmoeish/tsq/condition.go:260.38,261.14 1 0
github.com/tmoeish/tsq/condition.go:261.14,262.34 1 0
github.com/tmoeish/tsq/condition.go:265.2,265.41 1 0
github.com/tmoeish/tsq/condition.go:269.35,271.16 2 0
github.com/tmoeish/tsq/condition.go:271.16,272.75 1 0
github.com/tmoeish/tsq/condition.go:275.2,275.12 1 0
github.com/tmoeish/tsq/condition.go:280.40,281.16 1 1
github.com/tmoeish/tsq/condition.go:281.16,283.3 1 1
github.com/tmoeish/tsq/condition.go:286.2,286.43 1 1
github.com/tmoeish/tsq/condition.go:286.43,288.17 2 1
github.com/tmoeish/tsq/condition.go:288.17,290.4 1 0
github.com/tmoeish/tsq/condition.go:292.3,292.17 1 1
github.com/tmoeish/tsq/condition.go:292.17,294.4 1 1
github.com/tmoeish/tsq/condition.go:296.3,296.23 1 1
github.com/tmoeish/tsq/condition.go:300.2,301.30 2 1
github.com/tmoeish/tsq/condition.go:301.30,302.16 1 1
github.com/tmoeish/tsq/condition.go:302.16,304.4 1 1
github.com/tmoeish/tsq/condition.go:306.3,307.22 2 1
github.com/tmoeish/tsq/condition.go:310.2,310.27 1 1
github.com/tmoeish/tsq/condition.go:311.14,312.35 1 1
github.com/tmoeish/tsq/condition.go:313.14,314.43 1 1
github.com/tmoeish/tsq/condition.go:315.20,316.43 1 1
github.com/tmoeish/tsq/condition.go:319.11,320.48 1 1
github.com/tmoeish/tsq/condition.go:321.12,322.48 1 1
github.com/tmoeish/tsq/condition.go:323.13,324.48 1 1
github.com/tmoeish/tsq/condition.go:325.13,326.48 1 1
github.com/tmoeish/tsq/condition.go:327.13,328.41 1 1
github.com/tmoeish/tsq/condition.go:331.12,332.50 1 1
github.com/tmoeish/tsq/condition.go:333.13,334.50 1 1
github.com/tmoeish/tsq/condition.go:335.14,336.50 1 1
github.com/tmoeish/tsq/condition.go:337.14,338.50 1 1
github.com/tmoeish/tsq/condition.go:339.14,340.42 1 1
github.com/tmoeish/tsq/condition.go:343.15,344.31 1 1
github.com/tmoeish/tsq/condition.go:344.31,346.4 1 1
github.com/tmoeish/tsq/condition.go:348.3,348.34 1 1
github.com/tmoeish/tsq/condition.go:348.34,350.4 1 1
github.com/tmoeish/tsq/condition.go:352.3,352.61 1 1
github.com/tmoeish/tsq/condition.go:353.15,354.22 1 1
github.com/tmoeish/tsq/condition.go:354.22,356.4 1 1
github.com/tmoeish/tsq/condition.go:358.3,358.25 1 1
github.com/tmoeish/tsq/condition.go:358.25,360.4 1 1
github.com/tmoeish/tsq/condition.go:362.3,362.52 1 1
github.com/tmoeish/tsq/condition.go:365.12,366.10 1 1
github.com/tmoeish/tsq/condition.go:366.10,368.4 1 1
github.com/tmoeish/tsq/condition.go:370.3,370.22 1 1
github.com/tmoeish/tsq/condition.go:373.17,374.19 1 1
github.com/tmoeish/tsq/condition.go:374.19,376.4 1 1
github.com/tmoeish/tsq/condition.go:378.3,378.69 1 1
github.com/tmoeish/tsq/condition.go:380.10,382.28 1 1
github.com/tmoeish/tsq/condition.go:387.39,394.2 3 1
github.com/tmoeish/tsq/condition.go:397.55,398.18 1 1
github.com/tmoeish/tsq/condition.go:399.21,400.46 1 1
github.com/tmoeish/tsq/condition.go:400.46,404.4 2 0
github.com/tmoeish/tsq/condition.go:406.3,406.64 1 1
github.com/tmoeish/tsq/condition.go:408.21,409.46 1 1
github.com/tmoeish/tsq/condition.go:409.46,412.27 2 1
github.com/tmoeish/tsq/condition.go:412.27,414.5 1 1
github.com/tmoeish/tsq/condition.go:416.4,416.46 1 1
github.com/tmoeish/tsq/condition.go:419.3,419.64 1 0
github.com/tmoeish/tsq/condition.go:421.78,422.45 1 0
github.com/tmoeish/tsq/condition.go:424.83,425.47 1 0
github.com/tmoeish/tsq/condition.go:427.40,429.40 2 0
github.com/tmoeish/tsq/condition.go:429.40,431.4 1 0
github.com/tmoeish/tsq/condition.go:433.3,433.50 1 0
github.com/tmoeish/tsq/condition.go:435.20,436.15 1 0
github.com/tmoeish/tsq/condition.go:436.15,438.4 1 0
github.com/tmoeish/tsq/condition.go:440.3,440.22 1 0
github.com/tmoeish/tsq/condition.go:442.22,443.42 1 0
github.com/tmoeish/tsq/condition.go:445.10,447.64 1 0
github.com/tmoeish/tsq/function.go:12.42,20.2 1 1
github.com/tmoeish/tsq/function.go:23.39,31.2 1 1
github.com/tmoeish/tsq/function.go:38.32,40.2 1 1
github.com/tmoeish/tsq/function.go:43.30,45.2 1 1
github.com/tmoeish/tsq/function.go:48.30,50.2 1 1
github.com/tmoeish/tsq/function.go:53.30,55.2 1 1
github.com/tmoeish/tsq/function.go:58.30,60.2 1 1
github.com/tmoeish/tsq/function.go:63.35,65.2 1 1
github.com/tmoeish/tsq/function.go:72.32,74.2 1 1
github.com/tmoeish/tsq/function.go:77.32,79.2 1 1
github.com/tmoeish/tsq/function.go:82.53,84.2 1 1
github.com/tmoeish/tsq/function.go:87.33,89.2 1 1
github.com/tmoeish/tsq/function.go:92.31,94.2 1 1
github.com/tmoeish/tsq/function.go:97.45,99.2 1 1
github.com/tmoeish/tsq/function.go:106.30,108.2 1 1
github.com/tmoeish/tsq/function.go:111.31,113.2 1 1
github.com/tmoeish/tsq/function.go:116.31,118.2 1 1
github.com/tmoeish/tsq/function.go:121.32,123.2 1 1
github.com/tmoeish/tsq/function.go:126.30,128.2 1 1
github.com/tmoeish/tsq/function.go:135.45,137.2 1 1
github.com/tmoeish/tsq/function.go:140.31,142.2 1 1
github.com/tmoeish/tsq/function.go:145.32,147.2 1 1
github.com/tmoeish/tsq/function.go:150.30,152.2 1 1
github.com/tmoeish/tsq/function.go:159.47,161.2 1 1
github.com/tmoeish/tsq/function.go:164.45,166.2 1 1
github.com/tmoeish/tsq/order.go:26.33,28.2 1 1
github.com/tmoeish/tsq/order.go:31.34,33.2 1 1
github.com/tmoeish/tsq/order.go:36.33,38.2 1 1
github.com/tmoeish/tsq/order.go:45.31,50.2 1 1
github.com/tmoeish/tsq/order.go:53.32,58.2 1 1
github.com/tmoeish/tsq/order.go:65.52,67.30 2 1
github.com/tmoeish/tsq/order.go:67.30,69.3 1 1
github.com/tmoeish/tsq/order.go:71.2,71.20 1 1
github.com/tmoeish/tsq/order.go:75.38,76.18 1 1
github.com/tmoeish/tsq/order.go:76.18,78.3 1 1
github.com/tmoeish/tsq/order.go:80.2,80.12 1 1
github.com/tmoeish/tsq/paging.go:42.45,51.19 2 1
github.com/tmoeish/tsq/paging.go:51.19,53.3 1 1
github.com/tmoeish/tsq/paging.go:56.2,56.50 1 1
github.com/tmoeish/tsq/paging.go:56.50,57.71 1 1
github.com/tmoeish/tsq/paging.go:57.71,59.4 1 1
github.com/tmoeish/tsq/paging.go:63.2,63.50 1 1
github.com/tmoeish/tsq/paging.go:63.50,64.71 1 1
github.com/tmoeish/tsq/paging.go:64.71,66.4 1 1
github.com/tmoeish/tsq/paging.go:70.2,71.24 2 1
github.com/tmoeish/tsq/paging.go:71.24,73.3 1 1
github.com/tmoeish/tsq/paging.go:76.2,81.13 3 1
github.com/tmoeish/tsq/paging.go:85.40,90.21 4 1
github.com/tmoeish/tsq/paging.go:90.21,92.3 1 1
github.com/tmoeish/tsq/paging.go:94.2,94.19 1 1
github.com/tmoeish/tsq/paging.go:94.19,96.3 1 1
github.com/tmoeish/tsq/paging.go:98.2,98.21 1 1
github.com/tmoeish/tsq/paging.go:98.21,100.3 1 1
github.com/tmoeish/tsq/paging.go:102.2,102.10 1 1
github.com/tmoeish/tsq/paging.go:106.32,108.2 1 1
github.com/tmoeish/tsq/paging.go:111.36,112.17 1 1
github.com/tmoeish/tsq/paging.go:112.17,114.3 1 1
github.com/tmoeish/tsq/paging.go:116.2,116.17 1 1
github.com/tmoeish/tsq/paging.go:116.17,118.3 1 1
github.com/tmoeish/tsq/paging.go:120.2,120.26 1 1
github.com/tmoeish/tsq/paging.go:120.26,122.3 1 1
github.com/tmoeish/tsq/paging.go:124.2,124.12 1 1
github.com/tmoeish/tsq/paging.go:141.74,149.16 2 1
github.com/tmoeish/tsq/paging.go:149.16,151.31 2 1
github.com/tmoeish/tsq/paging.go:151.31,153.4 1 1
github.com/tmoeish/tsq/paging.go:156.2,156.13 1 1
github.com/tmoeish/tsq/paging.go:160.38,162.2 1 1
github.com/tmoeish/tsq/paging.go:165.38,167.2 1 1
github.com/tmoeish/tsq/paging.go:170.38,172.2 1 1
github.com/tmoeish/tsq/query.go:25.64,27.2 1 1
github.com/tmoeish/tsq/query.go:29.46,31.2 1 1
github.com/tmoeish/tsq/query.go:39.76,41.2 1 1
github.com/tmoeish/tsq/query.go:43.48,48.2 1 1
github.com/tmoeish/tsq/query.go:74.33,76.2 1 1
github.com/tmoeish/tsq/query.go:79.34,81.2 1 1
github.com/tmoeish/tsq/query.go:84.35,86.2 1 1
github.com/tmoeish/tsq/query.go:89.36,91.2 1 1
github.com/tmoeish/tsq/query.go:98.44,100.16 2 1
github.com/tmoeish/tsq/query.go:100.16,102.3 1 0
github.com/tmoeish/tsq/query.go:104.2,104.10 1 1
github.com/tmoeish/tsq/query.go:108.49,109.31 1 1
github.com/tmoeish/tsq/query.go:109.31,111.3 1 1
github.com/tmoeish/tsq/query.go:114.2,114.33 1 1
github.com/tmoeish/tsq/query.go:114.33,115.37 1 0
github.com/tmoeish/tsq/query.go:115.37,116.61 1 0
github.com/tmoeish/tsq/query.go:116.61,119.5 1 0
github.com/tmoeish/tsq/query.go:124.2,139.8 5 1
github.com/tmoeish/tsq/query.go:151.18,155.16 3 0
github.com/tmoeish/tsq/query.go:155.16,157.3 1 0
github.com/tmoeish/tsq/query.go:159.2,159.20 1 0
github.com/tmoeish/tsq/query.go:167.20,171.16 3 0
github.com/tmoeish/tsq/query.go:171.16,173.3 1 0
github.com/tmoeish/tsq/query.go:175.2,175.20 1 0
github.com/tmoeish/tsq/query.go:183.19,187.16 3 0
github.com/tmoeish/tsq/query.go:187.16,189.3 1 0
github.com/tmoeish/tsq/query.go:191.2,191.20 1 0
github.com/tmoeish/tsq/query.go:199.16,203.16 3 0
github.com/tmoeish/tsq/query.go:203.16,205.3 1 0
github.com/tmoeish/tsq/query.go:207.2,207.24 1 0
github.com/tmoeish/tsq/query.go:215.17,219.16 3 0
github.com/tmoeish/tsq/query.go:219.16,221.3 1 0
github.com/tmoeish/tsq/query.go:223.2,223.23 1 0
github.com/tmoeish/tsq/query.go:237.25,239.16 2 0
github.com/tmoeish/tsq/query.go:239.16,241.3 1 0
github.com/tmoeish/tsq/query.go:244.2,246.48 2 0
github.com/tmoeish/tsq/query.go:246.48,248.27 2 0
github.com/tmoeish/tsq/query.go:248.27,250.4 1 0
github.com/tmoeish/tsq/query.go:254.2,260.16 4 0
github.com/tmoeish/tsq/query.go:260.16,262.3 1 0
github.com/tmoeish/tsq/query.go:265.2,268.16 3 0
github.com/tmoeish/tsq/query.go:268.16,270.3 1 0
github.com/tmoeish/tsq/query.go:272.2,272.15 1 0
github.com/tmoeish/tsq/query.go:272.15,273.48 1 0
github.com/tmoeish/tsq/query.go:273.48,275.4 1 0
github.com/tmoeish/tsq/query.go:278.2,278.35 1 0
github.com/tmoeish/tsq/query.go:278.35,280.3 1 0
github.com/tmoeish/tsq/query.go:283.2,285.18 2 0
github.com/tmoeish/tsq/query.go:285.18,289.36 3 0
github.com/tmoeish/tsq/query.go:289.36,291.4 1 0
github.com/tmoeish/tsq/query.go:293.3,293.44 1 0
github.com/tmoeish/tsq/query.go:293.44,295.4 1 0
github.com/tmoeish/tsq/query.go:297.3,297.25 1 0
github.com/tmoeish/tsq/query.go:300.2,300.44 1 0
github.com/tmoeish/tsq/query.go:308.17,312.16 3 0
github.com/tmoeish/tsq/query.go:312.16,314.3 1 0
github.com/tmoeish/tsq/query.go:316.2,316.23 1 0
github.com/tmoeish/tsq/query.go:316.23,318.3 1 0
github.com/tmoeish/tsq/query.go:320.2,320.15 1 0
github.com/tmoeish/tsq/query.go:320.15,322.3 1 0
github.com/tmoeish/tsq/query.go:324.2,326.18 2 0
github.com/tmoeish/tsq/query.go:326.18,330.35 3 0
github.com/tmoeish/tsq/query.go:330.35,332.4 1 0
github.com/tmoeish/tsq/query.go:334.3,334.44 1 0
github.com/tmoeish/tsq/query.go:334.44,336.4 1 0
github.com/tmoeish/tsq/query.go:338.3,338.25 1 0
github.com/tmoeish/tsq/query.go:341.2,341.18 1 0
github.com/tmoeish/tsq/query.go:349.15,353.34 3 0
github.com/tmoeish/tsq/query.go:353.34,354.41 1 0
github.com/tmoeish/tsq/query.go:354.41,356.4 1 0
github.com/tmoeish/tsq/query.go:358.3,358.66 1 0
github.com/tmoeish/tsq/query.go:361.2,364.34 3 0
github.com/tmoeish/tsq/query.go:364.34,366.3 1 0
github.com/tmoeish/tsq/query.go:368.2,368.42 1 0
github.com/tmoeish/tsq/query.go:368.42,370.3 1 0
github.com/tmoeish/tsq/query.go:372.2,372.15 1 0
github.com/tmoeish/tsq/query.go:380.9,384.34 3 0
github.com/tmoeish/tsq/query.go:384.34,385.41 1 0
github.com/tmoeish/tsq/query.go:385.41,387.4 1 0
github.com/tmoeish/tsq/query.go:389.3,389.61 1 0
github.com/tmoeish/tsq/query.go:392.2,393.34 2 0
github.com/tmoeish/tsq/query.go:393.34,395.3 1 0
github.com/tmoeish/tsq/query.go:397.2,397.42 1 0
github.com/tmoeish/tsq/query.go:397.42,398.41 1 0
github.com/tmoeish/tsq/query.go:398.41,400.4 1 0
github.com/tmoeish/tsq/query.go:402.3,402.42 1 0
github.com/tmoeish/tsq/query.go:405.2,405.12 1 0
github.com/tmoeish/tsq/query.go:408.71,410.49 2 0
github.com/tmoeish/tsq/query.go:410.49,413.3 2 0
github.com/tmoeish/tsq/query.go:413.8,416.3 2 0
github.com/tmoeish/tsq/query.go:419.2,420.34 2 0
github.com/tmoeish/tsq/query.go:420.34,422.30 2 0
github.com/tmoeish/tsq/query.go:422.30,424.4 1 0
github.com/tmoeish/tsq/query.go:427.2,427.28 1 0
github.com/tmoeish/tsq/query.go:427.28,431.35 3 0
github.com/tmoeish/tsq/query.go:431.35,433.4 1 0
github.com/tmoeish/tsq/query.go:435.3,437.31 2 0
github.com/tmoeish/tsq/query.go:437.31,441.11 3 0
github.com/tmoeish/tsq/query.go:441.11,443.5 1 0
github.com/tmoeish/tsq/query.go:445.4,446.41 2 0
github.com/tmoeish/tsq/query.go:446.41,448.5 1 0
github.com/tmoeish/tsq/query.go:450.4,450.53 1 0
github.com/tmoeish/tsq/query.go:453.3,453.61 1 0
github.com/tmoeish/tsq/query.go:457.2,459.33 2 0
github.com/tmoeish/tsq/query.go:474.54,480.2 1 1
github.com/tmoeish/tsq/query.go:489.9,490.21 1 0
github.com/tmoeish/tsq/query.go:490.21,492.3 1 0
github.com/tmoeish/tsq/query.go:494.2,495.43 2 0
github.com/tmoeish/tsq/query.go:495.43,497.3 1 0
github.com/tmoeish/tsq/query.go:500.2,500.50 1 0
github.com/tmoeish/tsq/query.go:500.50,502.23 2 0
github.com/tmoeish/tsq/query.go:502.23,504.4 1 0
github.com/tmoeish/tsq/query.go:506.3,507.64 2 0
github.com/tmoeish/tsq/query.go:507.64,509.4 1 0
github.com/tmoeish/tsq/query.go:512.2,512.12 1 0
github.com/tmoeish/tsq/query.go:521.9,522.21 1 0
github.com/tmoeish/tsq/query.go:522.21,524.3 1 0
github.com/tmoeish/tsq/query.go:528.2,528.35 1 0
github.com/tmoeish/tsq/query.go:528.35,529.18 1 0
github.com/tmoeish/tsq/query.go:529.18,531.4 1 0
github.com/tmoeish/tsq/query.go:533.3,534.24 2 0
github.com/tmoeish/tsq/query.go:534.24,536.58 1 0
github.com/tmoeish/tsq/query.go:536.58,537.33 1 0
github.com/tmoeish/tsq/query.go:537.33,539.14 2 0
github.com/tmoeish/tsq/query.go:542.5,542.76 1 0
github.com/tmoeish/tsq/query.go:544.9,546.58 1 0
github.com/tmoeish/tsq/query.go:546.58,548.5 1 0
github.com/tmoeish/tsq/query.go:552.2,552.12 1 0
github.com/tmoeish/tsq/query.go:563.9,564.21 1 0
github.com/tmoeish/tsq/query.go:564.21,566.3 1 0
github.com/tmoeish/tsq/query.go:568.2,569.43 2 0
github.com/tmoeish/tsq/query.go:569.43,571.3 1 0
github.com/tmoeish/tsq/query.go:574.2,574.50 1 0
github.com/tmoeish/tsq/query.go:574.50,576.23 2 0
github.com/tmoeish/tsq/query.go:576.23,578.4 1 0
github.com/tmoeish/tsq/query.go:580.3,581.58 2 0
github.com/tmoeish/tsq/query.go:581.58,583.4 1 0
github.com/tmoeish/tsq/query.go:586.2,586.12 1 0
github.com/tmoeish/tsq/query.go:594.9,595.29 1 0
github.com/tmoeish/tsq/query.go:595.29,596.61 1 0
github.com/tmoeish/tsq/query.go:596.61,598.4 1 0
github.com/tmoeish/tsq/query.go:601.2,601.12 1 0
github.com/tmoeish/tsq/query.go:610.9,611.21 1 0
github.com/tmoeish/tsq/query.go:611.21,613.3 1 0
github.com/tmoeish/tsq/query.go:615.2,616.43 2 0
github.com/tmoeish/tsq/query.go:616.43,618.3 1 0
github.com/tmoeish/tsq/query.go:621.2,621.50 1 0
github.com/tmoeish/tsq/query.go:621.50,623.23 2 0
github.com/tmoeish/tsq/query.go:623.23,625.4 1 0
github.com/tmoeish/tsq/query.go:627.3,628.58 2 0
github.com/tmoeish/tsq/query.go:628.58,630.4 1 0
github.com/tmoeish/tsq/query.go:633.2,633.12 1 0
github.com/tmoeish/tsq/query.go:641.9,642.29 1 0
github.com/tmoeish/tsq/query.go:642.29,643.61 1 0
github.com/tmoeish/tsq/query.go:643.61,645.4 1 0
github.com/tmoeish/tsq/query.go:648.2,648.12 1 0
github.com/tmoeish/tsq/query.go:659.9,660.19 1 0
github.com/tmoeish/tsq/query.go:660.19,662.3 1 0
github.com/tmoeish/tsq/query.go:664.2,665.43 2 0
github.com/tmoeish/tsq/query.go:665.43,667.3 1 0
github.com/tmoeish/tsq/query.go:670.2,670.48 1 0
github.com/tmoeish/tsq/query.go:670.48,672.21 2 0
github.com/tmoeish/tsq/query.go:672.21,674.4 1 0
github.com/tmoeish/tsq/query.go:676.3,677.84 2 0
github.com/tmoeish/tsq/query.go:677.84,679.4 1 0
github.com/tmoeish/tsq/query.go:682.2,682.12 1 0
github.com/tmoeish/tsq/query.go:692.9,693.19 1 0
github.com/tmoeish/tsq/query.go:693.19,695.3 1 0
github.com/tmoeish/tsq/query.go:698.2,699.30 2 0
github.com/tmoeish/tsq/query.go:699.30,701.3 1 0
github.com/tmoeish/tsq/query.go:703.2,711.16 4 0
github.com/tmoeish/tsq/query.go:711.16,713.3 1 0
github.com/tmoeish/tsq/query.go:715.2,715.12 1 0
github.com/tmoeish/tsq/query.go:724.42,725.16 1 0
github.com/tmoeish/tsq/query.go:725.16,727.3 1 0
github.com/tmoeish/tsq/query.go:729.2,755.38 7 0
github.com/tmoeish/tsq/query.go:755.38,756.40 1 0
github.com/tmoeish/tsq/query.go:756.40,758.4 1 0
github.com/tmoeish/tsq/query.go:761.2,761.14 1 0
github.com/tmoeish/tsq/querybuilder.go:55.43,59.27 3 1
github.com/tmoeish/tsq/querybuilder.go:59.27,62.3 2 1
github.com/tmoeish/tsq/querybuilder.go:64.2,73.3 1 1
github.com/tmoeish/tsq/querybuilder.go:81.75,91.2 4 1
github.com/tmoeish/tsq/querybuilder.go:94.76,104.2 4 1
github.com/tmoeish/tsq/querybuilder.go:107.76,117.2 4 1
github.com/tmoeish/tsq/querybuilder.go:120.75,130.2 4 1
github.com/tmoeish/tsq/querybuilder.go:133.62,141.2 3 1
github.com/tmoeish/tsq/querybuilder.go:148.63,152.27 2 1
github.com/tmoeish/tsq/querybuilder.go:152.27,154.3 1 1
github.com/tmoeish/tsq/querybuilder.go:156.2,156.11 1 1
github.com/tmoeish/tsq/querybuilder.go:160.66,164.29 2 1
github.com/tmoeish/tsq/querybuilder.go:164.29,165.36 1 1
github.com/tmoeish/tsq/querybuilder.go:165.36,167.4 1 1
github.com/tmoeish/tsq/querybuilder.go:170.2,170.11 1 1
github.com/tmoeish/tsq/querybuilder.go:178.65,181.26 2 1
github.com/tmoeish/tsq/querybuilder.go:181.26,182.33 1 1
github.com/tmoeish/tsq/querybuilder.go:182.33,184.4 1 1
github.com/tmoeish/tsq/querybuilder.go:186.3,186.40 1 1
github.com/tmoeish/tsq/querybuilder.go:189.2,192.11 3 1
github.com/tmoeish/tsq/querybuilder.go:196.63,199.26 2 1
github.com/tmoeish/tsq/querybuilder.go:199.26,200.33 1 1
github.com/tmoeish/tsq/querybuilder.go:200.33,202.4 1 1
github.com/tmoeish/tsq/querybuilder.go:204.3,204.64 1 1
github.com/tmoeish/tsq/querybuilder.go:207.2,207.11 1 1
github.com/tmoeish/tsq/querybuilder.go:211.74,212.8 1 1
github.com/tmoeish/tsq/querybuilder.go:212.8,214.3 1 1
github.com/tmoeish/tsq/querybuilder.go:216.2,216.11 1 1
github.com/tmoeish/tsq/querybuilder.go:224.64,228.27 3 1
github.com/tmoeish/tsq/querybuilder.go:228.27,230.3 1 1
github.com/tmoeish/tsq/querybuilder.go:232.2,232.11 1 1
github.com/tmoeish/tsq/querybuilder.go:240.46,242.2 1 1
github.com/tmoeish/tsq/querybuilder.go:245.47,247.2 1 1
github.com/tmoeish/tsq/querybuilder.go:250.48,252.2 1 1
github.com/tmoeish/tsq/querybuilder.go:255.49,257.2 1 1
github.com/tmoeish/tsq/querybuilder.go:260.46,262.2 1 1
github.com/tmoeish/tsq/querybuilder.go:265.47,266.30 1 1
github.com/tmoeish/tsq/querybuilder.go:266.30,268.3 1 1
github.com/tmoeish/tsq/querybuilder.go:270.2,271.37 2 0
github.com/tmoeish/tsq/querybuilder.go:271.37,273.3 1 0
github.com/tmoeish/tsq/querybuilder.go:275.2,275.56 1 0
github.com/tmoeish/tsq/querybuilder.go:279.46,280.35 1 1
github.com/tmoeish/tsq/querybuilder.go:280.35,282.3 1 1
github.com/tmoeish/tsq/querybuilder.go:284.2,285.43 2 0
github.com/tmoeish/tsq/querybuilder.go:285.43,287.3 1 0
github.com/tmoeish/tsq/querybuilder.go:289.2,289.29 1 0
github.com/tmoeish/tsq/querybuilder.go:289.29,291.3 1 0
github.com/tmoeish/tsq/querybuilder.go:293.2,293.65 1 0
github.com/tmoeish/tsq/querybuilder.go:297.49,298.35 1 1
github.com/tmoeish/tsq/querybuilder.go:298.35,300.3 1 1
github.com/tmoeish/tsq/querybuilder.go:302.2,302.35 1 0
github.com/tmoeish/tsq/querybuilder.go:302.35,304.3 1 0
github.com/tmoeish/tsq/querybuilder.go:306.2,306.70 1 0
github.com/tmoeish/tsq/querybuilder.go:310.49,317.24 3 1
github.com/tmoeish/tsq/querybuilder.go:317.24,319.33 2 0
github.com/tmoeish/tsq/querybuilder.go:319.33,321.4 1 0
github.com/tmoeish/tsq/querybuilder.go:323.3,323.25 1 0
github.com/tmoeish/tsq/querybuilder.go:323.25,325.4 1 0
github.com/tmoeish/tsq/querybuilder.go:328.2,328.23 1 1
github.com/tmoeish/tsq/querybuilder.go:328.23,330.3 1 1
github.com/tmoeish/tsq/querybuilder.go:332.2,332.23 1 0
github.com/tmoeish/tsq/querybuilder.go:332.23,334.3 1 0
github.com/tmoeish/tsq/querybuilder.go:336.2,336.58 1 0
github.com/tmoeish/tsq/querybuilder.go:340.48,341.24 1 0
github.com/tmoeish/tsq/querybuilder.go:341.24,343.3 1 0
github.com/tmoeish/tsq/querybuilder.go:345.2,349.41 3 0
github.com/tmoeish/tsq/querybuilder.go:349.41,353.3 3 0
github.com/tmoeish/tsq/querybuilder.go:353.8,357.3 3 0
github.com/tmoeish/tsq/querybuilder.go:360.2,360.29 1 0
github.com/tmoeish/tsq/querybuilder.go:360.29,364.34 3 0
github.com/tmoeish/tsq/querybuilder.go:364.34,368.4 3 0
github.com/tmoeish/tsq/querybuilder.go:368.9,375.4 6 0
github.com/tmoeish/tsq/querybuilder.go:378.2,378.29 1 0
github.com/tmoeish/tsq/querybuilder.go:382.48,383.23 1 1
github.com/tmoeish/tsq/querybuilder.go:383.23,385.3 1 0
github.com/tmoeish/tsq/querybuilder.go:387.2,388.22 2 1
github.com/tmoeish/tsq/querybuilder.go:388.22,390.3 1 0
github.com/tmoeish/tsq/querybuilder.go:392.2,393.27 2 1
github.com/tmoeish/tsq/querybuilder.go:393.27,395.3 1 1
github.com/tmoeish/tsq/querybuilder.go:397.2,397.50 1 1
github.com/tmoeish/tsq/querybuilder.go:401.48,402.23 1 1
github.com/tmoeish/tsq/querybuilder.go:402.23,404.3 1 0
github.com/tmoeish/tsq/querybuilder.go:406.2,407.22 2 1
github.com/tmoeish/tsq/querybuilder.go:407.22,409.3 1 0
github.com/tmoeish/tsq/querybuilder.go:411.2,412.27 2 1
github.com/tmoeish/tsq/querybuilder.go:412.27,414.3 1 1
github.com/tmoeish/tsq/querybuilder.go:416.2,416.50 1 1
github.com/tmoeish/tsq/querybuilder.go:420.60,424.43 2 1
github.com/tmoeish/tsq/querybuilder.go:424.43,426.3 1 1
github.com/tmoeish/tsq/querybuilder.go:429.2,429.46 1 1
github.com/tmoeish/tsq/querybuilder.go:429.46,431.3 1 0
github.com/tmoeish/tsq/querybuilder.go:433.2,433.15 1 1
github.com/tmoeish/tsq/querybuilder.go:437.60,441.39 2 1
github.com/tmoeish/tsq/querybuilder.go:441.39,443.3 1 0
github.com/tmoeish/tsq/querybuilder.go:445.2,445.15 1 1
github.com/tmoeish/tsq/struct_info.go:31.35,32.26 1 0
github.com/tmoeish/tsq/struct_info.go:32.26,34.3 1 0
github.com/tmoeish/tsq/struct_info.go:36.2,36.42 1 0
github.com/tmoeish/tsq/struct_info.go:57.36,62.15 4 0
github.com/tmoeish/tsq/struct_info.go:62.15,64.3 1 0
github.com/tmoeish/tsq/struct_info.go:66.2,66.17 1 0
github.com/tmoeish/tsq/struct_info.go:66.17,68.3 1 0
github.com/tmoeish/tsq/struct_info.go:70.2,72.20 2 0
github.com/tmoeish/tsq/struct_info.go:99.52,101.2 1 0
github.com/tmoeish/tsq/table.go:19.33,21.2 1 1
github.com/tmoeish/tsq/table.go:24.52,27.2 2 1
github.com/tmoeish/tsq/table.go:30.48,35.2 3 1
github.com/tmoeish/tsq/table.go:58.9,63.31 2 0
github.com/tmoeish/tsq/table.go:63.31,65.3 1 0
github.com/tmoeish/tsq/table.go:67.2,67.21 1 0
github.com/tmoeish/tsq/table.go:67.21,68.54 1 0
github.com/tmoeish/tsq/table.go:68.54,70.4 1 0
github.com/tmoeish/tsq/table.go:73.2,73.20 1 0
github.com/tmoeish/tsq/table.go:73.20,74.32 1 0
github.com/tmoeish/tsq/table.go:74.32,75.57 1 0
github.com/tmoeish/tsq/table.go:75.57,79.5 1 0
github.com/tmoeish/tsq/table.go:83.2,83.12 1 0
github.com/tmoeish/tsq/table.go:91.96,92.27 1 0
github.com/tmoeish/tsq/table.go:93.25,94.58 1 0
github.com/tmoeish/tsq/table.go:95.26,96.59 1 0
github.com/tmoeish/tsq/table.go:97.28,98.61 1 0
github.com/tmoeish/tsq/table.go:99.10,100.71 1 0
github.com/tmoeish/tsq/table.go:109.101,111.16 2 0
github.com/tmoeish/tsq/table.go:111.16,113.3 1 0
github.com/tmoeish/tsq/table.go:115.2,115.12 1 0
github.com/tmoeish/tsq/table.go:115.12,117.3 1 0
github.com/tmoeish/tsq/table.go:119.2,119.57 1 0
github.com/tmoeish/tsq/table.go:123.78,133.16 2 0
github.com/tmoeish/tsq/table.go:133.16,135.3 1 0
github.com/tmoeish/tsq/table.go:137.2,137.23 1 0
github.com/tmoeish/tsq/table.go:141.104,143.31 2 0
github.com/tmoeish/tsq/table.go:143.31,145.3 1 0
github.com/tmoeish/tsq/table.go:147.2,148.12 2 0
github.com/tmoeish/tsq/table.go:148.12,150.3 1 0
github.com/tmoeish/tsq/table.go:152.2,159.26 3 0
github.com/tmoeish/tsq/table.go:167.102,172.16 3 0
github.com/tmoeish/tsq/table.go:172.16,174.3 1 0
github.com/tmoeish/tsq/table.go:176.2,176.16 1 0
github.com/tmoeish/tsq/table.go:176.16,178.3 1 0
github.com/tmoeish/tsq/table.go:180.2,180.58 1 0
github.com/tmoeish/tsq/table.go:184.102,186.31 2 0
github.com/tmoeish/tsq/table.go:186.31,188.3 1 0
github.com/tmoeish/tsq/table.go:190.2,191.12 2 0
github.com/tmoeish/tsq/table.go:191.12,193.3 1 0
github.com/tmoeish/tsq/table.go:195.2,202.26 3 0
github.com/tmoeish/tsq/table.go:210.104,215.16 3 0
github.com/tmoeish/tsq/table.go:215.16,217.3 1 0
github.com/tmoeish/tsq/table.go:219.2,219.16 1 0
github.com/tmoeish/tsq/table.go:219.16,221.3 1 0
github.com/tmoeish/tsq/table.go:223.2,223.60 1 0
github.com/tmoeish/tsq/table.go:227.104,229.31 2 0
github.com/tmoeish/tsq/table.go:229.31,231.3 1 0
github.com/tmoeish/tsq/table.go:233.2,234.12 2 0
github.com/tmoeish/tsq/table.go:234.12,236.3 1 0
github.com/tmoeish/tsq/table.go:238.2,245.26 3 0
github.com/tmoeish/tsq/trace.go:27.31,29.2 1 1
github.com/tmoeish/tsq/trace.go:32.21,34.2 1 1
github.com/tmoeish/tsq/trace.go:37.28,42.2 3 1
github.com/tmoeish/tsq/trace.go:50.75,53.41 2 1
github.com/tmoeish/tsq/trace.go:53.41,55.3 1 1
github.com/tmoeish/tsq/trace.go:57.2,57.23 1 1
github.com/tmoeish/tsq/trace.go:65.39,66.26 1 1
github.com/tmoeish/tsq/trace.go:66.26,67.42 1 1
github.com/tmoeish/tsq/trace.go:67.42,73.18 4 1
github.com/tmoeish/tsq/trace.go:73.18,76.5 1 1
github.com/tmoeish/tsq/trace.go:76.10,79.5 1 1
github.com/tmoeish/tsq/trace.go:81.4,81.14 1 1
github.com/tmoeish/tsq/trace.go:87.27,88.26 1 1
github.com/tmoeish/tsq/trace.go:88.26,89.42 1 1
github.com/tmoeish/tsq/trace.go:89.42,91.18 2 1
github.com/tmoeish/tsq/trace.go:91.18,95.5 1 1
github.com/tmoeish/tsq/trace.go:97.4,97.14 1 1
github.com/tmoeish/tsq/trace.go:108.33,110.16 2 1
github.com/tmoeish/tsq/trace.go:110.16,112.3 1 1
github.com/tmoeish/tsq/trace.go:114.2,114.19 1 1
github.com/tmoeish/tsq/trace.go:119.34,121.16 2 1
github.com/tmoeish/tsq/trace.go:121.16,123.3 1 1
github.com/tmoeish/tsq/trace.go:125.2,125.19 1 1
github.com/tmoeish/tsq/version.go:48.26,50.2 1 1
github.com/tmoeish/tsq/version.go:53.28,55.2 1 1
github.com/tmoeish/tsq/version.go:58.28,60.2 1 1
github.com/tmoeish/tsq/version.go:63.28,65.2 1 1
github.com/tmoeish/tsq/version.go:68.36,78.2 1 1
github.com/tmoeish/tsq/version.go:81.39,84.2 1 1
github.com/tmoeish/tsq/version.go:87.44,89.2 1 1
github.com/tmoeish/tsq/version.go:96.21,98.2 1 0
github.com/tmoeish/tsq/version.go:101.25,103.2 1 0
github.com/tmoeish/tsq/bin/main.go:7.13,22.2 2 0
github.com/tmoeish/tsq/examples/main.go:19.13,24.16 3 0
github.com/tmoeish/tsq/examples/main.go:24.16,26.3 1 0
github.com/tmoeish/tsq/examples/main.go:27.2,27.15 1 0
github.com/tmoeish/tsq/examples/main.go:27.15,29.3 1 0
github.com/tmoeish/tsq/examples/main.go:32.2,35.16 3 0
github.com/tmoeish/tsq/examples/main.go:35.16,37.3 1 0
github.com/tmoeish/tsq/examples/main.go:40.2,41.16 2 0
github.com/tmoeish/tsq/examples/main.go:41.16,43.3 1 0
github.com/tmoeish/tsq/examples/main.go:44.2,45.16 2 0
github.com/tmoeish/tsq/examples/main.go:45.16,47.3 1 0
github.com/tmoeish/tsq/examples/main.go:50.2,60.16 4 0
github.com/tmoeish/tsq/examples/main.go:60.16,62.3 1 0
github.com/tmoeish/tsq/examples/main.go:65.2,72.32 6 0
github.com/tmoeish/tsq/examples/main.go:77.34,78.41 1 0
github.com/tmoeish/tsq/examples/main.go:78.41,87.3 2 0
github.com/tmoeish/tsq/examples/main.go:91.65,99.16 5 0
github.com/tmoeish/tsq/examples/main.go:99.16,102.3 2 0
github.com/tmoeish/tsq/examples/main.go:103.2,107.16 3 0
github.com/tmoeish/tsq/examples/main.go:107.16,110.3 2 0
github.com/tmoeish/tsq/examples/main.go:111.2,123.16 6 0
github.com/tmoeish/tsq/examples/main.go:123.16,126.3 2 0
github.com/tmoeish/tsq/examples/main.go:127.2,131.16 3 0
github.com/tmoeish/tsq/examples/main.go:131.16,134.3 2 0
github.com/tmoeish/tsq/examples/main.go:135.2,137.49 2 0
github.com/tmoeish/tsq/examples/main.go:141.50,144.29 2 0
github.com/tmoeish/tsq/examples/main.go:144.29,152.3 1 0
github.com/tmoeish/tsq/examples/main.go:154.2,154.14 1 0
github.com/tmoeish/tsq/cmd/gen.go:32.13,36.2 3 0
github.com/tmoeish/tsq/cmd/gen.go:41.47,42.8 1 0
github.com/tmoeish/tsq/cmd/gen.go:42.8,44.4 1 0
github.com/tmoeish/tsq/cmd/gen.go:46.3,46.20 1 0
github.com/tmoeish/tsq/cmd/gen.go:46.20,49.4 2 0
github.com/tmoeish/tsq/cmd/gen.go:51.3,51.23 1 0
github.com/tmoeish/tsq/cmd/gen.go:51.23,53.18 2 0
github.com/tmoeish/tsq/cmd/gen.go:53.18,55.5 1 0
github.com/tmoeish/tsq/cmd/gen.go:56.4,56.29 1 0
github.com/tmoeish/tsq/cmd/gen.go:59.3,59.26 1 0
github.com/tmoeish/tsq/cmd/gen.go:59.26,61.18 2 0
github.com/tmoeish/tsq/cmd/gen.go:61.18,63.5 1 0
github.com/tmoeish/tsq/cmd/gen.go:64.4,64.32 1 0
github.com/tmoeish/tsq/cmd/gen.go:67.3,70.23 3 0
github.com/tmoeish/tsq/cmd/gen.go:70.23,72.4 1 0
github.com/tmoeish/tsq/cmd/gen.go:74.3,75.17 2 0
github.com/tmoeish/tsq/cmd/gen.go:75.17,77.4 1 0
github.com/tmoeish/tsq/cmd/gen.go:79.3,80.17 2 0
github.com/tmoeish/tsq/cmd/gen.go:80.17,82.4 1 0
github.com/tmoeish/tsq/cmd/gen.go:84.3,84.26 1 0
github.com/tmoeish/tsq/cmd/gen.go:84.26,85.25 1 0
github.com/tmoeish/tsq/cmd/gen.go:85.25,86.32 1 0
github.com/tmoeish/tsq/cmd/gen.go:86.32,88.6 1 0
github.com/tmoeish/tsq/cmd/gen.go:89.5,89.27 1 0
github.com/tmoeish/tsq/cmd/gen.go:90.10,92.5 1 0
github.com/tmoeish/tsq/cmd/gen.go:97.66,104.45 5 0
github.com/tmoeish/tsq/cmd/gen.go:104.45,110.3 2 0
github.com/tmoeish/tsq/cmd/gen.go:112.2,113.16 2 0
github.com/tmoeish/tsq/cmd/gen.go:113.16,116.3 2 0
github.com/tmoeish/tsq/cmd/gen.go:118.2,119.16 2 0
github.com/tmoeish/tsq/cmd/gen.go:119.16,121.3 1 0
github.com/tmoeish/tsq/cmd/gen.go:124.69,129.45 4 0
github.com/tmoeish/tsq/cmd/gen.go:129.45,135.3 2 0
github.com/tmoeish/tsq/cmd/gen.go:137.2,138.16 2 0
github.com/tmoeish/tsq/cmd/gen.go:138.16,141.3 2 0
github.com/tmoeish/tsq/cmd/gen.go:143.2,144.16 2 0
github.com/tmoeish/tsq/cmd/gen.go:144.16,146.3 1 0
github.com/tmoeish/tsq/cmd/template_helpers.go:13.39,28.2 1 0
github.com/tmoeish/tsq/cmd/template_helpers.go:31.36,32.13 1 0
github.com/tmoeish/tsq/cmd/template_helpers.go:32.13,34.3 1 0
github.com/tmoeish/tsq/cmd/template_helpers.go:36.2,36.39 1 0
github.com/tmoeish/tsq/cmd/template_helpers.go:40.36,41.13 1 0
github.com/tmoeish/tsq/cmd/template_helpers.go:41.13,43.3 1 0
github.com/tmoeish/tsq/cmd/template_helpers.go:45.2,45.39 1 0
github.com/tmoeish/tsq/cmd/template_helpers.go:49.44,53.20 3 0
github.com/tmoeish/tsq/cmd/template_helpers.go:53.20,56.3 1 0
github.com/tmoeish/tsq/cmd/template_helpers.go:58.2,58.20 1 0
github.com/tmoeish/tsq/cmd/template_helpers.go:58.20,61.3 1 0
github.com/tmoeish/tsq/cmd/template_helpers.go:64.2,64.49 1 0
github.com/tmoeish/tsq/cmd/template_helpers.go:68.42,70.2 1 0
github.com/tmoeish/tsq/cmd/template_helpers.go:73.39,75.2 1 0
github.com/tmoeish/tsq/cmd/template_helpers.go:78.43,80.2 1 0
github.com/tmoeish/tsq/cmd/template_helpers.go:83.28,84.24 1 0
github.com/tmoeish/tsq/cmd/template_helpers.go:85.16,86.33 1 0
github.com/tmoeish/tsq/cmd/template_helpers.go:87.14,88.12 1 0
github.com/tmoeish/tsq/cmd/template_helpers.go:89.10,90.12 1 0
github.com/tmoeish/tsq/cmd/template_helpers.go:95.22,97.2 1 0
github.com/tmoeish/tsq/cmd/template_helpers.go:99.72,101.31 2 0
github.com/tmoeish/tsq/cmd/template_helpers.go:101.31,103.3 1 0
github.com/tmoeish/tsq/cmd/template_helpers.go:105.2,105.62 1 0
github.com/tmoeish/tsq/cmd/version.go:14.47,17.3 2 0
github.com/tmoeish/tsq/cmd/tsq/main.go:16.47,18.3 1 0
github.com/tmoeish/tsq/cmd/tsq/main.go:22.13,25.2 2 0
github.com/tmoeish/tsq/cmd/tsq/main.go:27.13,28.42 1 0
github.com/tmoeish/tsq/cmd/tsq/main.go:28.42,30.3 1 0
github.com/tmoeish/tsq/examples/database/category.go:39.53,41.2 1 0
github.com/tmoeish/tsq/examples/database/category_tsq.go:19.13,21.2 1 0
github.com/tmoeish/tsq/examples/database/category_tsq.go:37.81,39.3 1 0
github.com/tmoeish/tsq/examples/database/category_tsq.go:40.105,42.3 1 0
github.com/tmoeish/tsq/examples/database/category_tsq.go:43.77,45.3 1 0
github.com/tmoeish/tsq/examples/database/category_tsq.go:46.84,48.3 1 0
github.com/tmoeish/tsq/examples/database/category_tsq.go:49.90,51.3 1 0
github.com/tmoeish/tsq/examples/database/category_tsq.go:55.67,58.21 2 0
github.com/tmoeish/tsq/examples/database/category_tsq.go:58.21,60.3 1 0
github.com/tmoeish/tsq/examples/database/category_tsq.go:62.2,62.91 1 0
github.com/tmoeish/tsq/examples/database/category_tsq.go:62.91,64.3 1 0
github.com/tmoeish/tsq/examples/database/category_tsq.go:66.2,66.12 1 0
github.com/tmoeish/tsq/examples/database/category_tsq.go:70.34,70.55 1 0
github.com/tmoeish/tsq/examples/database/category_tsq.go:73.41,78.2 1 0
github.com/tmoeish/tsq/examples/database/category_tsq.go:96.22,98.61 2 0
github.com/tmoeish/tsq/examples/database/category_tsq.go:98.61,100.28 2 0
github.com/tmoeish/tsq/examples/database/category_tsq.go:101.12,102.14 1 0
github.com/tmoeish/tsq/examples/database/category_tsq.go:103.22,105.14 2 0
github.com/tmoeish/tsq/examples/database/category_tsq.go:106.11,107.28 1 0
github.com/tmoeish/tsq/examples/database/category_tsq.go:118.22,120.56 2 0
github.com/tmoeish/tsq/examples/database/category_tsq.go:120.56,124.3 1 0
github.com/tmoeish/tsq/examples/database/category_tsq.go:125.2,125.31 1 0
github.com/tmoeish/tsq/examples/database/category_tsq.go:134.24,141.62 3 0
github.com/tmoeish/tsq/examples/database/category_tsq.go:141.62,146.17 3 0
github.com/tmoeish/tsq/examples/database/category_tsq.go:146.17,148.4 1 0
github.com/tmoeish/tsq/examples/database/category_tsq.go:149.3,149.13 1 0
github.com/tmoeish/tsq/examples/database/category_tsq.go:159.24,161.24 2 0
github.com/tmoeish/tsq/examples/database/category_tsq.go:161.24,163.3 1 0
github.com/tmoeish/tsq/examples/database/category_tsq.go:164.2,169.62 3 0
github.com/tmoeish/tsq/examples/database/category_tsq.go:169.62,174.17 3 0
github.com/tmoeish/tsq/examples/database/category_tsq.go:174.17,176.4 1 0
github.com/tmoeish/tsq/examples/database/category_tsq.go:178.3,178.26 1 0
github.com/tmoeish/tsq/examples/database/category_tsq.go:178.26,180.4 1 0
github.com/tmoeish/tsq/examples/database/category_tsq.go:181.3,181.21 1 0
github.com/tmoeish/tsq/examples/database/category_tsq.go:181.21,183.25 2 0
github.com/tmoeish/tsq/examples/database/category_tsq.go:183.25,185.5 1 0
github.com/tmoeish/tsq/examples/database/category_tsq.go:186.4,186.63 1 0
github.com/tmoeish/tsq/examples/database/category_tsq.go:188.3,188.13 1 0
github.com/tmoeish/tsq/examples/database/category_tsq.go:201.9,202.56 1 0
github.com/tmoeish/tsq/examples/database/category_tsq.go:202.56,204.17 2 0
github.com/tmoeish/tsq/examples/database/category_tsq.go:204.17,206.4 1 0
github.com/tmoeish/tsq/examples/database/category_tsq.go:208.3,208.13 1 0
github.com/tmoeish/tsq/examples/database/category_tsq.go:217.9,218.56 1 0
github.com/tmoeish/tsq/examples/database/category_tsq.go:218.56,220.17 2 0
github.com/tmoeish/tsq/examples/database/category_tsq.go:220.17,222.4 1 0
github.com/tmoeish/tsq/examples/database/category_tsq.go:224.3,224.13 1 0
github.com/tmoeish/tsq/examples/database/category_tsq.go:232.9,233.56 1 0
github.com/tmoeish/tsq/examples/database/category_tsq.go:233.56,235.17 2 0
github.com/tmoeish/tsq/examples/database/category_tsq.go:235.17,237.4 1 0
github.com/tmoeish/tsq/examples/database/category_tsq.go:239.3,239.13 1 0
github.com/tmoeish/tsq/examples/database/category_tsq.go:249.24,251.62 2 0
github.com/tmoeish/tsq/examples/database/category_tsq.go:251.62,255.3 3 0
github.com/tmoeish/tsq/examples/database/category_tsq.go:265.36,267.60 2 0
github.com/tmoeish/tsq/examples/database/category_tsq.go:267.60,273.3 3 0
github.com/tmoeish/tsq/examples/database/category_tsq.go:289.16,293.60 3 0
github.com/tmoeish/tsq/examples/database/category_tsq.go:293.60,297.3 3 0
github.com/tmoeish/tsq/examples/database/category_tsq.go:304.24,308.62 3 0
github.com/tmoeish/tsq/examples/database/category_tsq.go:308.62,312.3 3 0
github.com/tmoeish/tsq/examples/database/category_tsq.go:320.36,324.60 3 0
github.com/tmoeish/tsq/examples/database/category_tsq.go:324.60,330.3 3 0
github.com/tmoeish/tsq/examples/database/category_tsq.go:350.22,354.61 3 0
github.com/tmoeish/tsq/examples/database/category_tsq.go:354.61,358.28 2 0
github.com/tmoeish/tsq/examples/database/category_tsq.go:359.12,360.14 1 0
github.com/tmoeish/tsq/examples/database/category_tsq.go:361.22,363.14 2 0
github.com/tmoeish/tsq/examples/database/category_tsq.go:364.11,365.28 1 0
github.com/tmoeish/tsq/examples/database/category_tsq.go:376.22,380.61 3 0
github.com/tmoeish/tsq/examples/database/category_tsq.go:380.61,384.3 1 0
github.com/tmoeish/tsq/examples/database/category_tsq.go:392.17,396.60 3 0
github.com/tmoeish/tsq/examples/database/category_tsq.go:396.60,402.3 3 0
github.com/tmoeish/tsq/examples/database/item_tsq.go:19.13,21.2 1 0
github.com/tmoeish/tsq/examples/database/item_tsq.go:37.73,39.3 1 0
github.com/tmoeish/tsq/examples/database/item_tsq.go:40.94,42.3 1 0
github.com/tmoeish/tsq/examples/database/item_tsq.go:43.69,45.3 1 0
github.com/tmoeish/tsq/examples/database/item_tsq.go:46.76,48.3 1 0
github.com/tmoeish/tsq/examples/database/item_tsq.go:49.78,51.3 1 0
github.com/tmoeish/tsq/examples/database/item_tsq.go:55.63,58.21 2 0
github.com/tmoeish/tsq/examples/database/item_tsq.go:58.21,60.3 1 0
github.com/tmoeish/tsq/examples/database/item_tsq.go:62.2,62.87 1 0
github.com/tmoeish/tsq/examples/database/item_tsq.go:62.87,64.3 1 0
github.com/tmoeish/tsq/examples/database/item_tsq.go:66.2,66.99 1 0
github.com/tmoeish/tsq/examples/database/item_tsq.go:66.99,68.3 1 0
github.com/tmoeish/tsq/examples/database/item_tsq.go:70.2,70.12 1 0
github.com/tmoeish/tsq/examples/database/item_tsq.go:74.30,74.47 1 0
github.com/tmoeish/tsq/examples/database/item_tsq.go:77.37,81.2 1 0
github.com/tmoeish/tsq/examples/database/item_tsq.go:99.18,101.61 2 0
github.com/tmoeish/tsq/examples/database/item_tsq.go:101.61,103.28 2 0
github.com/tmoeish/tsq/examples/database/item_tsq.go:104.12,105.14 1 0
github.com/tmoeish/tsq/examples/database/item_tsq.go:106.22,108.14 2 0
github.com/tmoeish/tsq/examples/database/item_tsq.go:109.11,110.28 1 0
github.com/tmoeish/tsq/examples/database/item_tsq.go:121.18,123.56 2 0
github.com/tmoeish/tsq/examples/database/item_tsq.go:123.56,127.3 1 0
github.com/tmoeish/tsq/examples/database/item_tsq.go:128.2,128.31 1 0
github.com/tmoeish/tsq/examples/database/item_tsq.go:137.20,144.62 3 0
github.com/tmoeish/tsq/examples/database/item_tsq.go:144.62,149.17 3 0
github.com/tmoeish/tsq/examples/database/item_tsq.go:149.17,151.4 1 0
github.com/tmoeish/tsq/examples/database/item_tsq.go:152.3,152.13 1 0
github.com/tmoeish/tsq/examples/database/item_tsq.go:162.20,164.24 2 0
github.com/tmoeish/tsq/examples/database/item_tsq.go:164.24,166.3 1 0
github.com/tmoeish/tsq/examples/database/item_tsq.go:167.2,172.62 3 0
github.com/tmoeish/tsq/examples/database/item_tsq.go:172.62,177.17 3 0
github.com/tmoeish/tsq/examples/database/item_tsq.go:177.17,179.4 1 0
github.com/tmoeish/tsq/examples/database/item_tsq.go:181.3,181.26 1 0
github.com/tmoeish/tsq/examples/database/item_tsq.go:181.26,183.4 1 0
github.com/tmoeish/tsq/examples/database/item_tsq.go:184.3,184.21 1 0
github.com/tmoeish/tsq/examples/database/item_tsq.go:184.21,186.25 2 0
github.com/tmoeish/tsq/examples/database/item_tsq.go:186.25,188.5 1 0
github.com/tmoeish/tsq/examples/database/item_tsq.go:189.4,189.59 1 0
github.com/tmoeish/tsq/examples/database/item_tsq.go:191.3,191.13 1 0
github.com/tmoeish/tsq/examples/database/item_tsq.go:204.9,205.56 1 0
github.com/tmoeish/tsq/examples/database/item_tsq.go:205.56,207.17 2 0
github.com/tmoeish/tsq/examples/database/item_tsq.go:207.17,209.4 1 0
github.com/tmoeish/tsq/examples/database/item_tsq.go:211.3,211.13 1 0
github.com/tmoeish/tsq/examples/database/item_tsq.go:220.9,221.56 1 0
github.com/tmoeish/tsq/examples/database/item_tsq.go:221.56,223.17 2 0
github.com/tmoeish/tsq/examples/database/item_tsq.go:223.17,225.4 1 0
github.com/tmoeish/tsq/examples/database/item_tsq.go:227.3,227.13 1 0
github.com/tmoeish/tsq/examples/database/item_tsq.go:235.9,236.56 1 0
github.com/tmoeish/tsq/examples/database/item_tsq.go:236.56,238.17 2 0
github.com/tmoeish/tsq/examples/database/item_tsq.go:238.17,240.4 1 0
github.com/tmoeish/tsq/examples/database/item_tsq.go:242.3,242.13 1 0
github.com/tmoeish/tsq/examples/database/item_tsq.go:252.20,254.62 2 0
github.com/tmoeish/tsq/examples/database/item_tsq.go:254.62,258.3 3 0
github.com/tmoeish/tsq/examples/database/item_tsq.go:268.32,270.60 2 0
github.com/tmoeish/tsq/examples/database/item_tsq.go:270.60,276.3 3 0
github.com/tmoeish/tsq/examples/database/item_tsq.go:292.16,296.60 3 0
github.com/tmoeish/tsq/examples/database/item_tsq.go:296.60,300.3 3 0
github.com/tmoeish/tsq/examples/database/item_tsq.go:307.20,311.62 3 0
github.com/tmoeish/tsq/examples/database/item_tsq.go:311.62,315.3 3 0
github.com/tmoeish/tsq/examples/database/item_tsq.go:323.32,327.60 3 0
github.com/tmoeish/tsq/examples/database/item_tsq.go:327.60,333.3 3 0
github.com/tmoeish/tsq/examples/database/item_tsq.go:353.18,357.61 3 0
github.com/tmoeish/tsq/examples/database/item_tsq.go:357.61,361.28 2 0
github.com/tmoeish/tsq/examples/database/item_tsq.go:362.12,363.14 1 0
github.com/tmoeish/tsq/examples/database/item_tsq.go:364.22,366.14 2 0
github.com/tmoeish/tsq/examples/database/item_tsq.go:367.11,368.28 1 0
github.com/tmoeish/tsq/examples/database/item_tsq.go:379.18,383.61 3 0
github.com/tmoeish/tsq/examples/database/item_tsq.go:383.61,387.3 1 0
github.com/tmoeish/tsq/examples/database/item_tsq.go:395.17,399.60 3 0
github.com/tmoeish/tsq/examples/database/item_tsq.go:399.60,405.3 3 0
github.com/tmoeish/tsq/examples/database/item_tsq.go:425.16,429.60 3 0
github.com/tmoeish/tsq/examples/database/item_tsq.go:429.60,435.3 3 0
github.com/tmoeish/tsq/examples/database/item_tsq.go:443.20,447.62 3 0
github.com/tmoeish/tsq/examples/database/item_tsq.go:447.62,453.3 3 0
github.com/tmoeish/tsq/examples/database/item_tsq.go:462.32,466.60 3 0
github.com/tmoeish/tsq/examples/database/item_tsq.go:466.60,472.3 3 0
github.com/tmoeish/tsq/examples/database/item_tsq.go:480.20,488.56 3 0
github.com/tmoeish/tsq/examples/database/item_tsq.go:488.56,492.3 3 0
github.com/tmoeish/tsq/examples/database/item_tsq.go:493.2,493.32 1 0
github.com/tmoeish/tsq/examples/database/order.go:40.52,42.2 1 0
github.com/tmoeish/tsq/examples/database/order_tsq.go:20.13,22.2 1 0
github.com/tmoeish/tsq/examples/database/order_tsq.go:43.83,45.3 1 0
github.com/tmoeish/tsq/examples/database/order_tsq.go:46.75,48.3 1 0
github.com/tmoeish/tsq/examples/database/order_tsq.go:49.71,51.3 1 0
github.com/tmoeish/tsq/examples/database/order_tsq.go:52.71,54.3 1 0
github.com/tmoeish/tsq/examples/database/order_tsq.go:55.84,57.3 1 0
github.com/tmoeish/tsq/examples/database/order_tsq.go:58.107,60.3 1 0
github.com/tmoeish/tsq/examples/database/order_tsq.go:61.80,63.3 1 0
github.com/tmoeish/tsq/examples/database/order_tsq.go:64.89,66.3 1 0
github.com/tmoeish/tsq/examples/database/order_tsq.go:67.84,69.3 1 0
github.com/tmoeish/tsq/examples/database/order_tsq.go:70.68,72.3 1 0
github.com/tmoeish/tsq/examples/database/order_tsq.go:76.64,79.21 2 0
github.com/tmoeish/tsq/examples/database/order_tsq.go:79.21,81.3 1 0
github.com/tmoeish/tsq/examples/database/order_tsq.go:83.2,83.92 1 0
github.com/tmoeish/tsq/examples/database/order_tsq.go:83.92,85.3 1 0
github.com/tmoeish/tsq/examples/database/order_tsq.go:86.2,86.107 1 0
github.com/tmoeish/tsq/examples/database/order_tsq.go:86.107,88.3 1 0
github.com/tmoeish/tsq/examples/database/order_tsq.go:90.2,90.12 1 0
github.com/tmoeish/tsq/examples/database/order_tsq.go:94.31,94.49 1 0
github.com/tmoeish/tsq/examples/database/order_tsq.go:97.38,99.2 1 0
github.com/tmoeish/tsq/examples/database/order_tsq.go:117.19,119.61 2 0
github.com/tmoeish/tsq/examples/database/order_tsq.go:119.61,121.28 2 0
github.com/tmoeish/tsq/examples/database/order_tsq.go:122.12,123.14 1 0
github.com/tmoeish/tsq/examples/database/order_tsq.go:124.22,126.14 2 0
github.com/tmoeish/tsq/examples/database/order_tsq.go:127.11,128.28 1 0
github.com/tmoeish/tsq/examples/database/order_tsq.go:139.19,141.56 2 0
github.com/tmoeish/tsq/examples/database/order_tsq.go:141.56,145.3 1 0
github.com/tmoeish/tsq/examples/database/order_tsq.go:146.2,146.31 1 0
github.com/tmoeish/tsq/examples/database/order_tsq.go:155.21,162.62 3 0
github.com/tmoeish/tsq/examples/database/order_tsq.go:162.62,167.17 3 0
github.com/tmoeish/tsq/examples/database/order_tsq.go:167.17,169.4 1 0
github.com/tmoeish/tsq/examples/database/order_tsq.go:170.3,170.13 1 0
github.com/tmoeish/tsq/examples/database/order_tsq.go:180.21,182.24 2 0
github.com/tmoeish/tsq/examples/database/order_tsq.go:182.24,184.3 1 0
github.com/tmoeish/tsq/examples/database/order_tsq.go:185.2,190.62 3 0
github.com/tmoeish/tsq/examples/database/order_tsq.go:190.62,195.17 3 0
github.com/tmoeish/tsq/examples/database/order_tsq.go:195.17,197.4 1 0
github.com/tmoeish/tsq/examples/database/order_tsq.go:199.3,199.26 1 0
github.com/tmoeish/tsq/examples/database/order_tsq.go:199.26,201.4 1 0
github.com/tmoeish/tsq/examples/database/order_tsq.go:202.3,202.21 1 0
github.com/tmoeish/tsq/examples/database/order_tsq.go:202.21,204.25 2 0
github.com/tmoeish/tsq/examples/database/order_tsq.go:204.25,206.5 1 0
github.com/tmoeish/tsq/examples/database/order_tsq.go:207.4,207.60 1 0
github.com/tmoeish/tsq/examples/database/order_tsq.go:209.3,209.13 1 0
github.com/tmoeish/tsq/examples/database/order_tsq.go:222.9,223.56 1 0
github.com/tmoeish/tsq/examples/database/order_tsq.go:223.56,226.17 3 0
github.com/tmoeish/tsq/examples/database/order_tsq.go:226.17,228.4 1 0
github.com/tmoeish/tsq/examples/database/order_tsq.go:230.3,230.13 1 0
github.com/tmoeish/tsq/examples/database/order_tsq.go:239.9,240.56 1 0
github.com/tmoeish/tsq/examples/database/order_tsq.go:240.56,242.17 2 0
github.com/tmoeish/tsq/examples/database/order_tsq.go:242.17,244.4 1 0
github.com/tmoeish/tsq/examples/database/order_tsq.go:246.3,246.13 1 0
github.com/tmoeish/tsq/examples/database/order_tsq.go:254.9,255.56 1 0
github.com/tmoeish/tsq/examples/database/order_tsq.go:255.56,257.17 2 0
github.com/tmoeish/tsq/examples/database/order_tsq.go:257.17,259.4 1 0
github.com/tmoeish/tsq/examples/database/order_tsq.go:261.3,261.13 1 0
github.com/tmoeish/tsq/examples/database/order_tsq.go:271.21,273.62 2 0
github.com/tmoeish/tsq/examples/database/order_tsq.go:273.62,277.3 3 0
github.com/tmoeish/tsq/examples/database/order_tsq.go:287.33,289.60 2 0
github.com/tmoeish/tsq/examples/database/order_tsq.go:289.60,295.3 3 0
github.com/tmoeish/tsq/examples/database/order_tsq.go:311.16,315.60 3 0
github.com/tmoeish/tsq/examples/database/order_tsq.go:315.60,319.3 3 0
github.com/tmoeish/tsq/examples/database/order_tsq.go:326.21,330.62 3 0
github.com/tmoeish/tsq/examples/database/order_tsq.go:330.62,334.3 3 0
github.com/tmoeish/tsq/examples/database/order_tsq.go:342.33,346.60 3 0
github.com/tmoeish/tsq/examples/database/order_tsq.go:346.60,352.3 3 0
github.com/tmoeish/tsq/examples/database/order_tsq.go:375.16,379.60 3 0
github.com/tmoeish/tsq/examples/database/order_tsq.go:379.60,385.3 3 0
github.com/tmoeish/tsq/examples/database/order_tsq.go:393.21,397.62 3 0
github.com/tmoeish/tsq/examples/database/order_tsq.go:397.62,403.3 3 0
github.com/tmoeish/tsq/examples/database/order_tsq.go:412.33,416.60 3 0
github.com/tmoeish/tsq/examples/database/order_tsq.go:416.60,422.3 3 0
github.com/tmoeish/tsq/examples/database/order_tsq.go:430.21,438.56 3 0
github.com/tmoeish/tsq/examples/database/order_tsq.go:438.56,442.3 3 0
github.com/tmoeish/tsq/examples/database/order_tsq.go:443.2,443.32 1 0
github.com/tmoeish/tsq/examples/database/order_tsq.go:460.16,464.60 3 0
github.com/tmoeish/tsq/examples/database/order_tsq.go:464.60,470.3 3 0
github.com/tmoeish/tsq/examples/database/order_tsq.go:478.21,482.62 3 0
github.com/tmoeish/tsq/examples/database/order_tsq.go:482.62,488.3 3 0
github.com/tmoeish/tsq/examples/database/order_tsq.go:497.33,501.60 3 0
github.com/tmoeish/tsq/examples/database/order_tsq.go:501.60,507.3 3 0
github.com/tmoeish/tsq/examples/database/order_tsq.go:526.16,530.60 3 0
github.com/tmoeish/tsq/examples/database/order_tsq.go:530.60,537.3 3 0
github.com/tmoeish/tsq/examples/database/order_tsq.go:546.21,550.62 3 0
github.com/tmoeish/tsq/examples/database/order_tsq.go:550.62,557.3 3 0
github.com/tmoeish/tsq/examples/database/order_tsq.go:567.33,571.60 3 0
github.com/tmoeish/tsq/examples/database/order_tsq.go:571.60,578.3 3 0
github.com/tmoeish/tsq/examples/database/order_tsq.go:587.21,596.56 3 0
github.com/tmoeish/tsq/examples/database/order_tsq.go:596.56,600.3 3 0
github.com/tmoeish/tsq/examples/database/order_tsq.go:601.2,601.32 1 0
github.com/tmoeish/tsq/examples/database/order_tsq.go:609.21,617.56 3 0
github.com/tmoeish/tsq/examples/database/order_tsq.go:617.56,621.3 3 0
github.com/tmoeish/tsq/examples/database/order_tsq.go:622.2,622.32 1 0
github.com/tmoeish/tsq/examples/database/org_tsq.go:19.13,21.2 1 0
github.com/tmoeish/tsq/examples/database/org_tsq.go:35.71,37.3 1 0
github.com/tmoeish/tsq/examples/database/org_tsq.go:38.67,40.3 1 0
github.com/tmoeish/tsq/examples/database/org_tsq.go:41.74,43.3 1 0
github.com/tmoeish/tsq/examples/database/org_tsq.go:47.62,50.21 2 0
github.com/tmoeish/tsq/examples/database/org_tsq.go:50.21,52.3 1 0
github.com/tmoeish/tsq/examples/database/org_tsq.go:54.2,54.85 1 0
github.com/tmoeish/tsq/examples/database/org_tsq.go:54.85,56.3 1 0
github.com/tmoeish/tsq/examples/database/org_tsq.go:58.2,58.12 1 0
github.com/tmoeish/tsq/examples/database/org_tsq.go:62.29,62.45 1 0
github.com/tmoeish/tsq/examples/database/org_tsq.go:65.36,67.2 1 0
github.com/tmoeish/tsq/examples/database/org_tsq.go:85.17,87.61 2 0
github.com/tmoeish/tsq/examples/database/org_tsq.go:87.61,89.28 2 0
github.com/tmoeish/tsq/examples/database/org_tsq.go:90.12,91.14 1 0
github.com/tmoeish/tsq/examples/database/org_tsq.go:92.22,94.14 2 0
github.com/tmoeish/tsq/examples/database/org_tsq.go:95.11,96.28 1 0
github.com/tmoeish/tsq/examples/database/org_tsq.go:107.17,109.56 2 0
github.com/tmoeish/tsq/examples/database/org_tsq.go:109.56,113.3 1 0
github.com/tmoeish/tsq/examples/database/org_tsq.go:114.2,114.31 1 0
github.com/tmoeish/tsq/examples/database/org_tsq.go:123.19,130.62 3 0
github.com/tmoeish/tsq/examples/database/org_tsq.go:130.62,135.17 3 0
github.com/tmoeish/tsq/examples/database/org_tsq.go:135.17,137.4 1 0
github.com/tmoeish/tsq/examples/database/org_tsq.go:138.3,138.13 1 0
github.com/tmoeish/tsq/examples/database/org_tsq.go:148.19,150.24 2 0
github.com/tmoeish/tsq/examples/database/org_tsq.go:150.24,152.3 1 0
github.com/tmoeish/tsq/examples/database/org_tsq.go:153.2,158.62 3 0
github.com/tmoeish/tsq/examples/database/org_tsq.go:158.62,163.17 3 0
github.com/tmoeish/tsq/examples/database/org_tsq.go:163.17,165.4 1 0
github.com/tmoeish/tsq/examples/database/org_tsq.go:167.3,167.26 1 0
github.com/tmoeish/tsq/examples/database/org_tsq.go:167.26,169.4 1 0
github.com/tmoeish/tsq/examples/database/org_tsq.go:170.3,170.21 1 0
github.com/tmoeish/tsq/examples/database/org_tsq.go:170.21,172.25 2 0
github.com/tmoeish/tsq/examples/database/org_tsq.go:172.25,174.5 1 0
github.com/tmoeish/tsq/examples/database/org_tsq.go:175.4,175.58 1 0
github.com/tmoeish/tsq/examples/database/org_tsq.go:177.3,177.13 1 0
github.com/tmoeish/tsq/examples/database/org_tsq.go:190.9,191.56 1 0
github.com/tmoeish/tsq/examples/database/org_tsq.go:191.56,193.17 2 0
github.com/tmoeish/tsq/examples/database/org_tsq.go:193.17,195.4 1 0
github.com/tmoeish/tsq/examples/database/org_tsq.go:197.3,197.13 1 0
github.com/tmoeish/tsq/examples/database/org_tsq.go:206.9,207.56 1 0
github.com/tmoeish/tsq/examples/database/org_tsq.go:207.56,209.17 2 0
github.com/tmoeish/tsq/examples/database/org_tsq.go:209.17,211.4 1 0
github.com/tmoeish/tsq/examples/database/org_tsq.go:213.3,213.13 1 0
github.com/tmoeish/tsq/examples/database/org_tsq.go:221.9,222.56 1 0
github.com/tmoeish/tsq/examples/database/org_tsq.go:222.56,224.17 2 0
github.com/tmoeish/tsq/examples/database/org_tsq.go:224.17,226.4 1 0
github.com/tmoeish/tsq/examples/database/org_tsq.go:228.3,228.13 1 0
github.com/tmoeish/tsq/examples/database/org_tsq.go:238.19,240.62 2 0
github.com/tmoeish/tsq/examples/database/org_tsq.go:240.62,244.3 3 0
github.com/tmoeish/tsq/examples/database/org_tsq.go:254.31,256.60 2 0
github.com/tmoeish/tsq/examples/database/org_tsq.go:256.60,262.3 3 0
github.com/tmoeish/tsq/examples/database/org_tsq.go:278.16,282.60 3 0
github.com/tmoeish/tsq/examples/database/org_tsq.go:282.60,286.3 3 0
github.com/tmoeish/tsq/examples/database/org_tsq.go:293.19,297.62 3 0
github.com/tmoeish/tsq/examples/database/org_tsq.go:297.62,301.3 3 0
github.com/tmoeish/tsq/examples/database/org_tsq.go:309.31,313.60 3 0
github.com/tmoeish/tsq/examples/database/org_tsq.go:313.60,319.3 3 0
github.com/tmoeish/tsq/examples/database/org_tsq.go:339.17,343.61 3 0
github.com/tmoeish/tsq/examples/database/org_tsq.go:343.61,347.28 2 0
github.com/tmoeish/tsq/examples/database/org_tsq.go:348.12,349.14 1 0
github.com/tmoeish/tsq/examples/database/org_tsq.go:350.22,352.14 2 0
github.com/tmoeish/tsq/examples/database/org_tsq.go:353.11,354.28 1 0
github.com/tmoeish/tsq/examples/database/org_tsq.go:365.17,369.61 3 0
github.com/tmoeish/tsq/examples/database/org_tsq.go:369.61,373.3 1 0
github.com/tmoeish/tsq/examples/database/org_tsq.go:381.17,385.60 3 0
github.com/tmoeish/tsq/examples/database/org_tsq.go:385.60,391.3 3 0
github.com/tmoeish/tsq/examples/database/user_tsq.go:19.13,21.2 1 0
github.com/tmoeish/tsq/examples/database/user_tsq.go:37.73,39.3 1 0
github.com/tmoeish/tsq/examples/database/user_tsq.go:40.79,42.3 1 0
github.com/tmoeish/tsq/examples/database/user_tsq.go:43.69,45.3 1 0
github.com/tmoeish/tsq/examples/database/user_tsq.go:46.76,48.3 1 0
github.com/tmoeish/tsq/examples/database/user_tsq.go:49.80,51.3 1 0
github.com/tmoeish/tsq/examples/database/user_tsq.go:55.63,58.21 2 0
github.com/tmoeish/tsq/examples/database/user_tsq.go:58.21,60.3 1 0
github.com/tmoeish/tsq/examples/database/user_tsq.go:62.2,62.87 1 0
github.com/tmoeish/tsq/examples/database/user_tsq.go:62.87,64.3 1 0
github.com/tmoeish/tsq/examples/database/user_tsq.go:66.2,66.12 1 0
github.com/tmoeish/tsq/examples/database/user_tsq.go:70.30,70.47 1 0
github.com/tmoeish/tsq/examples/database/user_tsq.go:73.37,78.2 1 0
github.com/tmoeish/tsq/examples/database/user_tsq.go:96.18,98.61 2 0
github.com/tmoeish/tsq/examples/database/user_tsq.go:98.61,100.28 2 0
github.com/tmoeish/tsq/examples/database/user_tsq.go:101.12,102.14 1 0
github.com/tmoeish/tsq/examples/database/user_tsq.go:103.22,105.14 2 0
github.com/tmoeish/tsq/examples/database/user_tsq.go:106.11,107.28 1 0
github.com/tmoeish/tsq/examples/database/user_tsq.go:118.18,120.56 2 0
github.com/tmoeish/tsq/examples/database/user_tsq.go:120.56,124.3 1 0
github.com/tmoeish/tsq/examples/database/user_tsq.go:125.2,125.31 1 0
github.com/tmoeish/tsq/examples/database/user_tsq.go:134.20,141.62 3 0
github.com/tmoeish/tsq/examples/database/user_tsq.go:141.62,146.17 3 0
github.com/tmoeish/tsq/examples/database/user_tsq.go:146.17,148.4 1 0
github.com/tmoeish/tsq/examples/database/user_tsq.go:149.3,149.13 1 0
github.com/tmoeish/tsq/examples/database/user_tsq.go:159.20,161.24 2 0
github.com/tmoeish/tsq/examples/database/user_tsq.go:161.24,163.3 1 0
github.com/tmoeish/tsq/examples/database/user_tsq.go:164.2,169.62 3 0
github.com/tmoeish/tsq/examples/database/user_tsq.go:169.62,174.17 3 0
github.com/tmoeish/tsq/examples/database/user_tsq.go:174.17,176.4 1 0
github.com/tmoeish/tsq/examples/database/user_tsq.go:178.3,178.26 1 0
github.com/tmoeish/tsq/examples/database/user_tsq.go:178.26,180.4 1 0
github.com/tmoeish/tsq/examples/database/user_tsq.go:181.3,181.21 1 0
github.com/tmoeish/tsq/examples/database/user_tsq.go:181.21,183.25 2 0
github.com/tmoeish/tsq/examples/database/user_tsq.go:183.25,185.5 1 0
github.com/tmoeish/tsq/examples/database/user_tsq.go:186.4,186.59 1 0
github.com/tmoeish/tsq/examples/database/user_tsq.go:188.3,188.13 1 0
github.com/tmoeish/tsq/examples/database/user_tsq.go:201.9,202.56 1 0
github.com/tmoeish/tsq/examples/database/user_tsq.go:202.56,204.17 2 0
github.com/tmoeish/tsq/examples/database/user_tsq.go:204.17,206.4 1 0
github.com/tmoeish/tsq/examples/database/user_tsq.go:208.3,208.13 1 0
github.com/tmoeish/tsq/examples/database/user_tsq.go:217.9,218.56 1 0
github.com/tmoeish/tsq/examples/database/user_tsq.go:218.56,220.17 2 0
github.com/tmoeish/tsq/examples/database/user_tsq.go:220.17,222.4 1 0
github.com/tmoeish/tsq/examples/database/user_tsq.go:224.3,224.13 1 0
github.com/tmoeish/tsq/examples/database/user_tsq.go:232.9,233.56 1 0
github.com/tmoeish/tsq/examples/database/user_tsq.go:233.56,235.17 2 0
github.com/tmoeish/tsq/examples/database/user_tsq.go:235.17,237.4 1 0
github.com/tmoeish/tsq/examples/database/user_tsq.go:239.3,239.13 1 0
github.com/tmoeish/tsq/examples/database/user_tsq.go:249.20,251.62 2 0
github.com/tmoeish/tsq/examples/database/user_tsq.go:251.62,255.3 3 0
github.com/tmoeish/tsq/examples/database/user_tsq.go:265.32,267.60 2 0
github.com/tmoeish/tsq/examples/database/user_tsq.go:267.60,273.3 3 0
github.com/tmoeish/tsq/examples/database/user_tsq.go:289.16,293.60 3 0
github.com/tmoeish/tsq/examples/database/user_tsq.go:293.60,297.3 3 0
github.com/tmoeish/tsq/examples/database/user_tsq.go:304.20,308.62 3 0
github.com/tmoeish/tsq/examples/database/user_tsq.go:308.62,312.3 3 0
github.com/tmoeish/tsq/examples/database/user_tsq.go:320.32,324.60 3 0
github.com/tmoeish/tsq/examples/database/user_tsq.go:324.60,330.3 3 0
github.com/tmoeish/tsq/examples/database/user_tsq.go:350.18,354.61 3 0
github.com/tmoeish/tsq/examples/database/user_tsq.go:354.61,358.28 2 0
github.com/tmoeish/tsq/examples/database/user_tsq.go:359.12,360.14 1 0
github.com/tmoeish/tsq/examples/database/user_tsq.go:361.22,363.14 2 0
github.com/tmoeish/tsq/examples/database/user_tsq.go:364.11,365.28 1 0
github.com/tmoeish/tsq/examples/database/user_tsq.go:376.18,380.61 3 0
github.com/tmoeish/tsq/examples/database/user_tsq.go:380.61,384.3 1 0
github.com/tmoeish/tsq/examples/database/user_tsq.go:392.17,396.60 3 0
github.com/tmoeish/tsq/examples/database/user_tsq.go:396.60,402.3 3 0
github.com/tmoeish/tsq/examples/database/userorder.go:39.37,75.2 3 0
github.com/tmoeish/tsq/examples/database/userorder_dto_tsq.go:13.67,15.3 1 0
github.com/tmoeish/tsq/examples/database/userorder_dto_tsq.go:16.55,18.3 1 0
github.com/tmoeish/tsq/examples/database/userorder_dto_tsq.go:19.59,21.3 1 0
github.com/tmoeish/tsq/examples/database/userorder_dto_tsq.go:22.61,24.3 1 0
github.com/tmoeish/tsq/examples/database/userorder_dto_tsq.go:25.65,27.3 1 0
github.com/tmoeish/tsq/examples/database/userorder_dto_tsq.go:28.57,30.3 1 0
github.com/tmoeish/tsq/examples/database/userorder_dto_tsq.go:31.63,33.3 1 0
github.com/tmoeish/tsq/examples/database/userorder_dto_tsq.go:34.65,36.3 1 0
github.com/tmoeish/tsq/examples/database/userorder_dto_tsq.go:37.59,39.3 1 0
github.com/tmoeish/tsq/examples/database/userorder_dto_tsq.go:40.57,42.3 1 0
github.com/tmoeish/tsq/examples/database/userorder_dto_tsq.go:43.61,45.3 1 0
github.com/tmoeish/tsq/examples/database/userorder_dto_tsq.go:46.55,48.3 1 0
github.com/tmoeish/tsq/examples/database/userorder_dto_tsq.go:49.59,51.3 1 0
github.com/tmoeish/tsq/examples/database/userorder_dto_tsq.go:55.40,71.2 1 0
